<?xml version="1.0" encoding="UTF-8"?>
<testsuite xmlns:xsi="http://www.w3.org/2001/XMLSchema-instance" xsi:noNamespaceSchemaLocation="https://maven.apache.org/surefire/maven-surefire-plugin/xsd/surefire-test-report-3.0.xsd" version="3.0" name="TestSuite" time="1335.586" tests="560" errors="0" skipped="494" failures="15">
  <properties>
[...]
</properties>
  <testcase name="CompanyInfo" classname="tests.CompanyInfoTest" time="20.653">
    <system-err><![CDATA[SLF4J: Failed to load class "org.slf4j.impl.StaticLoggerBinder".
SLF4J: Defaulting to no-operation (NOP) logger implementation
SLF4J: See http://www.slf4j.org/codes.html#StaticLoggerBinder for further details.
Aug 02, 2024 2:20:33 PM org.openqa.selenium.devtools.CdpVersionFinder findNearestMatch
WARNING: Unable to find an exact match for CDP version 127, returning the closest version; found: 126; Please update to a Selenium version that supports CDP version 127
]]></system-err>
  </testcase>
  <testcase name="CompanyInfoExceptBankIFSCCode" classname="tests.CompanyInfoTest" time="19.601">
    <system-err><![CDATA[Aug 02, 2024 2:21:07 PM org.openqa.selenium.devtools.CdpVersionFinder findNearestMatch
WARNING: Unable to find an exact match for CDP version 127, returning the closest version; found: 126; Please update to a Selenium version that supports CDP version 127
]]></system-err>
  </testcase>
  <testcase name="selectValidBusinessCategory" classname="tests.CompanyInfoTest" time="0.416">
    <system-err><![CDATA[Aug 02, 2024 2:21:40 PM org.openqa.selenium.devtools.CdpVersionFinder findNearestMatch
WARNING: Unable to find an exact match for CDP version 127, returning the closest version; found: 126; Please update to a Selenium version that supports CDP version 127
]]></system-err>
  </testcase>
  <testcase name="testAddApplicationWithEmptyMandatoryFields" classname="tests.CompanyInfoTest" time="33.333">
    <system-out><![CDATA[https://stageadmin.appxpay.com/onboarding/cokxgpauql/959
]]></system-out>
    <system-err><![CDATA[Aug 02, 2024 2:21:53 PM org.openqa.selenium.devtools.CdpVersionFinder findNearestMatch
WARNING: Unable to find an exact match for CDP version 127, returning the closest version; found: 126; Please update to a Selenium version that supports CDP version 127
]]></system-err>
  </testcase>
  <testcase name="testAddWebApplicationandCloseButton" classname="tests.CompanyInfoTest" time="37.542">
    <system-out><![CDATA[https://stageadmin.appxpay.com/onboarding/cokxgpauql/960
]]></system-out>
    <system-err><![CDATA[Aug 02, 2024 2:22:40 PM org.openqa.selenium.devtools.CdpVersionFinder findNearestMatch
WARNING: Unable to find an exact match for CDP version 127, returning the closest version; found: 126; Please update to a Selenium version that supports CDP version 127
]]></system-err>
  </testcase>
  <testcase name="testAlphabeticCharactersInBankAccountNumberField" classname="tests.CompanyInfoTest" time="2.177">
    <system-err><![CDATA[Aug 02, 2024 2:23:32 PM org.openqa.selenium.devtools.CdpVersionFinder findNearestMatch
WARNING: Unable to find an exact match for CDP version 127, returning the closest version; found: 126; Please update to a Selenium version that supports CDP version 127
]]></system-err>
  </testcase>
  <testcase name="testCancelButtonIsClickable" classname="tests.CompanyInfoTest" time="10.083">
    <failure message="no such element: Unable to locate element: {&quot;method&quot;:&quot;css selector&quot;,&quot;selector&quot;:&quot;.swal2-cancel.btn.btn-danger&quot;}&#10;  (Session info: chrome=127.0.6533.74)&#10;For documentation on this error, please visit: https://www.selenium.dev/documentation/webdriver/troubleshooting/errors#no-such-element-exception&#10;Build info: version: &apos;4.22.0&apos;, revision: &apos;c5f3146703*&apos;&#10;System info: os.name: &apos;Windows 11&apos;, os.arch: &apos;amd64&apos;, os.version: &apos;10.0&apos;, java.version: &apos;21.0.3&apos;&#10;Driver info: org.openqa.selenium.chrome.ChromeDriver&#10;Command: [ef89db17a34b6c0596094180fc082dce, findElement {using=css selector, value=.swal2-cancel.btn.btn-danger}]&#10;Capabilities {acceptInsecureCerts: false, browserName: chrome, browserVersion: 127.0.6533.74, chrome: {chromedriverVersion: 127.0.6533.88 (a2d0cb026721..., userDataDir: C:\Windows\SystemTemp\scope...}, fedcm:accounts: true, goog:chromeOptions: {debuggerAddress: localhost:55965}, networkConnectionEnabled: false, pageLoadStrategy: normal, platformName: windows, proxy: Proxy(), se:cdp: ws://localhost:55965/devtoo..., se:cdpVersion: 127.0.6533.74, setWindowRect: true, strictFileInteractability: false, timeouts: {implicit: 0, pageLoad: 300000, script: 30000}, unhandledPromptBehavior: dismiss and notify, webauthn:extension:credBlob: true, webauthn:extension:largeBlob: true, webauthn:extension:minPinLength: true, webauthn:extension:prf: true, webauthn:virtualAuthenticators: true}&#10;Session ID: ef89db17a34b6c0596094180fc082dce" type="org.openqa.selenium.NoSuchElementException"><![CDATA[org.openqa.selenium.NoSuchElementException: 
no such element: Unable to locate element: {"method":"css selector","selector":".swal2-cancel.btn.btn-danger"}
  (Session info: chrome=127.0.6533.74)
For documentation on this error, please visit: https://www.selenium.dev/documentation/webdriver/troubleshooting/errors#no-such-element-exception
Build info: version: '4.22.0', revision: 'c5f3146703*'
System info: os.name: 'Windows 11', os.arch: 'amd64', os.version: '10.0', java.version: '21.0.3'
Driver info: org.openqa.selenium.chrome.ChromeDriver
Command: [ef89db17a34b6c0596094180fc082dce, findElement {using=css selector, value=.swal2-cancel.btn.btn-danger}]
Capabilities {acceptInsecureCerts: false, browserName: chrome, browserVersion: 127.0.6533.74, chrome: {chromedriverVersion: 127.0.6533.88 (a2d0cb026721..., userDataDir: C:\Windows\SystemTemp\scope...}, fedcm:accounts: true, goog:chromeOptions: {debuggerAddress: localhost:55965}, networkConnectionEnabled: false, pageLoadStrategy: normal, platformName: windows, proxy: Proxy(), se:cdp: ws://localhost:55965/devtoo..., se:cdpVersion: 127.0.6533.74, setWindowRect: true, strictFileInteractability: false, timeouts: {implicit: 0, pageLoad: 300000, script: 30000}, unhandledPromptBehavior: dismiss and notify, webauthn:extension:credBlob: true, webauthn:extension:largeBlob: true, webauthn:extension:minPinLength: true, webauthn:extension:prf: true, webauthn:virtualAuthenticators: true}
Session ID: ef89db17a34b6c0596094180fc082dce
	at java.base/jdk.internal.reflect.DirectConstructorHandleAccessor.newInstance(DirectConstructorHandleAccessor.java:62)
	at java.base/java.lang.reflect.Constructor.newInstanceWithCaller(Constructor.java:502)
	at java.base/java.lang.reflect.Constructor.newInstance(Constructor.java:486)
	at org.openqa.selenium.remote.ErrorCodec.decode(ErrorCodec.java:167)
	at org.openqa.selenium.remote.codec.w3c.W3CHttpResponseCodec.decode(W3CHttpResponseCodec.java:138)
	at org.openqa.selenium.remote.codec.w3c.W3CHttpResponseCodec.decode(W3CHttpResponseCodec.java:50)
	at org.openqa.selenium.remote.HttpCommandExecutor.execute(HttpCommandExecutor.java:190)
	at org.openqa.selenium.remote.service.DriverCommandExecutor.invokeExecute(DriverCommandExecutor.java:216)
	at org.openqa.selenium.remote.service.DriverCommandExecutor.execute(DriverCommandExecutor.java:174)
	at org.openqa.selenium.remote.RemoteWebDriver.execute(RemoteWebDriver.java:518)
	at org.openqa.selenium.remote.ElementLocation$ElementFinder$2.findElement(ElementLocation.java:165)
	at org.openqa.selenium.remote.ElementLocation.findElement(ElementLocation.java:59)
	at org.openqa.selenium.remote.RemoteWebDriver.findElement(RemoteWebDriver.java:355)
	at org.openqa.selenium.remote.RemoteWebDriver.findElement(RemoteWebDriver.java:349)
	at pages.MerchantOnboardPage.isCancelButtonEnabled(MerchantOnboardPage.java:923)
	at tests.CompanyInfoTest.testCancelButtonIsClickable(CompanyInfoTest.java:1003)
	at java.base/jdk.internal.reflect.DirectMethodHandleAccessor.invoke(DirectMethodHandleAccessor.java:103)
	at java.base/java.lang.reflect.Method.invoke(Method.java:580)
	at org.testng.internal.invokers.MethodInvocationHelper.invokeMethod(MethodInvocationHelper.java:141)
	at org.testng.internal.invokers.TestInvoker.invokeMethod(TestInvoker.java:686)
	at org.testng.internal.invokers.TestInvoker.invokeTestMethod(TestInvoker.java:230)
	at org.testng.internal.invokers.MethodRunner.runInSequence(MethodRunner.java:63)
	at org.testng.internal.invokers.TestInvoker$MethodInvocationAgent.invoke(TestInvoker.java:992)
	at org.testng.internal.invokers.TestInvoker.invokeTestMethods(TestInvoker.java:203)
	at org.testng.internal.invokers.TestMethodWorker.invokeTestMethods(TestMethodWorker.java:154)
	at org.testng.internal.invokers.TestMethodWorker.run(TestMethodWorker.java:134)
	at java.base/java.util.ArrayList.forEach(ArrayList.java:1596)
	at org.testng.TestRunner.privateRun(TestRunner.java:739)
	at org.testng.TestRunner.run(TestRunner.java:614)
	at org.testng.SuiteRunner.runTest(SuiteRunner.java:421)
	at org.testng.SuiteRunner.runSequentially(SuiteRunner.java:413)
	at org.testng.SuiteRunner.privateRun(SuiteRunner.java:373)
	at org.testng.SuiteRunner.run(SuiteRunner.java:312)
	at org.testng.SuiteRunnerWorker.runSuite(SuiteRunnerWorker.java:52)
	at org.testng.SuiteRunnerWorker.run(SuiteRunnerWorker.java:95)
	at org.testng.TestNG.runSuitesSequentially(TestNG.java:1274)
	at org.testng.TestNG.runSuitesLocally(TestNG.java:1208)
	at org.testng.TestNG.runSuites(TestNG.java:1112)
	at org.testng.TestNG.run(TestNG.java:1079)
	at org.apache.maven.surefire.testng.TestNGExecutor.run(TestNGExecutor.java:155)
	at org.apache.maven.surefire.testng.TestNGDirectoryTestSuite.executeMulti(TestNGDirectoryTestSuite.java:169)
	at org.apache.maven.surefire.testng.TestNGDirectoryTestSuite.execute(TestNGDirectoryTestSuite.java:88)
	at org.apache.maven.surefire.testng.TestNGProvider.invoke(TestNGProvider.java:137)
	at org.apache.maven.surefire.booter.ForkedBooter.runSuitesInProcess(ForkedBooter.java:385)
	at org.apache.maven.surefire.booter.ForkedBooter.execute(ForkedBooter.java:162)
	at org.apache.maven.surefire.booter.ForkedBooter.run(ForkedBooter.java:507)
	at org.apache.maven.surefire.booter.ForkedBooter.main(ForkedBooter.java:495)
]]></failure>
    <system-err><![CDATA[Aug 02, 2024 2:23:50 PM org.openqa.selenium.devtools.CdpVersionFinder findNearestMatch
WARNING: Unable to find an exact match for CDP version 127, returning the closest version; found: 126; Please update to a Selenium version that supports CDP version 127
]]></system-err>
  </testcase>
  <testcase name="testChangeOrderPrefix" classname="tests.CompanyInfoTest" time="36.509">
    <system-out><![CDATA[https://stageadmin.appxpay.com/onboarding/cokxgpauql/963
ORD1669925
invalid element state
  (Session info: chrome=127.0.6533.74)
Build info: version: '4.22.0', revision: 'c5f3146703*'
System info: os.name: 'Windows 11', os.arch: 'amd64', os.version: '10.0', java.version: '21.0.3'
Driver info: org.openqa.selenium.chrome.ChromeDriver
Command: [4727955620b54edb8ab0353721c6861e, clearElement {id=f.3E562E410A9B1247D23BF17523BC0358.d.7109D9462F10F8B9BF19154E040DC585.e.699}]
Capabilities {acceptInsecureCerts: false, browserName: chrome, browserVersion: 127.0.6533.74, chrome: {chromedriverVersion: 127.0.6533.88 (a2d0cb026721..., userDataDir: C:\Windows\SystemTemp\scope...}, fedcm:accounts: true, goog:chromeOptions: {debuggerAddress: localhost:56021}, networkConnectionEnabled: false, pageLoadStrategy: normal, platformName: windows, proxy: Proxy(), se:cdp: ws://localhost:56021/devtoo..., se:cdpVersion: 127.0.6533.74, setWindowRect: true, strictFileInteractability: false, timeouts: {implicit: 0, pageLoad: 300000, script: 30000}, unhandledPromptBehavior: dismiss and notify, webauthn:extension:credBlob: true, webauthn:extension:largeBlob: true, webauthn:extension:minPinLength: true, webauthn:extension:prf: true, webauthn:virtualAuthenticators: true}
Element: [[ChromeDriver: chrome on windows (4727955620b54edb8ab0353721c6861e)] -> id: order_prefix]
Session ID: 4727955620b54edb8ab0353721c6861e
]]></system-out>
    <system-err><![CDATA[Aug 02, 2024 2:24:14 PM org.openqa.selenium.devtools.CdpVersionFinder findNearestMatch
WARNING: Unable to find an exact match for CDP version 127, returning the closest version; found: 126; Please update to a Selenium version that supports CDP version 127
]]></system-err>
  </testcase>
  <testcase name="testClickCloseButton" classname="tests.CompanyInfoTest" time="32.819">
    <system-out><![CDATA[https://stageadmin.appxpay.com/onboarding/cokxgpauql/964
]]></system-out>
    <system-err><![CDATA[Aug 02, 2024 2:25:05 PM org.openqa.selenium.devtools.CdpVersionFinder findNearestMatch
WARNING: Unable to find an exact match for CDP version 127, returning the closest version; found: 126; Please update to a Selenium version that supports CDP version 127
]]></system-err>
  </testcase>
  <testcase name="companyPage" classname="tests.CompanyInfoTest" time="43.094">
    <failure message="element not interactable&#10;  (Session info: chrome=127.0.6533.74)&#10;Build info: version: &apos;4.22.0&apos;, revision: &apos;c5f3146703*&apos;&#10;System info: os.name: &apos;Windows 11&apos;, os.arch: &apos;amd64&apos;, os.version: &apos;10.0&apos;, java.version: &apos;21.0.3&apos;&#10;Driver info: org.openqa.selenium.chrome.ChromeDriver&#10;Command: [f7a1dfb568ee62d28ec442db09b58080, clickElement {id=f.3F3541340776F07128B1B1372060A52F.d.533796638396631D9A2077E73F56EAA2.e.30}]&#10;Capabilities {acceptInsecureCerts: false, browserName: chrome, browserVersion: 127.0.6533.74, chrome: {chromedriverVersion: 127.0.6533.88 (a2d0cb026721..., userDataDir: C:\Windows\SystemTemp\scope...}, fedcm:accounts: true, goog:chromeOptions: {debuggerAddress: localhost:56133}, networkConnectionEnabled: false, pageLoadStrategy: normal, platformName: windows, proxy: Proxy(), se:cdp: ws://localhost:56133/devtoo..., se:cdpVersion: 127.0.6533.74, setWindowRect: true, strictFileInteractability: false, timeouts: {implicit: 0, pageLoad: 300000, script: 30000}, unhandledPromptBehavior: dismiss and notify, webauthn:extension:credBlob: true, webauthn:extension:largeBlob: true, webauthn:extension:minPinLength: true, webauthn:extension:prf: true, webauthn:virtualAuthenticators: true}&#10;Element: [[ChromeDriver: chrome on windows (f7a1dfb568ee62d28ec442db09b58080)] -&gt; id: otp-match-now]&#10;Session ID: f7a1dfb568ee62d28ec442db09b58080" type="org.openqa.selenium.ElementNotInteractableException"><![CDATA[org.openqa.selenium.ElementNotInteractableException: 
element not interactable
  (Session info: chrome=127.0.6533.74)
Build info: version: '4.22.0', revision: 'c5f3146703*'
System info: os.name: 'Windows 11', os.arch: 'amd64', os.version: '10.0', java.version: '21.0.3'
Driver info: org.openqa.selenium.chrome.ChromeDriver
Command: [f7a1dfb568ee62d28ec442db09b58080, clickElement {id=f.3F3541340776F07128B1B1372060A52F.d.533796638396631D9A2077E73F56EAA2.e.30}]
Capabilities {acceptInsecureCerts: false, browserName: chrome, browserVersion: 127.0.6533.74, chrome: {chromedriverVersion: 127.0.6533.88 (a2d0cb026721..., userDataDir: C:\Windows\SystemTemp\scope...}, fedcm:accounts: true, goog:chromeOptions: {debuggerAddress: localhost:56133}, networkConnectionEnabled: false, pageLoadStrategy: normal, platformName: windows, proxy: Proxy(), se:cdp: ws://localhost:56133/devtoo..., se:cdpVersion: 127.0.6533.74, setWindowRect: true, strictFileInteractability: false, timeouts: {implicit: 0, pageLoad: 300000, script: 30000}, unhandledPromptBehavior: dismiss and notify, webauthn:extension:credBlob: true, webauthn:extension:largeBlob: true, webauthn:extension:minPinLength: true, webauthn:extension:prf: true, webauthn:virtualAuthenticators: true}
Element: [[ChromeDriver: chrome on windows (f7a1dfb568ee62d28ec442db09b58080)] -> id: otp-match-now]
Session ID: f7a1dfb568ee62d28ec442db09b58080
	at java.base/jdk.internal.reflect.DirectConstructorHandleAccessor.newInstance(DirectConstructorHandleAccessor.java:62)
	at java.base/java.lang.reflect.Constructor.newInstanceWithCaller(Constructor.java:502)
	at java.base/java.lang.reflect.Constructor.newInstance(Constructor.java:486)
	at org.openqa.selenium.remote.ErrorCodec.decode(ErrorCodec.java:167)
	at org.openqa.selenium.remote.codec.w3c.W3CHttpResponseCodec.decode(W3CHttpResponseCodec.java:138)
	at org.openqa.selenium.remote.codec.w3c.W3CHttpResponseCodec.decode(W3CHttpResponseCodec.java:50)
	at org.openqa.selenium.remote.HttpCommandExecutor.execute(HttpCommandExecutor.java:190)
	at org.openqa.selenium.remote.service.DriverCommandExecutor.invokeExecute(DriverCommandExecutor.java:216)
	at org.openqa.selenium.remote.service.DriverCommandExecutor.execute(DriverCommandExecutor.java:174)
	at org.openqa.selenium.remote.RemoteWebDriver.execute(RemoteWebDriver.java:518)
	at org.openqa.selenium.remote.RemoteWebElement.execute(RemoteWebElement.java:223)
	at org.openqa.selenium.remote.RemoteWebElement.click(RemoteWebElement.java:76)
	at pages.DashboardPage.enterSubmitbtn(DashboardPage.java:25)
	at tests.CompanyInfoTest.companyPage(CompanyInfoTest.java:23)
	at java.base/jdk.internal.reflect.DirectMethodHandleAccessor.invoke(DirectMethodHandleAccessor.java:103)
	at java.base/java.lang.reflect.Method.invoke(Method.java:580)
	at org.testng.internal.invokers.MethodInvocationHelper.invokeMethod(MethodInvocationHelper.java:141)
	at org.testng.internal.invokers.MethodInvocationHelper.invokeMethodConsideringTimeout(MethodInvocationHelper.java:71)
	at org.testng.internal.invokers.ConfigInvoker.invokeConfigurationMethod(ConfigInvoker.java:400)
	at org.testng.internal.invokers.ConfigInvoker.invokeConfigurations(ConfigInvoker.java:333)
	at org.testng.internal.invokers.TestInvoker.runConfigMethods(TestInvoker.java:833)
	at org.testng.internal.invokers.TestInvoker.invokeMethod(TestInvoker.java:600)
	at org.testng.internal.invokers.TestInvoker.invokeTestMethod(TestInvoker.java:230)
	at org.testng.internal.invokers.MethodRunner.runInSequence(MethodRunner.java:63)
	at org.testng.internal.invokers.TestInvoker$MethodInvocationAgent.invoke(TestInvoker.java:992)
	at org.testng.internal.invokers.TestInvoker.invokeTestMethods(TestInvoker.java:203)
	at org.testng.internal.invokers.TestMethodWorker.invokeTestMethods(TestMethodWorker.java:154)
	at org.testng.internal.invokers.TestMethodWorker.run(TestMethodWorker.java:134)
	at java.base/java.util.ArrayList.forEach(ArrayList.java:1596)
	at org.testng.TestRunner.privateRun(TestRunner.java:739)
	at org.testng.TestRunner.run(TestRunner.java:614)
	at org.testng.SuiteRunner.runTest(SuiteRunner.java:421)
	at org.testng.SuiteRunner.runSequentially(SuiteRunner.java:413)
	at org.testng.SuiteRunner.privateRun(SuiteRunner.java:373)
	at org.testng.SuiteRunner.run(SuiteRunner.java:312)
	at org.testng.SuiteRunnerWorker.runSuite(SuiteRunnerWorker.java:52)
	at org.testng.SuiteRunnerWorker.run(SuiteRunnerWorker.java:95)
	at org.testng.TestNG.runSuitesSequentially(TestNG.java:1274)
	at org.testng.TestNG.runSuitesLocally(TestNG.java:1208)
	at org.testng.TestNG.runSuites(TestNG.java:1112)
	at org.testng.TestNG.run(TestNG.java:1079)
	at org.apache.maven.surefire.testng.TestNGExecutor.run(TestNGExecutor.java:155)
	at org.apache.maven.surefire.testng.TestNGDirectoryTestSuite.executeMulti(TestNGDirectoryTestSuite.java:169)
	at org.apache.maven.surefire.testng.TestNGDirectoryTestSuite.execute(TestNGDirectoryTestSuite.java:88)
	at org.apache.maven.surefire.testng.TestNGProvider.invoke(TestNGProvider.java:137)
	at org.apache.maven.surefire.booter.ForkedBooter.runSuitesInProcess(ForkedBooter.java:385)
	at org.apache.maven.surefire.booter.ForkedBooter.execute(ForkedBooter.java:162)
	at org.apache.maven.surefire.booter.ForkedBooter.run(ForkedBooter.java:507)
	at org.apache.maven.surefire.booter.ForkedBooter.main(ForkedBooter.java:495)
]]></failure>
    <system-err><![CDATA[Aug 02, 2024 2:25:52 PM org.openqa.selenium.devtools.CdpVersionFinder findNearestMatch
WARNING: Unable to find an exact match for CDP version 127, returning the closest version; found: 126; Please update to a Selenium version that supports CDP version 127
]]></system-err>
  </testcase>
  <testcase name="companyPage" classname="tests.CompanyInfoTest" time="0.0">
    <skipped/>
  </testcase>
  <testcase name="companyPage" classname="tests.CompanyInfoTest" time="0.0">
    <skipped/>
  </testcase>
  <testcase name="companyPage" classname="tests.CompanyInfoTest" time="0.0">
    <skipped/>
  </testcase>
  <testcase name="companyPage" classname="tests.CompanyInfoTest" time="0.0">
    <skipped/>
  </testcase>
  <testcase name="companyPage" classname="tests.CompanyInfoTest" time="0.0">
    <skipped/>
  </testcase>
  <testcase name="companyPage" classname="tests.CompanyInfoTest" time="0.0">
    <skipped/>
  </testcase>
  <testcase name="companyPage" classname="tests.CompanyInfoTest" time="0.0">
    <skipped/>
  </testcase>
  <testcase name="companyPage" classname="tests.CompanyInfoTest" time="0.0">
    <skipped/>
  </testcase>
  <testcase name="companyPage" classname="tests.CompanyInfoTest" time="0.0">
    <skipped/>
  </testcase>
  <testcase name="companyPage" classname="tests.CompanyInfoTest" time="0.0">
    <skipped/>
  </testcase>
  <testcase name="companyPage" classname="tests.CompanyInfoTest" time="0.0">
    <skipped/>
  </testcase>
  <testcase name="companyPage" classname="tests.CompanyInfoTest" time="0.0">
    <skipped/>
  </testcase>
  <testcase name="companyPage" classname="tests.CompanyInfoTest" time="0.0">
    <skipped/>
  </testcase>
  <testcase name="companyPage" classname="tests.CompanyInfoTest" time="0.0">
    <skipped/>
  </testcase>
  <testcase name="companyPage" classname="tests.CompanyInfoTest" time="0.0">
    <skipped/>
  </testcase>
  <testcase name="companyPage" classname="tests.CompanyInfoTest" time="0.0">
    <skipped/>
  </testcase>
  <testcase name="companyPage" classname="tests.CompanyInfoTest" time="0.0">
    <skipped/>
  </testcase>
  <testcase name="companyPage" classname="tests.CompanyInfoTest" time="0.0">
    <skipped/>
  </testcase>
  <testcase name="companyPage" classname="tests.CompanyInfoTest" time="0.0">
    <skipped/>
  </testcase>
  <testcase name="companyPage" classname="tests.CompanyInfoTest" time="0.0">
    <skipped/>
  </testcase>
  <testcase name="companyPage" classname="tests.CompanyInfoTest" time="0.0">
    <skipped/>
  </testcase>
  <testcase name="companyPage" classname="tests.CompanyInfoTest" time="0.0">
    <skipped/>
  </testcase>
  <testcase name="companyPage" classname="tests.CompanyInfoTest" time="0.0">
    <skipped/>
  </testcase>
  <testcase name="companyPage" classname="tests.CompanyInfoTest" time="0.0">
    <skipped/>
  </testcase>
  <testcase name="companyPage" classname="tests.CompanyInfoTest" time="0.0">
    <skipped/>
  </testcase>
  <testcase name="companyPage" classname="tests.CompanyInfoTest" time="0.0">
    <skipped/>
  </testcase>
  <testcase name="companyPage" classname="tests.CompanyInfoTest" time="0.0">
    <skipped/>
  </testcase>
  <testcase name="companyPage" classname="tests.CompanyInfoTest" time="0.0">
    <skipped/>
  </testcase>
  <testcase name="companyPage" classname="tests.CompanyInfoTest" time="0.0">
    <skipped/>
  </testcase>
  <testcase name="companyPage" classname="tests.CompanyInfoTest" time="0.0">
    <skipped/>
  </testcase>
  <testcase name="companyPage" classname="tests.CompanyInfoTest" time="0.0">
    <skipped/>
  </testcase>
  <testcase name="companyPage" classname="tests.CompanyInfoTest" time="0.0">
    <skipped/>
  </testcase>
  <testcase name="companyPage" classname="tests.CompanyInfoTest" time="0.0">
    <skipped/>
  </testcase>
  <testcase name="companyPage" classname="tests.CompanyInfoTest" time="0.0">
    <skipped/>
  </testcase>
  <testcase name="companyPage" classname="tests.CompanyInfoTest" time="0.0">
    <skipped/>
  </testcase>
  <testcase name="companyPage" classname="tests.CompanyInfoTest" time="0.0">
    <skipped/>
  </testcase>
  <testcase name="companyPage" classname="tests.CompanyInfoTest" time="0.0">
    <skipped/>
  </testcase>
  <testcase name="companyPage" classname="tests.CompanyInfoTest" time="0.0">
    <skipped/>
  </testcase>
  <testcase name="companyPage" classname="tests.CompanyInfoTest" time="0.0">
    <skipped/>
  </testcase>
  <testcase name="companyPage" classname="tests.CompanyInfoTest" time="0.0">
    <skipped/>
  </testcase>
  <testcase name="companyPage" classname="tests.CompanyInfoTest" time="0.0">
    <skipped/>
  </testcase>
  <testcase name="companyPage" classname="tests.CompanyInfoTest" time="0.0">
    <skipped/>
  </testcase>
  <testcase name="companyPage" classname="tests.CompanyInfoTest" time="0.0">
    <skipped/>
  </testcase>
  <testcase name="companyPage" classname="tests.CompanyInfoTest" time="0.0">
    <skipped/>
  </testcase>
  <testcase name="companyPage" classname="tests.CompanyInfoTest" time="0.0">
    <skipped/>
  </testcase>
  <testcase name="companyPage" classname="tests.CompanyInfoTest" time="0.0">
    <skipped/>
  </testcase>
  <testcase name="companyPage" classname="tests.CompanyInfoTest" time="0.0">
    <skipped/>
  </testcase>
  <testcase name="companyPage" classname="tests.CompanyInfoTest" time="0.0">
    <skipped/>
  </testcase>
  <testcase name="companyPage" classname="tests.CompanyInfoTest" time="0.0">
    <skipped/>
  </testcase>
  <testcase name="companyPage" classname="tests.CompanyInfoTest" time="0.0">
    <skipped/>
  </testcase>
  <testcase name="companyPage" classname="tests.CompanyInfoTest" time="0.0">
    <skipped/>
  </testcase>
  <testcase name="companyPage" classname="tests.CompanyInfoTest" time="0.0">
    <skipped/>
  </testcase>
  <testcase name="companyPage" classname="tests.CompanyInfoTest" time="0.0">
    <skipped/>
  </testcase>
  <testcase name="companyPage" classname="tests.CompanyInfoTest" time="0.0">
    <skipped/>
  </testcase>
  <testcase name="companyPage" classname="tests.CompanyInfoTest" time="0.0">
    <skipped/>
  </testcase>
  <testcase name="companyPage" classname="tests.CompanyInfoTest" time="0.0">
    <skipped/>
  </testcase>
  <testcase name="companyPage" classname="tests.CompanyInfoTest" time="0.0">
    <skipped/>
  </testcase>
  <testcase name="companyPage" classname="tests.CompanyInfoTest" time="0.0">
    <skipped/>
  </testcase>
  <testcase name="companyPage" classname="tests.CompanyInfoTest" time="0.0">
    <skipped/>
  </testcase>
  <testcase name="companyPage" classname="tests.CompanyInfoTest" time="0.0">
    <skipped/>
  </testcase>
  <testcase name="companyPage" classname="tests.CompanyInfoTest" time="0.0">
    <skipped/>
  </testcase>
  <testcase name="companyPage" classname="tests.CompanyInfoTest" time="0.0">
    <skipped/>
  </testcase>
  <testcase name="companyPage" classname="tests.CompanyInfoTest" time="0.0">
    <skipped/>
  </testcase>
  <testcase name="companyPage" classname="tests.CompanyInfoTest" time="0.0">
    <skipped/>
  </testcase>
  <testcase name="companyPage" classname="tests.CompanyInfoTest" time="0.0">
    <skipped/>
  </testcase>
  <testcase name="companyPage" classname="tests.CompanyInfoTest" time="0.0">
    <skipped/>
  </testcase>
  <testcase name="companyPage" classname="tests.CompanyInfoTest" time="0.0">
    <skipped/>
  </testcase>
  <testcase name="companyPage" classname="tests.CompanyInfoTest" time="0.0">
    <skipped/>
  </testcase>
  <testcase name="companyPage" classname="tests.CompanyInfoTest" time="0.0">
    <skipped/>
  </testcase>
  <testcase name="companyPage" classname="tests.CompanyInfoTest" time="0.0">
    <skipped/>
  </testcase>
  <testcase name="companyPage" classname="tests.CompanyInfoTest" time="0.0">
    <skipped/>
  </testcase>
  <testcase name="testClickCompanyInfoTab" classname="tests.CompanyInfoTest" time="0.0">
    <skipped message="element not interactable&#10;  (Session info: chrome=127.0.6533.74)&#10;Build info: version: &apos;4.22.0&apos;, revision: &apos;c5f3146703*&apos;&#10;System info: os.name: &apos;Windows 11&apos;, os.arch: &apos;amd64&apos;, os.version: &apos;10.0&apos;, java.version: &apos;21.0.3&apos;&#10;Driver info: org.openqa.selenium.chrome.ChromeDriver&#10;Command: [f7a1dfb568ee62d28ec442db09b58080, clickElement {id=f.3F3541340776F07128B1B1372060A52F.d.533796638396631D9A2077E73F56EAA2.e.30}]&#10;Capabilities {acceptInsecureCerts: false, browserName: chrome, browserVersion: 127.0.6533.74, chrome: {chromedriverVersion: 127.0.6533.88 (a2d0cb026721..., userDataDir: C:\Windows\SystemTemp\scope...}, fedcm:accounts: true, goog:chromeOptions: {debuggerAddress: localhost:56133}, networkConnectionEnabled: false, pageLoadStrategy: normal, platformName: windows, proxy: Proxy(), se:cdp: ws://localhost:56133/devtoo..., se:cdpVersion: 127.0.6533.74, setWindowRect: true, strictFileInteractability: false, timeouts: {implicit: 0, pageLoad: 300000, script: 30000}, unhandledPromptBehavior: dismiss and notify, webauthn:extension:credBlob: true, webauthn:extension:largeBlob: true, webauthn:extension:minPinLength: true, webauthn:extension:prf: true, webauthn:virtualAuthenticators: true}&#10;Element: [[ChromeDriver: chrome on windows (f7a1dfb568ee62d28ec442db09b58080)] -&gt; id: otp-match-now]&#10;Session ID: f7a1dfb568ee62d28ec442db09b58080"/>
  </testcase>
  <testcase name="tearDown" classname="tests.CompanyInfoTest" time="0.0">
    <skipped/>
  </testcase>
  <testcase name="tearDown" classname="tests.CompanyInfoTest" time="0.0">
    <skipped/>
  </testcase>
  <testcase name="tearDown" classname="tests.CompanyInfoTest" time="0.0">
    <skipped/>
  </testcase>
  <testcase name="tearDown" classname="tests.CompanyInfoTest" time="0.0">
    <skipped/>
  </testcase>
  <testcase name="tearDown" classname="tests.CompanyInfoTest" time="0.0">
    <skipped/>
  </testcase>
  <testcase name="tearDown" classname="tests.CompanyInfoTest" time="0.0">
    <skipped/>
  </testcase>
  <testcase name="tearDown" classname="tests.CompanyInfoTest" time="0.0">
    <skipped/>
  </testcase>
  <testcase name="tearDown" classname="tests.CompanyInfoTest" time="0.0">
    <skipped/>
  </testcase>
  <testcase name="tearDown" classname="tests.CompanyInfoTest" time="0.0">
    <skipped/>
  </testcase>
  <testcase name="tearDown" classname="tests.CompanyInfoTest" time="0.0">
    <skipped/>
  </testcase>
  <testcase name="tearDown" classname="tests.CompanyInfoTest" time="0.0">
    <skipped/>
  </testcase>
  <testcase name="tearDown" classname="tests.CompanyInfoTest" time="0.0">
    <skipped/>
  </testcase>
  <testcase name="tearDown" classname="tests.CompanyInfoTest" time="0.0">
    <skipped/>
  </testcase>
  <testcase name="tearDown" classname="tests.CompanyInfoTest" time="0.0">
    <skipped/>
  </testcase>
  <testcase name="tearDown" classname="tests.CompanyInfoTest" time="0.0">
    <skipped/>
  </testcase>
  <testcase name="tearDown" classname="tests.CompanyInfoTest" time="0.0">
    <skipped/>
  </testcase>
  <testcase name="tearDown" classname="tests.CompanyInfoTest" time="0.0">
    <skipped/>
  </testcase>
  <testcase name="tearDown" classname="tests.CompanyInfoTest" time="0.0">
    <skipped/>
  </testcase>
  <testcase name="tearDown" classname="tests.CompanyInfoTest" time="0.0">
    <skipped/>
  </testcase>
  <testcase name="tearDown" classname="tests.CompanyInfoTest" time="0.0">
    <skipped/>
  </testcase>
  <testcase name="tearDown" classname="tests.CompanyInfoTest" time="0.0">
    <skipped/>
  </testcase>
  <testcase name="tearDown" classname="tests.CompanyInfoTest" time="0.0">
    <skipped/>
  </testcase>
  <testcase name="tearDown" classname="tests.CompanyInfoTest" time="0.0">
    <skipped/>
  </testcase>
  <testcase name="tearDown" classname="tests.CompanyInfoTest" time="0.0">
    <skipped/>
  </testcase>
  <testcase name="tearDown" classname="tests.CompanyInfoTest" time="0.0">
    <skipped/>
  </testcase>
  <testcase name="tearDown" classname="tests.CompanyInfoTest" time="0.0">
    <skipped/>
  </testcase>
  <testcase name="tearDown" classname="tests.CompanyInfoTest" time="0.0">
    <skipped/>
  </testcase>
  <testcase name="tearDown" classname="tests.CompanyInfoTest" time="0.0">
    <skipped/>
  </testcase>
  <testcase name="tearDown" classname="tests.CompanyInfoTest" time="0.0">
    <skipped/>
  </testcase>
  <testcase name="tearDown" classname="tests.CompanyInfoTest" time="0.0">
    <skipped/>
  </testcase>
  <testcase name="tearDown" classname="tests.CompanyInfoTest" time="0.0">
    <skipped/>
  </testcase>
  <testcase name="tearDown" classname="tests.CompanyInfoTest" time="0.0">
    <skipped/>
  </testcase>
  <testcase name="tearDown" classname="tests.CompanyInfoTest" time="0.0">
    <skipped/>
  </testcase>
  <testcase name="tearDown" classname="tests.CompanyInfoTest" time="0.0">
    <skipped/>
  </testcase>
  <testcase name="tearDown" classname="tests.CompanyInfoTest" time="0.0">
    <skipped/>
  </testcase>
  <testcase name="tearDown" classname="tests.CompanyInfoTest" time="0.0">
    <skipped/>
  </testcase>
  <testcase name="tearDown" classname="tests.CompanyInfoTest" time="0.0">
    <skipped/>
  </testcase>
  <testcase name="tearDown" classname="tests.CompanyInfoTest" time="0.0">
    <skipped/>
  </testcase>
  <testcase name="tearDown" classname="tests.CompanyInfoTest" time="0.0">
    <skipped/>
  </testcase>
  <testcase name="tearDown" classname="tests.CompanyInfoTest" time="0.0">
    <skipped/>
  </testcase>
  <testcase name="tearDown" classname="tests.CompanyInfoTest" time="0.0">
    <skipped/>
  </testcase>
  <testcase name="tearDown" classname="tests.CompanyInfoTest" time="0.0">
    <skipped/>
  </testcase>
  <testcase name="tearDown" classname="tests.CompanyInfoTest" time="0.0">
    <skipped/>
  </testcase>
  <testcase name="tearDown" classname="tests.CompanyInfoTest" time="0.0">
    <skipped/>
  </testcase>
  <testcase name="tearDown" classname="tests.CompanyInfoTest" time="0.0">
    <skipped/>
  </testcase>
  <testcase name="tearDown" classname="tests.CompanyInfoTest" time="0.0">
    <skipped/>
  </testcase>
  <testcase name="tearDown" classname="tests.CompanyInfoTest" time="0.0">
    <skipped/>
  </testcase>
  <testcase name="tearDown" classname="tests.CompanyInfoTest" time="0.0">
    <skipped/>
  </testcase>
  <testcase name="tearDown" classname="tests.CompanyInfoTest" time="0.0">
    <skipped/>
  </testcase>
  <testcase name="tearDown" classname="tests.CompanyInfoTest" time="0.0">
    <skipped/>
  </testcase>
  <testcase name="tearDown" classname="tests.CompanyInfoTest" time="0.0">
    <skipped/>
  </testcase>
  <testcase name="tearDown" classname="tests.CompanyInfoTest" time="0.0">
    <skipped/>
  </testcase>
  <testcase name="tearDown" classname="tests.CompanyInfoTest" time="0.0">
    <skipped/>
  </testcase>
  <testcase name="tearDown" classname="tests.CompanyInfoTest" time="0.0">
    <skipped/>
  </testcase>
  <testcase name="tearDown" classname="tests.CompanyInfoTest" time="0.0">
    <skipped/>
  </testcase>
  <testcase name="tearDown" classname="tests.CompanyInfoTest" time="0.0">
    <skipped/>
  </testcase>
  <testcase name="tearDown" classname="tests.CompanyInfoTest" time="0.0">
    <skipped/>
  </testcase>
  <testcase name="tearDown" classname="tests.CompanyInfoTest" time="0.0">
    <skipped/>
  </testcase>
  <testcase name="tearDown" classname="tests.CompanyInfoTest" time="0.0">
    <skipped/>
  </testcase>
  <testcase name="tearDown" classname="tests.CompanyInfoTest" time="0.0">
    <skipped/>
  </testcase>
  <testcase name="tearDown" classname="tests.CompanyInfoTest" time="0.0">
    <skipped/>
  </testcase>
  <testcase name="tearDown" classname="tests.CompanyInfoTest" time="0.0">
    <skipped/>
  </testcase>
  <testcase name="tearDown" classname="tests.CompanyInfoTest" time="0.0">
    <skipped/>
  </testcase>
  <testcase name="tearDown" classname="tests.CompanyInfoTest" time="0.0">
    <skipped/>
  </testcase>
  <testcase name="tearDown" classname="tests.CompanyInfoTest" time="0.0">
    <skipped/>
  </testcase>
  <testcase name="tearDown" classname="tests.CompanyInfoTest" time="0.0">
    <skipped/>
  </testcase>
  <testcase name="tearDown" classname="tests.CompanyInfoTest" time="0.0">
    <skipped/>
  </testcase>
  <testcase name="tearDown" classname="tests.CompanyInfoTest" time="0.0">
    <skipped/>
  </testcase>
  <testcase name="tearDown" classname="tests.CompanyInfoTest" time="0.0">
    <skipped/>
  </testcase>
  <testcase name="tearDown" classname="tests.CompanyInfoTest" time="0.0">
    <skipped/>
  </testcase>
  <testcase name="tearDown" classname="tests.CompanyInfoTest" time="0.0">
    <skipped/>
  </testcase>
  <testcase name="tearDown" classname="tests.CompanyInfoTest" time="0.0">
    <skipped/>
  </testcase>
  <testcase name="setup" classname="tests.CompanyInfoTest" time="0.0">
    <skipped/>
  </testcase>
  <testcase name="setup" classname="tests.CompanyInfoTest" time="0.0">
    <skipped/>
  </testcase>
  <testcase name="setup" classname="tests.CompanyInfoTest" time="0.0">
    <skipped/>
  </testcase>
  <testcase name="setup" classname="tests.CompanyInfoTest" time="0.0">
    <skipped/>
  </testcase>
  <testcase name="setup" classname="tests.CompanyInfoTest" time="0.0">
    <skipped/>
  </testcase>
  <testcase name="setup" classname="tests.CompanyInfoTest" time="0.0">
    <skipped/>
  </testcase>
  <testcase name="setup" classname="tests.CompanyInfoTest" time="0.0">
    <skipped/>
  </testcase>
  <testcase name="setup" classname="tests.CompanyInfoTest" time="0.0">
    <skipped/>
  </testcase>
  <testcase name="setup" classname="tests.CompanyInfoTest" time="0.0">
    <skipped/>
  </testcase>
  <testcase name="setup" classname="tests.CompanyInfoTest" time="0.0">
    <skipped/>
  </testcase>
  <testcase name="setup" classname="tests.CompanyInfoTest" time="0.0">
    <skipped/>
  </testcase>
  <testcase name="setup" classname="tests.CompanyInfoTest" time="0.0">
    <skipped/>
  </testcase>
  <testcase name="setup" classname="tests.CompanyInfoTest" time="0.0">
    <skipped/>
  </testcase>
  <testcase name="setup" classname="tests.CompanyInfoTest" time="0.0">
    <skipped/>
  </testcase>
  <testcase name="setup" classname="tests.CompanyInfoTest" time="0.0">
    <skipped/>
  </testcase>
  <testcase name="setup" classname="tests.CompanyInfoTest" time="0.0">
    <skipped/>
  </testcase>
  <testcase name="setup" classname="tests.CompanyInfoTest" time="0.0">
    <skipped/>
  </testcase>
  <testcase name="setup" classname="tests.CompanyInfoTest" time="0.0">
    <skipped/>
  </testcase>
  <testcase name="setup" classname="tests.CompanyInfoTest" time="0.0">
    <skipped/>
  </testcase>
  <testcase name="setup" classname="tests.CompanyInfoTest" time="0.0">
    <skipped/>
  </testcase>
  <testcase name="setup" classname="tests.CompanyInfoTest" time="0.0">
    <skipped/>
  </testcase>
  <testcase name="setup" classname="tests.CompanyInfoTest" time="0.0">
    <skipped/>
  </testcase>
  <testcase name="setup" classname="tests.CompanyInfoTest" time="0.0">
    <skipped/>
  </testcase>
  <testcase name="setup" classname="tests.CompanyInfoTest" time="0.0">
    <skipped/>
  </testcase>
  <testcase name="setup" classname="tests.CompanyInfoTest" time="0.0">
    <skipped/>
  </testcase>
  <testcase name="setup" classname="tests.CompanyInfoTest" time="0.0">
    <skipped/>
  </testcase>
  <testcase name="setup" classname="tests.CompanyInfoTest" time="0.0">
    <skipped/>
  </testcase>
  <testcase name="setup" classname="tests.CompanyInfoTest" time="0.0">
    <skipped/>
  </testcase>
  <testcase name="setup" classname="tests.CompanyInfoTest" time="0.0">
    <skipped/>
  </testcase>
  <testcase name="setup" classname="tests.CompanyInfoTest" time="0.0">
    <skipped/>
  </testcase>
  <testcase name="setup" classname="tests.CompanyInfoTest" time="0.0">
    <skipped/>
  </testcase>
  <testcase name="setup" classname="tests.CompanyInfoTest" time="0.0">
    <skipped/>
  </testcase>
  <testcase name="setup" classname="tests.CompanyInfoTest" time="0.0">
    <skipped/>
  </testcase>
  <testcase name="setup" classname="tests.CompanyInfoTest" time="0.0">
    <skipped/>
  </testcase>
  <testcase name="setup" classname="tests.CompanyInfoTest" time="0.0">
    <skipped/>
  </testcase>
  <testcase name="setup" classname="tests.CompanyInfoTest" time="0.0">
    <skipped/>
  </testcase>
  <testcase name="setup" classname="tests.CompanyInfoTest" time="0.0">
    <skipped/>
  </testcase>
  <testcase name="setup" classname="tests.CompanyInfoTest" time="0.0">
    <skipped/>
  </testcase>
  <testcase name="setup" classname="tests.CompanyInfoTest" time="0.0">
    <skipped/>
  </testcase>
  <testcase name="setup" classname="tests.CompanyInfoTest" time="0.0">
    <skipped/>
  </testcase>
  <testcase name="setup" classname="tests.CompanyInfoTest" time="0.0">
    <skipped/>
  </testcase>
  <testcase name="setup" classname="tests.CompanyInfoTest" time="0.0">
    <skipped/>
  </testcase>
  <testcase name="setup" classname="tests.CompanyInfoTest" time="0.0">
    <skipped/>
  </testcase>
  <testcase name="setup" classname="tests.CompanyInfoTest" time="0.0">
    <skipped/>
  </testcase>
  <testcase name="setup" classname="tests.CompanyInfoTest" time="0.0">
    <skipped/>
  </testcase>
  <testcase name="setup" classname="tests.CompanyInfoTest" time="0.0">
    <skipped/>
  </testcase>
  <testcase name="setup" classname="tests.CompanyInfoTest" time="0.0">
    <skipped/>
  </testcase>
  <testcase name="setup" classname="tests.CompanyInfoTest" time="0.0">
    <skipped/>
  </testcase>
  <testcase name="setup" classname="tests.CompanyInfoTest" time="0.0">
    <skipped/>
  </testcase>
  <testcase name="setup" classname="tests.CompanyInfoTest" time="0.0">
    <skipped/>
  </testcase>
  <testcase name="setup" classname="tests.CompanyInfoTest" time="0.0">
    <skipped/>
  </testcase>
  <testcase name="setup" classname="tests.CompanyInfoTest" time="0.0">
    <skipped/>
  </testcase>
  <testcase name="setup" classname="tests.CompanyInfoTest" time="0.0">
    <skipped/>
  </testcase>
  <testcase name="setup" classname="tests.CompanyInfoTest" time="0.0">
    <skipped/>
  </testcase>
  <testcase name="setup" classname="tests.CompanyInfoTest" time="0.0">
    <skipped/>
  </testcase>
  <testcase name="setup" classname="tests.CompanyInfoTest" time="0.0">
    <skipped/>
  </testcase>
  <testcase name="setup" classname="tests.CompanyInfoTest" time="0.0">
    <skipped/>
  </testcase>
  <testcase name="setup" classname="tests.CompanyInfoTest" time="0.0">
    <skipped/>
  </testcase>
  <testcase name="setup" classname="tests.CompanyInfoTest" time="0.0">
    <skipped/>
  </testcase>
  <testcase name="setup" classname="tests.CompanyInfoTest" time="0.0">
    <skipped/>
  </testcase>
  <testcase name="setup" classname="tests.CompanyInfoTest" time="0.0">
    <skipped/>
  </testcase>
  <testcase name="setup" classname="tests.CompanyInfoTest" time="0.0">
    <skipped/>
  </testcase>
  <testcase name="setup" classname="tests.CompanyInfoTest" time="0.0">
    <skipped/>
  </testcase>
  <testcase name="setup" classname="tests.CompanyInfoTest" time="0.0">
    <skipped/>
  </testcase>
  <testcase name="setup" classname="tests.CompanyInfoTest" time="0.0">
    <skipped/>
  </testcase>
  <testcase name="setup" classname="tests.CompanyInfoTest" time="0.0">
    <skipped/>
  </testcase>
  <testcase name="setup" classname="tests.CompanyInfoTest" time="0.0">
    <skipped/>
  </testcase>
  <testcase name="setup" classname="tests.CompanyInfoTest" time="0.0">
    <skipped/>
  </testcase>
  <testcase name="setup" classname="tests.CompanyInfoTest" time="0.0">
    <skipped/>
  </testcase>
  <testcase name="setup" classname="tests.CompanyInfoTest" time="0.0">
    <skipped/>
  </testcase>
  <testcase name="setup" classname="tests.CompanyInfoTest" time="0.0">
    <skipped/>
  </testcase>
  <testcase name="testClickNextButton" classname="tests.CompanyInfoTest" time="0.0">
    <skipped message="element not interactable&#10;  (Session info: chrome=127.0.6533.74)&#10;Build info: version: &apos;4.22.0&apos;, revision: &apos;c5f3146703*&apos;&#10;System info: os.name: &apos;Windows 11&apos;, os.arch: &apos;amd64&apos;, os.version: &apos;10.0&apos;, java.version: &apos;21.0.3&apos;&#10;Driver info: org.openqa.selenium.chrome.ChromeDriver&#10;Command: [f7a1dfb568ee62d28ec442db09b58080, clickElement {id=f.3F3541340776F07128B1B1372060A52F.d.533796638396631D9A2077E73F56EAA2.e.30}]&#10;Capabilities {acceptInsecureCerts: false, browserName: chrome, browserVersion: 127.0.6533.74, chrome: {chromedriverVersion: 127.0.6533.88 (a2d0cb026721..., userDataDir: C:\Windows\SystemTemp\scope...}, fedcm:accounts: true, goog:chromeOptions: {debuggerAddress: localhost:56133}, networkConnectionEnabled: false, pageLoadStrategy: normal, platformName: windows, proxy: Proxy(), se:cdp: ws://localhost:56133/devtoo..., se:cdpVersion: 127.0.6533.74, setWindowRect: true, strictFileInteractability: false, timeouts: {implicit: 0, pageLoad: 300000, script: 30000}, unhandledPromptBehavior: dismiss and notify, webauthn:extension:credBlob: true, webauthn:extension:largeBlob: true, webauthn:extension:minPinLength: true, webauthn:extension:prf: true, webauthn:virtualAuthenticators: true}&#10;Element: [[ChromeDriver: chrome on windows (f7a1dfb568ee62d28ec442db09b58080)] -&gt; id: otp-match-now]&#10;Session ID: f7a1dfb568ee62d28ec442db09b58080"/>
  </testcase>
  <testcase name="testClickOnPayInSettingsTab" classname="tests.CompanyInfoTest" time="0.0">
    <skipped message="element not interactable&#10;  (Session info: chrome=127.0.6533.74)&#10;Build info: version: &apos;4.22.0&apos;, revision: &apos;c5f3146703*&apos;&#10;System info: os.name: &apos;Windows 11&apos;, os.arch: &apos;amd64&apos;, os.version: &apos;10.0&apos;, java.version: &apos;21.0.3&apos;&#10;Driver info: org.openqa.selenium.chrome.ChromeDriver&#10;Command: [f7a1dfb568ee62d28ec442db09b58080, clickElement {id=f.3F3541340776F07128B1B1372060A52F.d.533796638396631D9A2077E73F56EAA2.e.30}]&#10;Capabilities {acceptInsecureCerts: false, browserName: chrome, browserVersion: 127.0.6533.74, chrome: {chromedriverVersion: 127.0.6533.88 (a2d0cb026721..., userDataDir: C:\Windows\SystemTemp\scope...}, fedcm:accounts: true, goog:chromeOptions: {debuggerAddress: localhost:56133}, networkConnectionEnabled: false, pageLoadStrategy: normal, platformName: windows, proxy: Proxy(), se:cdp: ws://localhost:56133/devtoo..., se:cdpVersion: 127.0.6533.74, setWindowRect: true, strictFileInteractability: false, timeouts: {implicit: 0, pageLoad: 300000, script: 30000}, unhandledPromptBehavior: dismiss and notify, webauthn:extension:credBlob: true, webauthn:extension:largeBlob: true, webauthn:extension:minPinLength: true, webauthn:extension:prf: true, webauthn:virtualAuthenticators: true}&#10;Element: [[ChromeDriver: chrome on windows (f7a1dfb568ee62d28ec442db09b58080)] -&gt; id: otp-match-now]&#10;Session ID: f7a1dfb568ee62d28ec442db09b58080"/>
  </testcase>
  <testcase name="testClickPersonalDetailTab" classname="tests.CompanyInfoTest" time="0.0">
    <skipped message="element not interactable&#10;  (Session info: chrome=127.0.6533.74)&#10;Build info: version: &apos;4.22.0&apos;, revision: &apos;c5f3146703*&apos;&#10;System info: os.name: &apos;Windows 11&apos;, os.arch: &apos;amd64&apos;, os.version: &apos;10.0&apos;, java.version: &apos;21.0.3&apos;&#10;Driver info: org.openqa.selenium.chrome.ChromeDriver&#10;Command: [f7a1dfb568ee62d28ec442db09b58080, clickElement {id=f.3F3541340776F07128B1B1372060A52F.d.533796638396631D9A2077E73F56EAA2.e.30}]&#10;Capabilities {acceptInsecureCerts: false, browserName: chrome, browserVersion: 127.0.6533.74, chrome: {chromedriverVersion: 127.0.6533.88 (a2d0cb026721..., userDataDir: C:\Windows\SystemTemp\scope...}, fedcm:accounts: true, goog:chromeOptions: {debuggerAddress: localhost:56133}, networkConnectionEnabled: false, pageLoadStrategy: normal, platformName: windows, proxy: Proxy(), se:cdp: ws://localhost:56133/devtoo..., se:cdpVersion: 127.0.6533.74, setWindowRect: true, strictFileInteractability: false, timeouts: {implicit: 0, pageLoad: 300000, script: 30000}, unhandledPromptBehavior: dismiss and notify, webauthn:extension:credBlob: true, webauthn:extension:largeBlob: true, webauthn:extension:minPinLength: true, webauthn:extension:prf: true, webauthn:virtualAuthenticators: true}&#10;Element: [[ChromeDriver: chrome on windows (f7a1dfb568ee62d28ec442db09b58080)] -&gt; id: otp-match-now]&#10;Session ID: f7a1dfb568ee62d28ec442db09b58080"/>
  </testcase>
  <testcase name="testClickPersonalDetailsTab" classname="tests.CompanyInfoTest" time="0.0">
    <skipped message="element not interactable&#10;  (Session info: chrome=127.0.6533.74)&#10;Build info: version: &apos;4.22.0&apos;, revision: &apos;c5f3146703*&apos;&#10;System info: os.name: &apos;Windows 11&apos;, os.arch: &apos;amd64&apos;, os.version: &apos;10.0&apos;, java.version: &apos;21.0.3&apos;&#10;Driver info: org.openqa.selenium.chrome.ChromeDriver&#10;Command: [f7a1dfb568ee62d28ec442db09b58080, clickElement {id=f.3F3541340776F07128B1B1372060A52F.d.533796638396631D9A2077E73F56EAA2.e.30}]&#10;Capabilities {acceptInsecureCerts: false, browserName: chrome, browserVersion: 127.0.6533.74, chrome: {chromedriverVersion: 127.0.6533.88 (a2d0cb026721..., userDataDir: C:\Windows\SystemTemp\scope...}, fedcm:accounts: true, goog:chromeOptions: {debuggerAddress: localhost:56133}, networkConnectionEnabled: false, pageLoadStrategy: normal, platformName: windows, proxy: Proxy(), se:cdp: ws://localhost:56133/devtoo..., se:cdpVersion: 127.0.6533.74, setWindowRect: true, strictFileInteractability: false, timeouts: {implicit: 0, pageLoad: 300000, script: 30000}, unhandledPromptBehavior: dismiss and notify, webauthn:extension:credBlob: true, webauthn:extension:largeBlob: true, webauthn:extension:minPinLength: true, webauthn:extension:prf: true, webauthn:virtualAuthenticators: true}&#10;Element: [[ChromeDriver: chrome on windows (f7a1dfb568ee62d28ec442db09b58080)] -&gt; id: otp-match-now]&#10;Session ID: f7a1dfb568ee62d28ec442db09b58080"/>
  </testcase>
  <testcase name="testClickPreviousButtonOnLastPage" classname="tests.CompanyInfoTest" time="0.0">
    <skipped message="element not interactable&#10;  (Session info: chrome=127.0.6533.74)&#10;Build info: version: &apos;4.22.0&apos;, revision: &apos;c5f3146703*&apos;&#10;System info: os.name: &apos;Windows 11&apos;, os.arch: &apos;amd64&apos;, os.version: &apos;10.0&apos;, java.version: &apos;21.0.3&apos;&#10;Driver info: org.openqa.selenium.chrome.ChromeDriver&#10;Command: [f7a1dfb568ee62d28ec442db09b58080, clickElement {id=f.3F3541340776F07128B1B1372060A52F.d.533796638396631D9A2077E73F56EAA2.e.30}]&#10;Capabilities {acceptInsecureCerts: false, browserName: chrome, browserVersion: 127.0.6533.74, chrome: {chromedriverVersion: 127.0.6533.88 (a2d0cb026721..., userDataDir: C:\Windows\SystemTemp\scope...}, fedcm:accounts: true, goog:chromeOptions: {debuggerAddress: localhost:56133}, networkConnectionEnabled: false, pageLoadStrategy: normal, platformName: windows, proxy: Proxy(), se:cdp: ws://localhost:56133/devtoo..., se:cdpVersion: 127.0.6533.74, setWindowRect: true, strictFileInteractability: false, timeouts: {implicit: 0, pageLoad: 300000, script: 30000}, unhandledPromptBehavior: dismiss and notify, webauthn:extension:credBlob: true, webauthn:extension:largeBlob: true, webauthn:extension:minPinLength: true, webauthn:extension:prf: true, webauthn:virtualAuthenticators: true}&#10;Element: [[ChromeDriver: chrome on windows (f7a1dfb568ee62d28ec442db09b58080)] -&gt; id: otp-match-now]&#10;Session ID: f7a1dfb568ee62d28ec442db09b58080"/>
  </testcase>
  <testcase name="testClickbussinessInfoTab" classname="tests.CompanyInfoTest" time="0.0">
    <skipped message="element not interactable&#10;  (Session info: chrome=127.0.6533.74)&#10;Build info: version: &apos;4.22.0&apos;, revision: &apos;c5f3146703*&apos;&#10;System info: os.name: &apos;Windows 11&apos;, os.arch: &apos;amd64&apos;, os.version: &apos;10.0&apos;, java.version: &apos;21.0.3&apos;&#10;Driver info: org.openqa.selenium.chrome.ChromeDriver&#10;Command: [f7a1dfb568ee62d28ec442db09b58080, clickElement {id=f.3F3541340776F07128B1B1372060A52F.d.533796638396631D9A2077E73F56EAA2.e.30}]&#10;Capabilities {acceptInsecureCerts: false, browserName: chrome, browserVersion: 127.0.6533.74, chrome: {chromedriverVersion: 127.0.6533.88 (a2d0cb026721..., userDataDir: C:\Windows\SystemTemp\scope...}, fedcm:accounts: true, goog:chromeOptions: {debuggerAddress: localhost:56133}, networkConnectionEnabled: false, pageLoadStrategy: normal, platformName: windows, proxy: Proxy(), se:cdp: ws://localhost:56133/devtoo..., se:cdpVersion: 127.0.6533.74, setWindowRect: true, strictFileInteractability: false, timeouts: {implicit: 0, pageLoad: 300000, script: 30000}, unhandledPromptBehavior: dismiss and notify, webauthn:extension:credBlob: true, webauthn:extension:largeBlob: true, webauthn:extension:minPinLength: true, webauthn:extension:prf: true, webauthn:virtualAuthenticators: true}&#10;Element: [[ChromeDriver: chrome on windows (f7a1dfb568ee62d28ec442db09b58080)] -&gt; id: otp-match-now]&#10;Session ID: f7a1dfb568ee62d28ec442db09b58080"/>
  </testcase>
  <testcase name="testClickingButtonOpensModal" classname="tests.CompanyInfoTest" time="0.0">
    <skipped message="element not interactable&#10;  (Session info: chrome=127.0.6533.74)&#10;Build info: version: &apos;4.22.0&apos;, revision: &apos;c5f3146703*&apos;&#10;System info: os.name: &apos;Windows 11&apos;, os.arch: &apos;amd64&apos;, os.version: &apos;10.0&apos;, java.version: &apos;21.0.3&apos;&#10;Driver info: org.openqa.selenium.chrome.ChromeDriver&#10;Command: [f7a1dfb568ee62d28ec442db09b58080, clickElement {id=f.3F3541340776F07128B1B1372060A52F.d.533796638396631D9A2077E73F56EAA2.e.30}]&#10;Capabilities {acceptInsecureCerts: false, browserName: chrome, browserVersion: 127.0.6533.74, chrome: {chromedriverVersion: 127.0.6533.88 (a2d0cb026721..., userDataDir: C:\Windows\SystemTemp\scope...}, fedcm:accounts: true, goog:chromeOptions: {debuggerAddress: localhost:56133}, networkConnectionEnabled: false, pageLoadStrategy: normal, platformName: windows, proxy: Proxy(), se:cdp: ws://localhost:56133/devtoo..., se:cdpVersion: 127.0.6533.74, setWindowRect: true, strictFileInteractability: false, timeouts: {implicit: 0, pageLoad: 300000, script: 30000}, unhandledPromptBehavior: dismiss and notify, webauthn:extension:credBlob: true, webauthn:extension:largeBlob: true, webauthn:extension:minPinLength: true, webauthn:extension:prf: true, webauthn:virtualAuthenticators: true}&#10;Element: [[ChromeDriver: chrome on windows (f7a1dfb568ee62d28ec442db09b58080)] -&gt; id: otp-match-now]&#10;Session ID: f7a1dfb568ee62d28ec442db09b58080"/>
  </testcase>
  <testcase name="testCompleteButtonSubmitsForm" classname="tests.CompanyInfoTest" time="0.0">
    <skipped message="element not interactable&#10;  (Session info: chrome=127.0.6533.74)&#10;Build info: version: &apos;4.22.0&apos;, revision: &apos;c5f3146703*&apos;&#10;System info: os.name: &apos;Windows 11&apos;, os.arch: &apos;amd64&apos;, os.version: &apos;10.0&apos;, java.version: &apos;21.0.3&apos;&#10;Driver info: org.openqa.selenium.chrome.ChromeDriver&#10;Command: [f7a1dfb568ee62d28ec442db09b58080, clickElement {id=f.3F3541340776F07128B1B1372060A52F.d.533796638396631D9A2077E73F56EAA2.e.30}]&#10;Capabilities {acceptInsecureCerts: false, browserName: chrome, browserVersion: 127.0.6533.74, chrome: {chromedriverVersion: 127.0.6533.88 (a2d0cb026721..., userDataDir: C:\Windows\SystemTemp\scope...}, fedcm:accounts: true, goog:chromeOptions: {debuggerAddress: localhost:56133}, networkConnectionEnabled: false, pageLoadStrategy: normal, platformName: windows, proxy: Proxy(), se:cdp: ws://localhost:56133/devtoo..., se:cdpVersion: 127.0.6533.74, setWindowRect: true, strictFileInteractability: false, timeouts: {implicit: 0, pageLoad: 300000, script: 30000}, unhandledPromptBehavior: dismiss and notify, webauthn:extension:credBlob: true, webauthn:extension:largeBlob: true, webauthn:extension:minPinLength: true, webauthn:extension:prf: true, webauthn:virtualAuthenticators: true}&#10;Element: [[ChromeDriver: chrome on windows (f7a1dfb568ee62d28ec442db09b58080)] -&gt; id: otp-match-now]&#10;Session ID: f7a1dfb568ee62d28ec442db09b58080"/>
  </testcase>
  <testcase name="testCompleteItButtonClick" classname="tests.CompanyInfoTest" time="0.0">
    <skipped message="element not interactable&#10;  (Session info: chrome=127.0.6533.74)&#10;Build info: version: &apos;4.22.0&apos;, revision: &apos;c5f3146703*&apos;&#10;System info: os.name: &apos;Windows 11&apos;, os.arch: &apos;amd64&apos;, os.version: &apos;10.0&apos;, java.version: &apos;21.0.3&apos;&#10;Driver info: org.openqa.selenium.chrome.ChromeDriver&#10;Command: [f7a1dfb568ee62d28ec442db09b58080, clickElement {id=f.3F3541340776F07128B1B1372060A52F.d.533796638396631D9A2077E73F56EAA2.e.30}]&#10;Capabilities {acceptInsecureCerts: false, browserName: chrome, browserVersion: 127.0.6533.74, chrome: {chromedriverVersion: 127.0.6533.88 (a2d0cb026721..., userDataDir: C:\Windows\SystemTemp\scope...}, fedcm:accounts: true, goog:chromeOptions: {debuggerAddress: localhost:56133}, networkConnectionEnabled: false, pageLoadStrategy: normal, platformName: windows, proxy: Proxy(), se:cdp: ws://localhost:56133/devtoo..., se:cdpVersion: 127.0.6533.74, setWindowRect: true, strictFileInteractability: false, timeouts: {implicit: 0, pageLoad: 300000, script: 30000}, unhandledPromptBehavior: dismiss and notify, webauthn:extension:credBlob: true, webauthn:extension:largeBlob: true, webauthn:extension:minPinLength: true, webauthn:extension:prf: true, webauthn:virtualAuthenticators: true}&#10;Element: [[ChromeDriver: chrome on windows (f7a1dfb568ee62d28ec442db09b58080)] -&gt; id: otp-match-now]&#10;Session ID: f7a1dfb568ee62d28ec442db09b58080"/>
  </testcase>
  <testcase name="testCopyPasteSearchField" classname="tests.CompanyInfoTest" time="0.0">
    <skipped message="element not interactable&#10;  (Session info: chrome=127.0.6533.74)&#10;Build info: version: &apos;4.22.0&apos;, revision: &apos;c5f3146703*&apos;&#10;System info: os.name: &apos;Windows 11&apos;, os.arch: &apos;amd64&apos;, os.version: &apos;10.0&apos;, java.version: &apos;21.0.3&apos;&#10;Driver info: org.openqa.selenium.chrome.ChromeDriver&#10;Command: [f7a1dfb568ee62d28ec442db09b58080, clickElement {id=f.3F3541340776F07128B1B1372060A52F.d.533796638396631D9A2077E73F56EAA2.e.30}]&#10;Capabilities {acceptInsecureCerts: false, browserName: chrome, browserVersion: 127.0.6533.74, chrome: {chromedriverVersion: 127.0.6533.88 (a2d0cb026721..., userDataDir: C:\Windows\SystemTemp\scope...}, fedcm:accounts: true, goog:chromeOptions: {debuggerAddress: localhost:56133}, networkConnectionEnabled: false, pageLoadStrategy: normal, platformName: windows, proxy: Proxy(), se:cdp: ws://localhost:56133/devtoo..., se:cdpVersion: 127.0.6533.74, setWindowRect: true, strictFileInteractability: false, timeouts: {implicit: 0, pageLoad: 300000, script: 30000}, unhandledPromptBehavior: dismiss and notify, webauthn:extension:credBlob: true, webauthn:extension:largeBlob: true, webauthn:extension:minPinLength: true, webauthn:extension:prf: true, webauthn:virtualAuthenticators: true}&#10;Element: [[ChromeDriver: chrome on windows (f7a1dfb568ee62d28ec442db09b58080)] -&gt; id: otp-match-now]&#10;Session ID: f7a1dfb568ee62d28ec442db09b58080"/>
  </testcase>
  <testcase name="testEditCompanyInfoAndClickNext" classname="tests.CompanyInfoTest" time="0.0">
    <skipped message="element not interactable&#10;  (Session info: chrome=127.0.6533.74)&#10;Build info: version: &apos;4.22.0&apos;, revision: &apos;c5f3146703*&apos;&#10;System info: os.name: &apos;Windows 11&apos;, os.arch: &apos;amd64&apos;, os.version: &apos;10.0&apos;, java.version: &apos;21.0.3&apos;&#10;Driver info: org.openqa.selenium.chrome.ChromeDriver&#10;Command: [f7a1dfb568ee62d28ec442db09b58080, clickElement {id=f.3F3541340776F07128B1B1372060A52F.d.533796638396631D9A2077E73F56EAA2.e.30}]&#10;Capabilities {acceptInsecureCerts: false, browserName: chrome, browserVersion: 127.0.6533.74, chrome: {chromedriverVersion: 127.0.6533.88 (a2d0cb026721..., userDataDir: C:\Windows\SystemTemp\scope...}, fedcm:accounts: true, goog:chromeOptions: {debuggerAddress: localhost:56133}, networkConnectionEnabled: false, pageLoadStrategy: normal, platformName: windows, proxy: Proxy(), se:cdp: ws://localhost:56133/devtoo..., se:cdpVersion: 127.0.6533.74, setWindowRect: true, strictFileInteractability: false, timeouts: {implicit: 0, pageLoad: 300000, script: 30000}, unhandledPromptBehavior: dismiss and notify, webauthn:extension:credBlob: true, webauthn:extension:largeBlob: true, webauthn:extension:minPinLength: true, webauthn:extension:prf: true, webauthn:virtualAuthenticators: true}&#10;Element: [[ChromeDriver: chrome on windows (f7a1dfb568ee62d28ec442db09b58080)] -&gt; id: otp-match-now]&#10;Session ID: f7a1dfb568ee62d28ec442db09b58080"/>
  </testcase>
  <testcase name="testEmptySearchInput" classname="tests.CompanyInfoTest" time="0.0">
    <skipped message="element not interactable&#10;  (Session info: chrome=127.0.6533.74)&#10;Build info: version: &apos;4.22.0&apos;, revision: &apos;c5f3146703*&apos;&#10;System info: os.name: &apos;Windows 11&apos;, os.arch: &apos;amd64&apos;, os.version: &apos;10.0&apos;, java.version: &apos;21.0.3&apos;&#10;Driver info: org.openqa.selenium.chrome.ChromeDriver&#10;Command: [f7a1dfb568ee62d28ec442db09b58080, clickElement {id=f.3F3541340776F07128B1B1372060A52F.d.533796638396631D9A2077E73F56EAA2.e.30}]&#10;Capabilities {acceptInsecureCerts: false, browserName: chrome, browserVersion: 127.0.6533.74, chrome: {chromedriverVersion: 127.0.6533.88 (a2d0cb026721..., userDataDir: C:\Windows\SystemTemp\scope...}, fedcm:accounts: true, goog:chromeOptions: {debuggerAddress: localhost:56133}, networkConnectionEnabled: false, pageLoadStrategy: normal, platformName: windows, proxy: Proxy(), se:cdp: ws://localhost:56133/devtoo..., se:cdpVersion: 127.0.6533.74, setWindowRect: true, strictFileInteractability: false, timeouts: {implicit: 0, pageLoad: 300000, script: 30000}, unhandledPromptBehavior: dismiss and notify, webauthn:extension:credBlob: true, webauthn:extension:largeBlob: true, webauthn:extension:minPinLength: true, webauthn:extension:prf: true, webauthn:virtualAuthenticators: true}&#10;Element: [[ChromeDriver: chrome on windows (f7a1dfb568ee62d28ec442db09b58080)] -&gt; id: otp-match-now]&#10;Session ID: f7a1dfb568ee62d28ec442db09b58080"/>
  </testcase>
  <testcase name="testEnterAlphabetsAndSpecialCharacters" classname="tests.CompanyInfoTest" time="0.0">
    <skipped message="element not interactable&#10;  (Session info: chrome=127.0.6533.74)&#10;Build info: version: &apos;4.22.0&apos;, revision: &apos;c5f3146703*&apos;&#10;System info: os.name: &apos;Windows 11&apos;, os.arch: &apos;amd64&apos;, os.version: &apos;10.0&apos;, java.version: &apos;21.0.3&apos;&#10;Driver info: org.openqa.selenium.chrome.ChromeDriver&#10;Command: [f7a1dfb568ee62d28ec442db09b58080, clickElement {id=f.3F3541340776F07128B1B1372060A52F.d.533796638396631D9A2077E73F56EAA2.e.30}]&#10;Capabilities {acceptInsecureCerts: false, browserName: chrome, browserVersion: 127.0.6533.74, chrome: {chromedriverVersion: 127.0.6533.88 (a2d0cb026721..., userDataDir: C:\Windows\SystemTemp\scope...}, fedcm:accounts: true, goog:chromeOptions: {debuggerAddress: localhost:56133}, networkConnectionEnabled: false, pageLoadStrategy: normal, platformName: windows, proxy: Proxy(), se:cdp: ws://localhost:56133/devtoo..., se:cdpVersion: 127.0.6533.74, setWindowRect: true, strictFileInteractability: false, timeouts: {implicit: 0, pageLoad: 300000, script: 30000}, unhandledPromptBehavior: dismiss and notify, webauthn:extension:credBlob: true, webauthn:extension:largeBlob: true, webauthn:extension:minPinLength: true, webauthn:extension:prf: true, webauthn:virtualAuthenticators: true}&#10;Element: [[ChromeDriver: chrome on windows (f7a1dfb568ee62d28ec442db09b58080)] -&gt; id: otp-match-now]&#10;Session ID: f7a1dfb568ee62d28ec442db09b58080"/>
  </testcase>
  <testcase name="testEnterAlphabetsInPincode" classname="tests.CompanyInfoTest" time="0.0">
    <skipped message="element not interactable&#10;  (Session info: chrome=127.0.6533.74)&#10;Build info: version: &apos;4.22.0&apos;, revision: &apos;c5f3146703*&apos;&#10;System info: os.name: &apos;Windows 11&apos;, os.arch: &apos;amd64&apos;, os.version: &apos;10.0&apos;, java.version: &apos;21.0.3&apos;&#10;Driver info: org.openqa.selenium.chrome.ChromeDriver&#10;Command: [f7a1dfb568ee62d28ec442db09b58080, clickElement {id=f.3F3541340776F07128B1B1372060A52F.d.533796638396631D9A2077E73F56EAA2.e.30}]&#10;Capabilities {acceptInsecureCerts: false, browserName: chrome, browserVersion: 127.0.6533.74, chrome: {chromedriverVersion: 127.0.6533.88 (a2d0cb026721..., userDataDir: C:\Windows\SystemTemp\scope...}, fedcm:accounts: true, goog:chromeOptions: {debuggerAddress: localhost:56133}, networkConnectionEnabled: false, pageLoadStrategy: normal, platformName: windows, proxy: Proxy(), se:cdp: ws://localhost:56133/devtoo..., se:cdpVersion: 127.0.6533.74, setWindowRect: true, strictFileInteractability: false, timeouts: {implicit: 0, pageLoad: 300000, script: 30000}, unhandledPromptBehavior: dismiss and notify, webauthn:extension:credBlob: true, webauthn:extension:largeBlob: true, webauthn:extension:minPinLength: true, webauthn:extension:prf: true, webauthn:virtualAuthenticators: true}&#10;Element: [[ChromeDriver: chrome on windows (f7a1dfb568ee62d28ec442db09b58080)] -&gt; id: otp-match-now]&#10;Session ID: f7a1dfb568ee62d28ec442db09b58080"/>
  </testcase>
  <testcase name="testEnterAlphanumericIFSCCode" classname="tests.CompanyInfoTest" time="0.0">
    <skipped message="element not interactable&#10;  (Session info: chrome=127.0.6533.74)&#10;Build info: version: &apos;4.22.0&apos;, revision: &apos;c5f3146703*&apos;&#10;System info: os.name: &apos;Windows 11&apos;, os.arch: &apos;amd64&apos;, os.version: &apos;10.0&apos;, java.version: &apos;21.0.3&apos;&#10;Driver info: org.openqa.selenium.chrome.ChromeDriver&#10;Command: [f7a1dfb568ee62d28ec442db09b58080, clickElement {id=f.3F3541340776F07128B1B1372060A52F.d.533796638396631D9A2077E73F56EAA2.e.30}]&#10;Capabilities {acceptInsecureCerts: false, browserName: chrome, browserVersion: 127.0.6533.74, chrome: {chromedriverVersion: 127.0.6533.88 (a2d0cb026721..., userDataDir: C:\Windows\SystemTemp\scope...}, fedcm:accounts: true, goog:chromeOptions: {debuggerAddress: localhost:56133}, networkConnectionEnabled: false, pageLoadStrategy: normal, platformName: windows, proxy: Proxy(), se:cdp: ws://localhost:56133/devtoo..., se:cdpVersion: 127.0.6533.74, setWindowRect: true, strictFileInteractability: false, timeouts: {implicit: 0, pageLoad: 300000, script: 30000}, unhandledPromptBehavior: dismiss and notify, webauthn:extension:credBlob: true, webauthn:extension:largeBlob: true, webauthn:extension:minPinLength: true, webauthn:extension:prf: true, webauthn:virtualAuthenticators: true}&#10;Element: [[ChromeDriver: chrome on windows (f7a1dfb568ee62d28ec442db09b58080)] -&gt; id: otp-match-now]&#10;Session ID: f7a1dfb568ee62d28ec442db09b58080"/>
  </testcase>
  <testcase name="testEnterAppName" classname="tests.CompanyInfoTest" time="0.0">
    <skipped message="element not interactable&#10;  (Session info: chrome=127.0.6533.74)&#10;Build info: version: &apos;4.22.0&apos;, revision: &apos;c5f3146703*&apos;&#10;System info: os.name: &apos;Windows 11&apos;, os.arch: &apos;amd64&apos;, os.version: &apos;10.0&apos;, java.version: &apos;21.0.3&apos;&#10;Driver info: org.openqa.selenium.chrome.ChromeDriver&#10;Command: [f7a1dfb568ee62d28ec442db09b58080, clickElement {id=f.3F3541340776F07128B1B1372060A52F.d.533796638396631D9A2077E73F56EAA2.e.30}]&#10;Capabilities {acceptInsecureCerts: false, browserName: chrome, browserVersion: 127.0.6533.74, chrome: {chromedriverVersion: 127.0.6533.88 (a2d0cb026721..., userDataDir: C:\Windows\SystemTemp\scope...}, fedcm:accounts: true, goog:chromeOptions: {debuggerAddress: localhost:56133}, networkConnectionEnabled: false, pageLoadStrategy: normal, platformName: windows, proxy: Proxy(), se:cdp: ws://localhost:56133/devtoo..., se:cdpVersion: 127.0.6533.74, setWindowRect: true, strictFileInteractability: false, timeouts: {implicit: 0, pageLoad: 300000, script: 30000}, unhandledPromptBehavior: dismiss and notify, webauthn:extension:credBlob: true, webauthn:extension:largeBlob: true, webauthn:extension:minPinLength: true, webauthn:extension:prf: true, webauthn:virtualAuthenticators: true}&#10;Element: [[ChromeDriver: chrome on windows (f7a1dfb568ee62d28ec442db09b58080)] -&gt; id: otp-match-now]&#10;Session ID: f7a1dfb568ee62d28ec442db09b58080"/>
  </testcase>
  <testcase name="testEnterNumberMoreThan100Percent" classname="tests.CompanyInfoTest" time="0.0">
    <skipped message="element not interactable&#10;  (Session info: chrome=127.0.6533.74)&#10;Build info: version: &apos;4.22.0&apos;, revision: &apos;c5f3146703*&apos;&#10;System info: os.name: &apos;Windows 11&apos;, os.arch: &apos;amd64&apos;, os.version: &apos;10.0&apos;, java.version: &apos;21.0.3&apos;&#10;Driver info: org.openqa.selenium.chrome.ChromeDriver&#10;Command: [f7a1dfb568ee62d28ec442db09b58080, clickElement {id=f.3F3541340776F07128B1B1372060A52F.d.533796638396631D9A2077E73F56EAA2.e.30}]&#10;Capabilities {acceptInsecureCerts: false, browserName: chrome, browserVersion: 127.0.6533.74, chrome: {chromedriverVersion: 127.0.6533.88 (a2d0cb026721..., userDataDir: C:\Windows\SystemTemp\scope...}, fedcm:accounts: true, goog:chromeOptions: {debuggerAddress: localhost:56133}, networkConnectionEnabled: false, pageLoadStrategy: normal, platformName: windows, proxy: Proxy(), se:cdp: ws://localhost:56133/devtoo..., se:cdpVersion: 127.0.6533.74, setWindowRect: true, strictFileInteractability: false, timeouts: {implicit: 0, pageLoad: 300000, script: 30000}, unhandledPromptBehavior: dismiss and notify, webauthn:extension:credBlob: true, webauthn:extension:largeBlob: true, webauthn:extension:minPinLength: true, webauthn:extension:prf: true, webauthn:virtualAuthenticators: true}&#10;Element: [[ChromeDriver: chrome on windows (f7a1dfb568ee62d28ec442db09b58080)] -&gt; id: otp-match-now]&#10;Session ID: f7a1dfb568ee62d28ec442db09b58080"/>
  </testcase>
  <testcase name="testEnterValidAccountHolderName" classname="tests.CompanyInfoTest" time="0.0">
    <skipped message="element not interactable&#10;  (Session info: chrome=127.0.6533.74)&#10;Build info: version: &apos;4.22.0&apos;, revision: &apos;c5f3146703*&apos;&#10;System info: os.name: &apos;Windows 11&apos;, os.arch: &apos;amd64&apos;, os.version: &apos;10.0&apos;, java.version: &apos;21.0.3&apos;&#10;Driver info: org.openqa.selenium.chrome.ChromeDriver&#10;Command: [f7a1dfb568ee62d28ec442db09b58080, clickElement {id=f.3F3541340776F07128B1B1372060A52F.d.533796638396631D9A2077E73F56EAA2.e.30}]&#10;Capabilities {acceptInsecureCerts: false, browserName: chrome, browserVersion: 127.0.6533.74, chrome: {chromedriverVersion: 127.0.6533.88 (a2d0cb026721..., userDataDir: C:\Windows\SystemTemp\scope...}, fedcm:accounts: true, goog:chromeOptions: {debuggerAddress: localhost:56133}, networkConnectionEnabled: false, pageLoadStrategy: normal, platformName: windows, proxy: Proxy(), se:cdp: ws://localhost:56133/devtoo..., se:cdpVersion: 127.0.6533.74, setWindowRect: true, strictFileInteractability: false, timeouts: {implicit: 0, pageLoad: 300000, script: 30000}, unhandledPromptBehavior: dismiss and notify, webauthn:extension:credBlob: true, webauthn:extension:largeBlob: true, webauthn:extension:minPinLength: true, webauthn:extension:prf: true, webauthn:virtualAuthenticators: true}&#10;Element: [[ChromeDriver: chrome on windows (f7a1dfb568ee62d28ec442db09b58080)] -&gt; id: otp-match-now]&#10;Session ID: f7a1dfb568ee62d28ec442db09b58080"/>
  </testcase>
  <testcase name="testEnterValidDetailsAndClickDraft" classname="tests.CompanyInfoTest" time="0.0">
    <skipped message="element not interactable&#10;  (Session info: chrome=127.0.6533.74)&#10;Build info: version: &apos;4.22.0&apos;, revision: &apos;c5f3146703*&apos;&#10;System info: os.name: &apos;Windows 11&apos;, os.arch: &apos;amd64&apos;, os.version: &apos;10.0&apos;, java.version: &apos;21.0.3&apos;&#10;Driver info: org.openqa.selenium.chrome.ChromeDriver&#10;Command: [f7a1dfb568ee62d28ec442db09b58080, clickElement {id=f.3F3541340776F07128B1B1372060A52F.d.533796638396631D9A2077E73F56EAA2.e.30}]&#10;Capabilities {acceptInsecureCerts: false, browserName: chrome, browserVersion: 127.0.6533.74, chrome: {chromedriverVersion: 127.0.6533.88 (a2d0cb026721..., userDataDir: C:\Windows\SystemTemp\scope...}, fedcm:accounts: true, goog:chromeOptions: {debuggerAddress: localhost:56133}, networkConnectionEnabled: false, pageLoadStrategy: normal, platformName: windows, proxy: Proxy(), se:cdp: ws://localhost:56133/devtoo..., se:cdpVersion: 127.0.6533.74, setWindowRect: true, strictFileInteractability: false, timeouts: {implicit: 0, pageLoad: 300000, script: 30000}, unhandledPromptBehavior: dismiss and notify, webauthn:extension:credBlob: true, webauthn:extension:largeBlob: true, webauthn:extension:minPinLength: true, webauthn:extension:prf: true, webauthn:virtualAuthenticators: true}&#10;Element: [[ChromeDriver: chrome on windows (f7a1dfb568ee62d28ec442db09b58080)] -&gt; id: otp-match-now]&#10;Session ID: f7a1dfb568ee62d28ec442db09b58080"/>
  </testcase>
  <testcase name="testEnterValidIFSCCode" classname="tests.CompanyInfoTest" time="0.0">
    <skipped message="element not interactable&#10;  (Session info: chrome=127.0.6533.74)&#10;Build info: version: &apos;4.22.0&apos;, revision: &apos;c5f3146703*&apos;&#10;System info: os.name: &apos;Windows 11&apos;, os.arch: &apos;amd64&apos;, os.version: &apos;10.0&apos;, java.version: &apos;21.0.3&apos;&#10;Driver info: org.openqa.selenium.chrome.ChromeDriver&#10;Command: [f7a1dfb568ee62d28ec442db09b58080, clickElement {id=f.3F3541340776F07128B1B1372060A52F.d.533796638396631D9A2077E73F56EAA2.e.30}]&#10;Capabilities {acceptInsecureCerts: false, browserName: chrome, browserVersion: 127.0.6533.74, chrome: {chromedriverVersion: 127.0.6533.88 (a2d0cb026721..., userDataDir: C:\Windows\SystemTemp\scope...}, fedcm:accounts: true, goog:chromeOptions: {debuggerAddress: localhost:56133}, networkConnectionEnabled: false, pageLoadStrategy: normal, platformName: windows, proxy: Proxy(), se:cdp: ws://localhost:56133/devtoo..., se:cdpVersion: 127.0.6533.74, setWindowRect: true, strictFileInteractability: false, timeouts: {implicit: 0, pageLoad: 300000, script: 30000}, unhandledPromptBehavior: dismiss and notify, webauthn:extension:credBlob: true, webauthn:extension:largeBlob: true, webauthn:extension:minPinLength: true, webauthn:extension:prf: true, webauthn:virtualAuthenticators: true}&#10;Element: [[ChromeDriver: chrome on windows (f7a1dfb568ee62d28ec442db09b58080)] -&gt; id: otp-match-now]&#10;Session ID: f7a1dfb568ee62d28ec442db09b58080"/>
  </testcase>
  <testcase name="testEnterValidPincode" classname="tests.CompanyInfoTest" time="0.0">
    <skipped message="element not interactable&#10;  (Session info: chrome=127.0.6533.74)&#10;Build info: version: &apos;4.22.0&apos;, revision: &apos;c5f3146703*&apos;&#10;System info: os.name: &apos;Windows 11&apos;, os.arch: &apos;amd64&apos;, os.version: &apos;10.0&apos;, java.version: &apos;21.0.3&apos;&#10;Driver info: org.openqa.selenium.chrome.ChromeDriver&#10;Command: [f7a1dfb568ee62d28ec442db09b58080, clickElement {id=f.3F3541340776F07128B1B1372060A52F.d.533796638396631D9A2077E73F56EAA2.e.30}]&#10;Capabilities {acceptInsecureCerts: false, browserName: chrome, browserVersion: 127.0.6533.74, chrome: {chromedriverVersion: 127.0.6533.88 (a2d0cb026721..., userDataDir: C:\Windows\SystemTemp\scope...}, fedcm:accounts: true, goog:chromeOptions: {debuggerAddress: localhost:56133}, networkConnectionEnabled: false, pageLoadStrategy: normal, platformName: windows, proxy: Proxy(), se:cdp: ws://localhost:56133/devtoo..., se:cdpVersion: 127.0.6533.74, setWindowRect: true, strictFileInteractability: false, timeouts: {implicit: 0, pageLoad: 300000, script: 30000}, unhandledPromptBehavior: dismiss and notify, webauthn:extension:credBlob: true, webauthn:extension:largeBlob: true, webauthn:extension:minPinLength: true, webauthn:extension:prf: true, webauthn:virtualAuthenticators: true}&#10;Element: [[ChromeDriver: chrome on windows (f7a1dfb568ee62d28ec442db09b58080)] -&gt; id: otp-match-now]&#10;Session ID: f7a1dfb568ee62d28ec442db09b58080"/>
  </testcase>
  <testcase name="testEnterValidUrlInAppUrlField" classname="tests.CompanyInfoTest" time="0.0">
    <skipped message="element not interactable&#10;  (Session info: chrome=127.0.6533.74)&#10;Build info: version: &apos;4.22.0&apos;, revision: &apos;c5f3146703*&apos;&#10;System info: os.name: &apos;Windows 11&apos;, os.arch: &apos;amd64&apos;, os.version: &apos;10.0&apos;, java.version: &apos;21.0.3&apos;&#10;Driver info: org.openqa.selenium.chrome.ChromeDriver&#10;Command: [f7a1dfb568ee62d28ec442db09b58080, clickElement {id=f.3F3541340776F07128B1B1372060A52F.d.533796638396631D9A2077E73F56EAA2.e.30}]&#10;Capabilities {acceptInsecureCerts: false, browserName: chrome, browserVersion: 127.0.6533.74, chrome: {chromedriverVersion: 127.0.6533.88 (a2d0cb026721..., userDataDir: C:\Windows\SystemTemp\scope...}, fedcm:accounts: true, goog:chromeOptions: {debuggerAddress: localhost:56133}, networkConnectionEnabled: false, pageLoadStrategy: normal, platformName: windows, proxy: Proxy(), se:cdp: ws://localhost:56133/devtoo..., se:cdpVersion: 127.0.6533.74, setWindowRect: true, strictFileInteractability: false, timeouts: {implicit: 0, pageLoad: 300000, script: 30000}, unhandledPromptBehavior: dismiss and notify, webauthn:extension:credBlob: true, webauthn:extension:largeBlob: true, webauthn:extension:minPinLength: true, webauthn:extension:prf: true, webauthn:virtualAuthenticators: true}&#10;Element: [[ChromeDriver: chrome on windows (f7a1dfb568ee62d28ec442db09b58080)] -&gt; id: otp-match-now]&#10;Session ID: f7a1dfb568ee62d28ec442db09b58080"/>
  </testcase>
  <testcase name="testEnterValidWebhookUrl" classname="tests.CompanyInfoTest" time="0.0">
    <skipped message="element not interactable&#10;  (Session info: chrome=127.0.6533.74)&#10;Build info: version: &apos;4.22.0&apos;, revision: &apos;c5f3146703*&apos;&#10;System info: os.name: &apos;Windows 11&apos;, os.arch: &apos;amd64&apos;, os.version: &apos;10.0&apos;, java.version: &apos;21.0.3&apos;&#10;Driver info: org.openqa.selenium.chrome.ChromeDriver&#10;Command: [f7a1dfb568ee62d28ec442db09b58080, clickElement {id=f.3F3541340776F07128B1B1372060A52F.d.533796638396631D9A2077E73F56EAA2.e.30}]&#10;Capabilities {acceptInsecureCerts: false, browserName: chrome, browserVersion: 127.0.6533.74, chrome: {chromedriverVersion: 127.0.6533.88 (a2d0cb026721..., userDataDir: C:\Windows\SystemTemp\scope...}, fedcm:accounts: true, goog:chromeOptions: {debuggerAddress: localhost:56133}, networkConnectionEnabled: false, pageLoadStrategy: normal, platformName: windows, proxy: Proxy(), se:cdp: ws://localhost:56133/devtoo..., se:cdpVersion: 127.0.6533.74, setWindowRect: true, strictFileInteractability: false, timeouts: {implicit: 0, pageLoad: 300000, script: 30000}, unhandledPromptBehavior: dismiss and notify, webauthn:extension:credBlob: true, webauthn:extension:largeBlob: true, webauthn:extension:minPinLength: true, webauthn:extension:prf: true, webauthn:virtualAuthenticators: true}&#10;Element: [[ChromeDriver: chrome on windows (f7a1dfb568ee62d28ec442db09b58080)] -&gt; id: otp-match-now]&#10;Session ID: f7a1dfb568ee62d28ec442db09b58080"/>
  </testcase>
  <testcase name="testEnterValuesAndAddWebApp" classname="tests.CompanyInfoTest" time="0.0">
[...]
  </testcase>
  <testcase name="testPasswordVisibilityToggle" classname="tests.VendorRegistrationTest" time="0.0">
    <skipped message="element not interactable&#10;  (Session info: chrome=127.0.6533.74)&#10;Build info: version: &apos;4.22.0&apos;, revision: &apos;c5f3146703*&apos;&#10;System info: os.name: &apos;Windows 11&apos;, os.arch: &apos;amd64&apos;, os.version: &apos;10.0&apos;, java.version: &apos;21.0.3&apos;&#10;Driver info: org.openqa.selenium.chrome.ChromeDriver&#10;Command: [e78bdd156faa0fb403c6e9332241d476, clickElement {id=f.3940FD7168B7D9D32468362932246CAE.d.61A67785E40F513810BCF34446313A7C.e.30}]&#10;Capabilities {acceptInsecureCerts: false, browserName: chrome, browserVersion: 127.0.6533.74, chrome: {chromedriverVersion: 127.0.6533.88 (a2d0cb026721..., userDataDir: C:\Windows\SystemTemp\scope...}, fedcm:accounts: true, goog:chromeOptions: {debuggerAddress: localhost:58681}, networkConnectionEnabled: false, pageLoadStrategy: normal, platformName: windows, proxy: Proxy(), se:cdp: ws://localhost:58681/devtoo..., se:cdpVersion: 127.0.6533.74, setWindowRect: true, strictFileInteractability: false, timeouts: {implicit: 0, pageLoad: 300000, script: 30000}, unhandledPromptBehavior: dismiss and notify, webauthn:extension:credBlob: true, webauthn:extension:largeBlob: true, webauthn:extension:minPinLength: true, webauthn:extension:prf: true, webauthn:virtualAuthenticators: true}&#10;Element: [[ChromeDriver: chrome on windows (e78bdd156faa0fb403c6e9332241d476)] -&gt; id: otp-match-now]&#10;Session ID: e78bdd156faa0fb403c6e9332241d476"/>
  </testcase>
  <testcase name="testSelectState" classname="tests.VendorRegistrationTest" time="0.0">
    <skipped message="element not interactable&#10;  (Session info: chrome=127.0.6533.74)&#10;Build info: version: &apos;4.22.0&apos;, revision: &apos;c5f3146703*&apos;&#10;System info: os.name: &apos;Windows 11&apos;, os.arch: &apos;amd64&apos;, os.version: &apos;10.0&apos;, java.version: &apos;21.0.3&apos;&#10;Driver info: org.openqa.selenium.chrome.ChromeDriver&#10;Command: [e78bdd156faa0fb403c6e9332241d476, clickElement {id=f.3940FD7168B7D9D32468362932246CAE.d.61A67785E40F513810BCF34446313A7C.e.30}]&#10;Capabilities {acceptInsecureCerts: false, browserName: chrome, browserVersion: 127.0.6533.74, chrome: {chromedriverVersion: 127.0.6533.88 (a2d0cb026721..., userDataDir: C:\Windows\SystemTemp\scope...}, fedcm:accounts: true, goog:chromeOptions: {debuggerAddress: localhost:58681}, networkConnectionEnabled: false, pageLoadStrategy: normal, platformName: windows, proxy: Proxy(), se:cdp: ws://localhost:58681/devtoo..., se:cdpVersion: 127.0.6533.74, setWindowRect: true, strictFileInteractability: false, timeouts: {implicit: 0, pageLoad: 300000, script: 30000}, unhandledPromptBehavior: dismiss and notify, webauthn:extension:credBlob: true, webauthn:extension:largeBlob: true, webauthn:extension:minPinLength: true, webauthn:extension:prf: true, webauthn:virtualAuthenticators: true}&#10;Element: [[ChromeDriver: chrome on windows (e78bdd156faa0fb403c6e9332241d476)] -&gt; id: otp-match-now]&#10;Session ID: e78bdd156faa0fb403c6e9332241d476"/>
  </testcase>
  <testcase name="testSelectValidBusinessType" classname="tests.VendorRegistrationTest" time="0.0">
    <skipped message="element not interactable&#10;  (Session info: chrome=127.0.6533.74)&#10;Build info: version: &apos;4.22.0&apos;, revision: &apos;c5f3146703*&apos;&#10;System info: os.name: &apos;Windows 11&apos;, os.arch: &apos;amd64&apos;, os.version: &apos;10.0&apos;, java.version: &apos;21.0.3&apos;&#10;Driver info: org.openqa.selenium.chrome.ChromeDriver&#10;Command: [e78bdd156faa0fb403c6e9332241d476, clickElement {id=f.3940FD7168B7D9D32468362932246CAE.d.61A67785E40F513810BCF34446313A7C.e.30}]&#10;Capabilities {acceptInsecureCerts: false, browserName: chrome, browserVersion: 127.0.6533.74, chrome: {chromedriverVersion: 127.0.6533.88 (a2d0cb026721..., userDataDir: C:\Windows\SystemTemp\scope...}, fedcm:accounts: true, goog:chromeOptions: {debuggerAddress: localhost:58681}, networkConnectionEnabled: false, pageLoadStrategy: normal, platformName: windows, proxy: Proxy(), se:cdp: ws://localhost:58681/devtoo..., se:cdpVersion: 127.0.6533.74, setWindowRect: true, strictFileInteractability: false, timeouts: {implicit: 0, pageLoad: 300000, script: 30000}, unhandledPromptBehavior: dismiss and notify, webauthn:extension:credBlob: true, webauthn:extension:largeBlob: true, webauthn:extension:minPinLength: true, webauthn:extension:prf: true, webauthn:virtualAuthenticators: true}&#10;Element: [[ChromeDriver: chrome on windows (e78bdd156faa0fb403c6e9332241d476)] -&gt; id: otp-match-now]&#10;Session ID: e78bdd156faa0fb403c6e9332241d476"/>
  </testcase>
  <testcase name="testSpecialAndNumericValuesInCompanyName" classname="tests.VendorRegistrationTest" time="0.0">
    <skipped message="element not interactable&#10;  (Session info: chrome=127.0.6533.74)&#10;Build info: version: &apos;4.22.0&apos;, revision: &apos;c5f3146703*&apos;&#10;System info: os.name: &apos;Windows 11&apos;, os.arch: &apos;amd64&apos;, os.version: &apos;10.0&apos;, java.version: &apos;21.0.3&apos;&#10;Driver info: org.openqa.selenium.chrome.ChromeDriver&#10;Command: [e78bdd156faa0fb403c6e9332241d476, clickElement {id=f.3940FD7168B7D9D32468362932246CAE.d.61A67785E40F513810BCF34446313A7C.e.30}]&#10;Capabilities {acceptInsecureCerts: false, browserName: chrome, browserVersion: 127.0.6533.74, chrome: {chromedriverVersion: 127.0.6533.88 (a2d0cb026721..., userDataDir: C:\Windows\SystemTemp\scope...}, fedcm:accounts: true, goog:chromeOptions: {debuggerAddress: localhost:58681}, networkConnectionEnabled: false, pageLoadStrategy: normal, platformName: windows, proxy: Proxy(), se:cdp: ws://localhost:58681/devtoo..., se:cdpVersion: 127.0.6533.74, setWindowRect: true, strictFileInteractability: false, timeouts: {implicit: 0, pageLoad: 300000, script: 30000}, unhandledPromptBehavior: dismiss and notify, webauthn:extension:credBlob: true, webauthn:extension:largeBlob: true, webauthn:extension:minPinLength: true, webauthn:extension:prf: true, webauthn:virtualAuthenticators: true}&#10;Element: [[ChromeDriver: chrome on windows (e78bdd156faa0fb403c6e9332241d476)] -&gt; id: otp-match-now]&#10;Session ID: e78bdd156faa0fb403c6e9332241d476"/>
  </testcase>
  <testcase name="testValidCityName" classname="tests.VendorRegistrationTest" time="0.0">
    <skipped message="element not interactable&#10;  (Session info: chrome=127.0.6533.74)&#10;Build info: version: &apos;4.22.0&apos;, revision: &apos;c5f3146703*&apos;&#10;System info: os.name: &apos;Windows 11&apos;, os.arch: &apos;amd64&apos;, os.version: &apos;10.0&apos;, java.version: &apos;21.0.3&apos;&#10;Driver info: org.openqa.selenium.chrome.ChromeDriver&#10;Command: [e78bdd156faa0fb403c6e9332241d476, clickElement {id=f.3940FD7168B7D9D32468362932246CAE.d.61A67785E40F513810BCF34446313A7C.e.30}]&#10;Capabilities {acceptInsecureCerts: false, browserName: chrome, browserVersion: 127.0.6533.74, chrome: {chromedriverVersion: 127.0.6533.88 (a2d0cb026721..., userDataDir: C:\Windows\SystemTemp\scope...}, fedcm:accounts: true, goog:chromeOptions: {debuggerAddress: localhost:58681}, networkConnectionEnabled: false, pageLoadStrategy: normal, platformName: windows, proxy: Proxy(), se:cdp: ws://localhost:58681/devtoo..., se:cdpVersion: 127.0.6533.74, setWindowRect: true, strictFileInteractability: false, timeouts: {implicit: 0, pageLoad: 300000, script: 30000}, unhandledPromptBehavior: dismiss and notify, webauthn:extension:credBlob: true, webauthn:extension:largeBlob: true, webauthn:extension:minPinLength: true, webauthn:extension:prf: true, webauthn:virtualAuthenticators: true}&#10;Element: [[ChromeDriver: chrome on windows (e78bdd156faa0fb403c6e9332241d476)] -&gt; id: otp-match-now]&#10;Session ID: e78bdd156faa0fb403c6e9332241d476"/>
  </testcase>
  <testcase name="testValidCompanyAddressSubmission" classname="tests.VendorRegistrationTest" time="0.0">
    <skipped message="element not interactable&#10;  (Session info: chrome=127.0.6533.74)&#10;Build info: version: &apos;4.22.0&apos;, revision: &apos;c5f3146703*&apos;&#10;System info: os.name: &apos;Windows 11&apos;, os.arch: &apos;amd64&apos;, os.version: &apos;10.0&apos;, java.version: &apos;21.0.3&apos;&#10;Driver info: org.openqa.selenium.chrome.ChromeDriver&#10;Command: [e78bdd156faa0fb403c6e9332241d476, clickElement {id=f.3940FD7168B7D9D32468362932246CAE.d.61A67785E40F513810BCF34446313A7C.e.30}]&#10;Capabilities {acceptInsecureCerts: false, browserName: chrome, browserVersion: 127.0.6533.74, chrome: {chromedriverVersion: 127.0.6533.88 (a2d0cb026721..., userDataDir: C:\Windows\SystemTemp\scope...}, fedcm:accounts: true, goog:chromeOptions: {debuggerAddress: localhost:58681}, networkConnectionEnabled: false, pageLoadStrategy: normal, platformName: windows, proxy: Proxy(), se:cdp: ws://localhost:58681/devtoo..., se:cdpVersion: 127.0.6533.74, setWindowRect: true, strictFileInteractability: false, timeouts: {implicit: 0, pageLoad: 300000, script: 30000}, unhandledPromptBehavior: dismiss and notify, webauthn:extension:credBlob: true, webauthn:extension:largeBlob: true, webauthn:extension:minPinLength: true, webauthn:extension:prf: true, webauthn:virtualAuthenticators: true}&#10;Element: [[ChromeDriver: chrome on windows (e78bdd156faa0fb403c6e9332241d476)] -&gt; id: otp-match-now]&#10;Session ID: e78bdd156faa0fb403c6e9332241d476"/>
  </testcase>
  <testcase name="testValidCompanyNameInput" classname="tests.VendorRegistrationTest" time="0.0">
    <skipped message="element not interactable&#10;  (Session info: chrome=127.0.6533.74)&#10;Build info: version: &apos;4.22.0&apos;, revision: &apos;c5f3146703*&apos;&#10;System info: os.name: &apos;Windows 11&apos;, os.arch: &apos;amd64&apos;, os.version: &apos;10.0&apos;, java.version: &apos;21.0.3&apos;&#10;Driver info: org.openqa.selenium.chrome.ChromeDriver&#10;Command: [e78bdd156faa0fb403c6e9332241d476, clickElement {id=f.3940FD7168B7D9D32468362932246CAE.d.61A67785E40F513810BCF34446313A7C.e.30}]&#10;Capabilities {acceptInsecureCerts: false, browserName: chrome, browserVersion: 127.0.6533.74, chrome: {chromedriverVersion: 127.0.6533.88 (a2d0cb026721..., userDataDir: C:\Windows\SystemTemp\scope...}, fedcm:accounts: true, goog:chromeOptions: {debuggerAddress: localhost:58681}, networkConnectionEnabled: false, pageLoadStrategy: normal, platformName: windows, proxy: Proxy(), se:cdp: ws://localhost:58681/devtoo..., se:cdpVersion: 127.0.6533.74, setWindowRect: true, strictFileInteractability: false, timeouts: {implicit: 0, pageLoad: 300000, script: 30000}, unhandledPromptBehavior: dismiss and notify, webauthn:extension:credBlob: true, webauthn:extension:largeBlob: true, webauthn:extension:minPinLength: true, webauthn:extension:prf: true, webauthn:virtualAuthenticators: true}&#10;Element: [[ChromeDriver: chrome on windows (e78bdd156faa0fb403c6e9332241d476)] -&gt; id: otp-match-now]&#10;Session ID: e78bdd156faa0fb403c6e9332241d476"/>
  </testcase>
  <testcase name="testVendorMenuVisibilityAndClickability" classname="tests.VendorRegistrationTest" time="0.0">
    <skipped message="element not interactable&#10;  (Session info: chrome=127.0.6533.74)&#10;Build info: version: &apos;4.22.0&apos;, revision: &apos;c5f3146703*&apos;&#10;System info: os.name: &apos;Windows 11&apos;, os.arch: &apos;amd64&apos;, os.version: &apos;10.0&apos;, java.version: &apos;21.0.3&apos;&#10;Driver info: org.openqa.selenium.chrome.ChromeDriver&#10;Command: [e78bdd156faa0fb403c6e9332241d476, clickElement {id=f.3940FD7168B7D9D32468362932246CAE.d.61A67785E40F513810BCF34446313A7C.e.30}]&#10;Capabilities {acceptInsecureCerts: false, browserName: chrome, browserVersion: 127.0.6533.74, chrome: {chromedriverVersion: 127.0.6533.88 (a2d0cb026721..., userDataDir: C:\Windows\SystemTemp\scope...}, fedcm:accounts: true, goog:chromeOptions: {debuggerAddress: localhost:58681}, networkConnectionEnabled: false, pageLoadStrategy: normal, platformName: windows, proxy: Proxy(), se:cdp: ws://localhost:58681/devtoo..., se:cdpVersion: 127.0.6533.74, setWindowRect: true, strictFileInteractability: false, timeouts: {implicit: 0, pageLoad: 300000, script: 30000}, unhandledPromptBehavior: dismiss and notify, webauthn:extension:credBlob: true, webauthn:extension:largeBlob: true, webauthn:extension:minPinLength: true, webauthn:extension:prf: true, webauthn:virtualAuthenticators: true}&#10;Element: [[ChromeDriver: chrome on windows (e78bdd156faa0fb403c6e9332241d476)] -&gt; id: otp-match-now]&#10;Session ID: e78bdd156faa0fb403c6e9332241d476"/>
  </testcase>
  <testcase name="testVendorOnboardingMenuVisibilityAndClickability" classname="tests.VendorRegistrationTest" time="0.0">
    <skipped message="element not interactable&#10;  (Session info: chrome=127.0.6533.74)&#10;Build info: version: &apos;4.22.0&apos;, revision: &apos;c5f3146703*&apos;&#10;System info: os.name: &apos;Windows 11&apos;, os.arch: &apos;amd64&apos;, os.version: &apos;10.0&apos;, java.version: &apos;21.0.3&apos;&#10;Driver info: org.openqa.selenium.chrome.ChromeDriver&#10;Command: [e78bdd156faa0fb403c6e9332241d476, clickElement {id=f.3940FD7168B7D9D32468362932246CAE.d.61A67785E40F513810BCF34446313A7C.e.30}]&#10;Capabilities {acceptInsecureCerts: false, browserName: chrome, browserVersion: 127.0.6533.74, chrome: {chromedriverVersion: 127.0.6533.88 (a2d0cb026721..., userDataDir: C:\Windows\SystemTemp\scope...}, fedcm:accounts: true, goog:chromeOptions: {debuggerAddress: localhost:58681}, networkConnectionEnabled: false, pageLoadStrategy: normal, platformName: windows, proxy: Proxy(), se:cdp: ws://localhost:58681/devtoo..., se:cdpVersion: 127.0.6533.74, setWindowRect: true, strictFileInteractability: false, timeouts: {implicit: 0, pageLoad: 300000, script: 30000}, unhandledPromptBehavior: dismiss and notify, webauthn:extension:credBlob: true, webauthn:extension:largeBlob: true, webauthn:extension:minPinLength: true, webauthn:extension:prf: true, webauthn:virtualAuthenticators: true}&#10;Element: [[ChromeDriver: chrome on windows (e78bdd156faa0fb403c6e9332241d476)] -&gt; id: otp-match-now]&#10;Session ID: e78bdd156faa0fb403c6e9332241d476"/>
  </testcase>
  <testcase name="testWeakPassword" classname="tests.VendorRegistrationTest" time="0.0">
    <skipped message="element not interactable&#10;  (Session info: chrome=127.0.6533.74)&#10;Build info: version: &apos;4.22.0&apos;, revision: &apos;c5f3146703*&apos;&#10;System info: os.name: &apos;Windows 11&apos;, os.arch: &apos;amd64&apos;, os.version: &apos;10.0&apos;, java.version: &apos;21.0.3&apos;&#10;Driver info: org.openqa.selenium.chrome.ChromeDriver&#10;Command: [e78bdd156faa0fb403c6e9332241d476, clickElement {id=f.3940FD7168B7D9D32468362932246CAE.d.61A67785E40F513810BCF34446313A7C.e.30}]&#10;Capabilities {acceptInsecureCerts: false, browserName: chrome, browserVersion: 127.0.6533.74, chrome: {chromedriverVersion: 127.0.6533.88 (a2d0cb026721..., userDataDir: C:\Windows\SystemTemp\scope...}, fedcm:accounts: true, goog:chromeOptions: {debuggerAddress: localhost:58681}, networkConnectionEnabled: false, pageLoadStrategy: normal, platformName: windows, proxy: Proxy(), se:cdp: ws://localhost:58681/devtoo..., se:cdpVersion: 127.0.6533.74, setWindowRect: true, strictFileInteractability: false, timeouts: {implicit: 0, pageLoad: 300000, script: 30000}, unhandledPromptBehavior: dismiss and notify, webauthn:extension:credBlob: true, webauthn:extension:largeBlob: true, webauthn:extension:minPinLength: true, webauthn:extension:prf: true, webauthn:virtualAuthenticators: true}&#10;Element: [[ChromeDriver: chrome on windows (e78bdd156faa0fb403c6e9332241d476)] -&gt; id: otp-match-now]&#10;Session ID: e78bdd156faa0fb403c6e9332241d476"/>
  </testcase>
  <testcase name="uploadFileVendorAgreement" classname="tests.VendorRegistrationTest" time="0.0">
    <skipped message="element not interactable&#10;  (Session info: chrome=127.0.6533.74)&#10;Build info: version: &apos;4.22.0&apos;, revision: &apos;c5f3146703*&apos;&#10;System info: os.name: &apos;Windows 11&apos;, os.arch: &apos;amd64&apos;, os.version: &apos;10.0&apos;, java.version: &apos;21.0.3&apos;&#10;Driver info: org.openqa.selenium.chrome.ChromeDriver&#10;Command: [e78bdd156faa0fb403c6e9332241d476, clickElement {id=f.3940FD7168B7D9D32468362932246CAE.d.61A67785E40F513810BCF34446313A7C.e.30}]&#10;Capabilities {acceptInsecureCerts: false, browserName: chrome, browserVersion: 127.0.6533.74, chrome: {chromedriverVersion: 127.0.6533.88 (a2d0cb026721..., userDataDir: C:\Windows\SystemTemp\scope...}, fedcm:accounts: true, goog:chromeOptions: {debuggerAddress: localhost:58681}, networkConnectionEnabled: false, pageLoadStrategy: normal, platformName: windows, proxy: Proxy(), se:cdp: ws://localhost:58681/devtoo..., se:cdpVersion: 127.0.6533.74, setWindowRect: true, strictFileInteractability: false, timeouts: {implicit: 0, pageLoad: 300000, script: 30000}, unhandledPromptBehavior: dismiss and notify, webauthn:extension:credBlob: true, webauthn:extension:largeBlob: true, webauthn:extension:minPinLength: true, webauthn:extension:prf: true, webauthn:virtualAuthenticators: true}&#10;Element: [[ChromeDriver: chrome on windows (e78bdd156faa0fb403c6e9332241d476)] -&gt; id: otp-match-now]&#10;Session ID: e78bdd156faa0fb403c6e9332241d476"/>
  </testcase>
  <testcase name="uploadInvalidFileFormatVendorAgreement" classname="tests.VendorRegistrationTest" time="0.0">
    <skipped message="element not interactable&#10;  (Session info: chrome=127.0.6533.74)&#10;Build info: version: &apos;4.22.0&apos;, revision: &apos;c5f3146703*&apos;&#10;System info: os.name: &apos;Windows 11&apos;, os.arch: &apos;amd64&apos;, os.version: &apos;10.0&apos;, java.version: &apos;21.0.3&apos;&#10;Driver info: org.openqa.selenium.chrome.ChromeDriver&#10;Command: [e78bdd156faa0fb403c6e9332241d476, clickElement {id=f.3940FD7168B7D9D32468362932246CAE.d.61A67785E40F513810BCF34446313A7C.e.30}]&#10;Capabilities {acceptInsecureCerts: false, browserName: chrome, browserVersion: 127.0.6533.74, chrome: {chromedriverVersion: 127.0.6533.88 (a2d0cb026721..., userDataDir: C:\Windows\SystemTemp\scope...}, fedcm:accounts: true, goog:chromeOptions: {debuggerAddress: localhost:58681}, networkConnectionEnabled: false, pageLoadStrategy: normal, platformName: windows, proxy: Proxy(), se:cdp: ws://localhost:58681/devtoo..., se:cdpVersion: 127.0.6533.74, setWindowRect: true, strictFileInteractability: false, timeouts: {implicit: 0, pageLoad: 300000, script: 30000}, unhandledPromptBehavior: dismiss and notify, webauthn:extension:credBlob: true, webauthn:extension:largeBlob: true, webauthn:extension:minPinLength: true, webauthn:extension:prf: true, webauthn:virtualAuthenticators: true}&#10;Element: [[ChromeDriver: chrome on windows (e78bdd156faa0fb403c6e9332241d476)] -&gt; id: otp-match-now]&#10;Session ID: e78bdd156faa0fb403c6e9332241d476"/>
  </testcase>
</testsuite>