<?xml version="1.0" encoding="UTF-8"?>
<testsuite xmlns:xsi="http://www.w3.org/2001/XMLSchema-instance" xsi:noNamespaceSchemaLocation="https://maven.apache.org/surefire/maven-surefire-plugin/xsd/surefire-test-report-3.0.xsd" version="3.0" name="TestSuite" time="1447.28" tests="589" errors="0" skipped="534" failures="12">
  <properties>
[...]
</properties>
  <testcase name="CompanyInfo" classname="tests.CompanyInfoTest" time="19.965">
    <system-err><![CDATA[SLF4J: Failed to load class "org.slf4j.impl.StaticLoggerBinder".
SLF4J: Defaulting to no-operation (NOP) logger implementation
SLF4J: See http://www.slf4j.org/codes.html#StaticLoggerBinder for further details.
Jul 30, 2024 1:30:51 PM org.openqa.selenium.devtools.CdpVersionFinder findNearestMatch
WARNING: Unable to find an exact match for CDP version 127, returning the closest version; found: 126; Please update to a Selenium version that supports CDP version 127
]]></system-err>
  </testcase>
  <testcase name="CompanyInfoExceptBankIFSCCode" classname="tests.CompanyInfoTest" time="18.872">
    <system-err><![CDATA[Jul 30, 2024 1:31:25 PM org.openqa.selenium.devtools.CdpVersionFinder findNearestMatch
WARNING: Unable to find an exact match for CDP version 127, returning the closest version; found: 126; Please update to a Selenium version that supports CDP version 127
]]></system-err>
  </testcase>
  <testcase name="selectValidBusinessCategory" classname="tests.CompanyInfoTest" time="0.333">
    <system-err><![CDATA[Jul 30, 2024 1:31:56 PM org.openqa.selenium.devtools.CdpVersionFinder findNearestMatch
WARNING: Unable to find an exact match for CDP version 127, returning the closest version; found: 126; Please update to a Selenium version that supports CDP version 127
]]></system-err>
  </testcase>
  <testcase name="testAddApplicationWithEmptyMandatoryFields" classname="tests.CompanyInfoTest" time="32.304">
    <system-out><![CDATA[https://stageadmin.appxpay.com/onboarding/cokxgpauql/829
]]></system-out>
    <system-err><![CDATA[Jul 30, 2024 1:32:10 PM org.openqa.selenium.devtools.CdpVersionFinder findNearestMatch
WARNING: Unable to find an exact match for CDP version 127, returning the closest version; found: 126; Please update to a Selenium version that supports CDP version 127
]]></system-err>
  </testcase>
  <testcase name="testAddWebApplicationandCloseButton" classname="tests.CompanyInfoTest" time="36.349">
    <system-out><![CDATA[https://stageadmin.appxpay.com/onboarding/cokxgpauql/830
]]></system-out>
    <system-err><![CDATA[Jul 30, 2024 1:32:56 PM org.openqa.selenium.devtools.CdpVersionFinder findNearestMatch
WARNING: Unable to find an exact match for CDP version 127, returning the closest version; found: 126; Please update to a Selenium version that supports CDP version 127
]]></system-err>
  </testcase>
  <testcase name="testAlphabeticCharactersInBankAccountNumberField" classname="tests.CompanyInfoTest" time="2.114">
    <system-err><![CDATA[Jul 30, 2024 1:33:46 PM org.openqa.selenium.devtools.CdpVersionFinder findNearestMatch
WARNING: Unable to find an exact match for CDP version 127, returning the closest version; found: 126; Please update to a Selenium version that supports CDP version 127
]]></system-err>
  </testcase>
  <testcase name="testCancelButtonIsClickable" classname="tests.CompanyInfoTest" time="10.032">
    <failure message="no such element: Unable to locate element: {&quot;method&quot;:&quot;css selector&quot;,&quot;selector&quot;:&quot;.swal2-cancel.btn.btn-danger&quot;}&#10;  (Session info: chrome=127.0.6533.72)&#10;For documentation on this error, please visit: https://www.selenium.dev/documentation/webdriver/troubleshooting/errors#no-such-element-exception&#10;Build info: version: &apos;4.22.0&apos;, revision: &apos;c5f3146703*&apos;&#10;System info: os.name: &apos;Windows 11&apos;, os.arch: &apos;amd64&apos;, os.version: &apos;10.0&apos;, java.version: &apos;21.0.3&apos;&#10;Driver info: org.openqa.selenium.chrome.ChromeDriver&#10;Command: [0c97ba3af88f38fe4e7a122549606f05, findElement {value=.swal2-cancel.btn.btn-danger, using=css selector}]&#10;Capabilities {acceptInsecureCerts: false, browserName: chrome, browserVersion: 127.0.6533.72, chrome: {chromedriverVersion: 127.0.6533.72 (9755e24ca85a..., userDataDir: C:\Windows\SystemTemp\scope...}, fedcm:accounts: true, goog:chromeOptions: {debuggerAddress: localhost:62340}, networkConnectionEnabled: false, pageLoadStrategy: normal, platformName: windows, proxy: Proxy(), se:cdp: ws://localhost:62340/devtoo..., se:cdpVersion: 127.0.6533.72, setWindowRect: true, strictFileInteractability: false, timeouts: {implicit: 0, pageLoad: 300000, script: 30000}, unhandledPromptBehavior: dismiss and notify, webauthn:extension:credBlob: true, webauthn:extension:largeBlob: true, webauthn:extension:minPinLength: true, webauthn:extension:prf: true, webauthn:virtualAuthenticators: true}&#10;Session ID: 0c97ba3af88f38fe4e7a122549606f05" type="org.openqa.selenium.NoSuchElementException"><![CDATA[org.openqa.selenium.NoSuchElementException: 
no such element: Unable to locate element: {"method":"css selector","selector":".swal2-cancel.btn.btn-danger"}
  (Session info: chrome=127.0.6533.72)
For documentation on this error, please visit: https://www.selenium.dev/documentation/webdriver/troubleshooting/errors#no-such-element-exception
Build info: version: '4.22.0', revision: 'c5f3146703*'
System info: os.name: 'Windows 11', os.arch: 'amd64', os.version: '10.0', java.version: '21.0.3'
Driver info: org.openqa.selenium.chrome.ChromeDriver
Command: [0c97ba3af88f38fe4e7a122549606f05, findElement {value=.swal2-cancel.btn.btn-danger, using=css selector}]
Capabilities {acceptInsecureCerts: false, browserName: chrome, browserVersion: 127.0.6533.72, chrome: {chromedriverVersion: 127.0.6533.72 (9755e24ca85a..., userDataDir: C:\Windows\SystemTemp\scope...}, fedcm:accounts: true, goog:chromeOptions: {debuggerAddress: localhost:62340}, networkConnectionEnabled: false, pageLoadStrategy: normal, platformName: windows, proxy: Proxy(), se:cdp: ws://localhost:62340/devtoo..., se:cdpVersion: 127.0.6533.72, setWindowRect: true, strictFileInteractability: false, timeouts: {implicit: 0, pageLoad: 300000, script: 30000}, unhandledPromptBehavior: dismiss and notify, webauthn:extension:credBlob: true, webauthn:extension:largeBlob: true, webauthn:extension:minPinLength: true, webauthn:extension:prf: true, webauthn:virtualAuthenticators: true}
Session ID: 0c97ba3af88f38fe4e7a122549606f05
	at java.base/jdk.internal.reflect.DirectConstructorHandleAccessor.newInstance(DirectConstructorHandleAccessor.java:62)
	at java.base/java.lang.reflect.Constructor.newInstanceWithCaller(Constructor.java:502)
	at java.base/java.lang.reflect.Constructor.newInstance(Constructor.java:486)
	at org.openqa.selenium.remote.ErrorCodec.decode(ErrorCodec.java:167)
	at org.openqa.selenium.remote.codec.w3c.W3CHttpResponseCodec.decode(W3CHttpResponseCodec.java:138)
	at org.openqa.selenium.remote.codec.w3c.W3CHttpResponseCodec.decode(W3CHttpResponseCodec.java:50)
	at org.openqa.selenium.remote.HttpCommandExecutor.execute(HttpCommandExecutor.java:190)
	at org.openqa.selenium.remote.service.DriverCommandExecutor.invokeExecute(DriverCommandExecutor.java:216)
	at org.openqa.selenium.remote.service.DriverCommandExecutor.execute(DriverCommandExecutor.java:174)
	at org.openqa.selenium.remote.RemoteWebDriver.execute(RemoteWebDriver.java:518)
	at org.openqa.selenium.remote.ElementLocation$ElementFinder$2.findElement(ElementLocation.java:165)
	at org.openqa.selenium.remote.ElementLocation.findElement(ElementLocation.java:59)
	at org.openqa.selenium.remote.RemoteWebDriver.findElement(RemoteWebDriver.java:355)
	at org.openqa.selenium.remote.RemoteWebDriver.findElement(RemoteWebDriver.java:349)
	at pages.MerchantOnboardPage.isCancelButtonEnabled(MerchantOnboardPage.java:923)
	at tests.CompanyInfoTest.testCancelButtonIsClickable(CompanyInfoTest.java:1003)
	at java.base/jdk.internal.reflect.DirectMethodHandleAccessor.invoke(DirectMethodHandleAccessor.java:103)
	at java.base/java.lang.reflect.Method.invoke(Method.java:580)
	at org.testng.internal.invokers.MethodInvocationHelper.invokeMethod(MethodInvocationHelper.java:141)
	at org.testng.internal.invokers.TestInvoker.invokeMethod(TestInvoker.java:686)
	at org.testng.internal.invokers.TestInvoker.invokeTestMethod(TestInvoker.java:230)
	at org.testng.internal.invokers.MethodRunner.runInSequence(MethodRunner.java:63)
	at org.testng.internal.invokers.TestInvoker$MethodInvocationAgent.invoke(TestInvoker.java:992)
	at org.testng.internal.invokers.TestInvoker.invokeTestMethods(TestInvoker.java:203)
	at org.testng.internal.invokers.TestMethodWorker.invokeTestMethods(TestMethodWorker.java:154)
	at org.testng.internal.invokers.TestMethodWorker.run(TestMethodWorker.java:134)
	at java.base/java.util.ArrayList.forEach(ArrayList.java:1596)
	at org.testng.TestRunner.privateRun(TestRunner.java:739)
	at org.testng.TestRunner.run(TestRunner.java:614)
	at org.testng.SuiteRunner.runTest(SuiteRunner.java:421)
	at org.testng.SuiteRunner.runSequentially(SuiteRunner.java:413)
	at org.testng.SuiteRunner.privateRun(SuiteRunner.java:373)
	at org.testng.SuiteRunner.run(SuiteRunner.java:312)
	at org.testng.SuiteRunnerWorker.runSuite(SuiteRunnerWorker.java:52)
	at org.testng.SuiteRunnerWorker.run(SuiteRunnerWorker.java:95)
	at org.testng.TestNG.runSuitesSequentially(TestNG.java:1274)
	at org.testng.TestNG.runSuitesLocally(TestNG.java:1208)
	at org.testng.TestNG.runSuites(TestNG.java:1112)
	at org.testng.TestNG.run(TestNG.java:1079)
	at org.apache.maven.surefire.testng.TestNGExecutor.run(TestNGExecutor.java:155)
	at org.apache.maven.surefire.testng.TestNGDirectoryTestSuite.executeMulti(TestNGDirectoryTestSuite.java:169)
	at org.apache.maven.surefire.testng.TestNGDirectoryTestSuite.execute(TestNGDirectoryTestSuite.java:88)
	at org.apache.maven.surefire.testng.TestNGProvider.invoke(TestNGProvider.java:137)
	at org.apache.maven.surefire.booter.ForkedBooter.runSuitesInProcess(ForkedBooter.java:385)
	at org.apache.maven.surefire.booter.ForkedBooter.execute(ForkedBooter.java:162)
	at org.apache.maven.surefire.booter.ForkedBooter.run(ForkedBooter.java:507)
	at org.apache.maven.surefire.booter.ForkedBooter.main(ForkedBooter.java:495)
]]></failure>
    <system-err><![CDATA[Jul 30, 2024 1:34:01 PM org.openqa.selenium.devtools.CdpVersionFinder findNearestMatch
WARNING: Unable to find an exact match for CDP version 127, returning the closest version; found: 126; Please update to a Selenium version that supports CDP version 127
]]></system-err>
  </testcase>
  <testcase name="testChangeOrderPrefix" classname="tests.CompanyInfoTest" time="34.492">
    <system-out><![CDATA[https://stageadmin.appxpay.com/onboarding/cokxgpauql/833
ORD7484666
invalid element state
  (Session info: chrome=127.0.6533.72)
Build info: version: '4.22.0', revision: 'c5f3146703*'
System info: os.name: 'Windows 11', os.arch: 'amd64', os.version: '10.0', java.version: '21.0.3'
Driver info: org.openqa.selenium.chrome.ChromeDriver
Command: [57e234d09810dbc5816ad5edc0fb761c, clearElement {id=f.86C75C00054DDBC8FC43FFF43E31319F.d.431E820CBE6F43EBC465C43120D8740C.e.707}]
Capabilities {acceptInsecureCerts: false, browserName: chrome, browserVersion: 127.0.6533.72, chrome: {chromedriverVersion: 127.0.6533.72 (9755e24ca85a..., userDataDir: C:\Windows\SystemTemp\scope...}, fedcm:accounts: true, goog:chromeOptions: {debuggerAddress: localhost:62400}, networkConnectionEnabled: false, pageLoadStrategy: normal, platformName: windows, proxy: Proxy(), se:cdp: ws://localhost:62400/devtoo..., se:cdpVersion: 127.0.6533.72, setWindowRect: true, strictFileInteractability: false, timeouts: {implicit: 0, pageLoad: 300000, script: 30000}, unhandledPromptBehavior: dismiss and notify, webauthn:extension:credBlob: true, webauthn:extension:largeBlob: true, webauthn:extension:minPinLength: true, webauthn:extension:prf: true, webauthn:virtualAuthenticators: true}
Element: [[ChromeDriver: chrome on windows (57e234d09810dbc5816ad5edc0fb761c)] -> id: order_prefix]
Session ID: 57e234d09810dbc5816ad5edc0fb761c
]]></system-out>
    <system-err><![CDATA[Jul 30, 2024 1:34:24 PM org.openqa.selenium.devtools.CdpVersionFinder findNearestMatch
WARNING: Unable to find an exact match for CDP version 127, returning the closest version; found: 126; Please update to a Selenium version that supports CDP version 127
]]></system-err>
  </testcase>
  <testcase name="testClickCloseButton" classname="tests.CompanyInfoTest" time="31.291">
    <system-out><![CDATA[https://stageadmin.appxpay.com/onboarding/cokxgpauql/834
]]></system-out>
    <system-err><![CDATA[Jul 30, 2024 1:35:11 PM org.openqa.selenium.devtools.CdpVersionFinder findNearestMatch
WARNING: Unable to find an exact match for CDP version 127, returning the closest version; found: 126; Please update to a Selenium version that supports CDP version 127
]]></system-err>
  </testcase>
  <testcase name="testClickCompanyInfoTab" classname="tests.CompanyInfoTest" time="17.266">
    <system-out><![CDATA[https://stageadmin.appxpay.com/onboarding/cokxgpauql/835
]]></system-out>
    <system-err><![CDATA[Jul 30, 2024 1:35:55 PM org.openqa.selenium.devtools.CdpVersionFinder findNearestMatch
WARNING: Unable to find an exact match for CDP version 127, returning the closest version; found: 126; Please update to a Selenium version that supports CDP version 127
]]></system-err>
  </testcase>
  <testcase name="companyPage" classname="tests.CompanyInfoTest" time="26.662">
    <failure message="element not interactable&#10;  (Session info: chrome=127.0.6533.72)&#10;Build info: version: &apos;4.22.0&apos;, revision: &apos;c5f3146703*&apos;&#10;System info: os.name: &apos;Windows 11&apos;, os.arch: &apos;amd64&apos;, os.version: &apos;10.0&apos;, java.version: &apos;21.0.3&apos;&#10;Driver info: org.openqa.selenium.chrome.ChromeDriver&#10;Command: [bc45cc33ecd8d7f3594b01e09f1ef21b, clickElement {id=f.9845BA9A7ADAA1099D9FD97C3461980B.d.EFE04C64557573E1A47B83E2EEE17EED.e.30}]&#10;Capabilities {acceptInsecureCerts: false, browserName: chrome, browserVersion: 127.0.6533.72, chrome: {chromedriverVersion: 127.0.6533.72 (9755e24ca85a..., userDataDir: C:\Windows\SystemTemp\scope...}, fedcm:accounts: true, goog:chromeOptions: {debuggerAddress: localhost:62560}, networkConnectionEnabled: false, pageLoadStrategy: normal, platformName: windows, proxy: Proxy(), se:cdp: ws://localhost:62560/devtoo..., se:cdpVersion: 127.0.6533.72, setWindowRect: true, strictFileInteractability: false, timeouts: {implicit: 0, pageLoad: 300000, script: 30000}, unhandledPromptBehavior: dismiss and notify, webauthn:extension:credBlob: true, webauthn:extension:largeBlob: true, webauthn:extension:minPinLength: true, webauthn:extension:prf: true, webauthn:virtualAuthenticators: true}&#10;Element: [[ChromeDriver: chrome on windows (bc45cc33ecd8d7f3594b01e09f1ef21b)] -&gt; id: otp-match-now]&#10;Session ID: bc45cc33ecd8d7f3594b01e09f1ef21b" type="org.openqa.selenium.ElementNotInteractableException"><![CDATA[org.openqa.selenium.ElementNotInteractableException: 
element not interactable
  (Session info: chrome=127.0.6533.72)
Build info: version: '4.22.0', revision: 'c5f3146703*'
System info: os.name: 'Windows 11', os.arch: 'amd64', os.version: '10.0', java.version: '21.0.3'
Driver info: org.openqa.selenium.chrome.ChromeDriver
Command: [bc45cc33ecd8d7f3594b01e09f1ef21b, clickElement {id=f.9845BA9A7ADAA1099D9FD97C3461980B.d.EFE04C64557573E1A47B83E2EEE17EED.e.30}]
Capabilities {acceptInsecureCerts: false, browserName: chrome, browserVersion: 127.0.6533.72, chrome: {chromedriverVersion: 127.0.6533.72 (9755e24ca85a..., userDataDir: C:\Windows\SystemTemp\scope...}, fedcm:accounts: true, goog:chromeOptions: {debuggerAddress: localhost:62560}, networkConnectionEnabled: false, pageLoadStrategy: normal, platformName: windows, proxy: Proxy(), se:cdp: ws://localhost:62560/devtoo..., se:cdpVersion: 127.0.6533.72, setWindowRect: true, strictFileInteractability: false, timeouts: {implicit: 0, pageLoad: 300000, script: 30000}, unhandledPromptBehavior: dismiss and notify, webauthn:extension:credBlob: true, webauthn:extension:largeBlob: true, webauthn:extension:minPinLength: true, webauthn:extension:prf: true, webauthn:virtualAuthenticators: true}
Element: [[ChromeDriver: chrome on windows (bc45cc33ecd8d7f3594b01e09f1ef21b)] -> id: otp-match-now]
Session ID: bc45cc33ecd8d7f3594b01e09f1ef21b
	at java.base/jdk.internal.reflect.DirectConstructorHandleAccessor.newInstance(DirectConstructorHandleAccessor.java:62)
	at java.base/java.lang.reflect.Constructor.newInstanceWithCaller(Constructor.java:502)
	at java.base/java.lang.reflect.Constructor.newInstance(Constructor.java:486)
	at org.openqa.selenium.remote.ErrorCodec.decode(ErrorCodec.java:167)
	at org.openqa.selenium.remote.codec.w3c.W3CHttpResponseCodec.decode(W3CHttpResponseCodec.java:138)
	at org.openqa.selenium.remote.codec.w3c.W3CHttpResponseCodec.decode(W3CHttpResponseCodec.java:50)
	at org.openqa.selenium.remote.HttpCommandExecutor.execute(HttpCommandExecutor.java:190)
	at org.openqa.selenium.remote.service.DriverCommandExecutor.invokeExecute(DriverCommandExecutor.java:216)
	at org.openqa.selenium.remote.service.DriverCommandExecutor.execute(DriverCommandExecutor.java:174)
	at org.openqa.selenium.remote.RemoteWebDriver.execute(RemoteWebDriver.java:518)
	at org.openqa.selenium.remote.RemoteWebElement.execute(RemoteWebElement.java:223)
	at org.openqa.selenium.remote.RemoteWebElement.click(RemoteWebElement.java:76)
	at pages.DashboardPage.enterSubmitbtn(DashboardPage.java:25)
	at tests.CompanyInfoTest.companyPage(CompanyInfoTest.java:23)
	at java.base/jdk.internal.reflect.DirectMethodHandleAccessor.invoke(DirectMethodHandleAccessor.java:103)
	at java.base/java.lang.reflect.Method.invoke(Method.java:580)
	at org.testng.internal.invokers.MethodInvocationHelper.invokeMethod(MethodInvocationHelper.java:141)
	at org.testng.internal.invokers.MethodInvocationHelper.invokeMethodConsideringTimeout(MethodInvocationHelper.java:71)
	at org.testng.internal.invokers.ConfigInvoker.invokeConfigurationMethod(ConfigInvoker.java:400)
	at org.testng.internal.invokers.ConfigInvoker.invokeConfigurations(ConfigInvoker.java:333)
	at org.testng.internal.invokers.TestInvoker.runConfigMethods(TestInvoker.java:833)
	at org.testng.internal.invokers.TestInvoker.invokeMethod(TestInvoker.java:600)
	at org.testng.internal.invokers.TestInvoker.invokeTestMethod(TestInvoker.java:230)
	at org.testng.internal.invokers.MethodRunner.runInSequence(MethodRunner.java:63)
	at org.testng.internal.invokers.TestInvoker$MethodInvocationAgent.invoke(TestInvoker.java:992)
	at org.testng.internal.invokers.TestInvoker.invokeTestMethods(TestInvoker.java:203)
	at org.testng.internal.invokers.TestMethodWorker.invokeTestMethods(TestMethodWorker.java:154)
	at org.testng.internal.invokers.TestMethodWorker.run(TestMethodWorker.java:134)
	at java.base/java.util.ArrayList.forEach(ArrayList.java:1596)
	at org.testng.TestRunner.privateRun(TestRunner.java:739)
	at org.testng.TestRunner.run(TestRunner.java:614)
	at org.testng.SuiteRunner.runTest(SuiteRunner.java:421)
	at org.testng.SuiteRunner.runSequentially(SuiteRunner.java:413)
	at org.testng.SuiteRunner.privateRun(SuiteRunner.java:373)
	at org.testng.SuiteRunner.run(SuiteRunner.java:312)
	at org.testng.SuiteRunnerWorker.runSuite(SuiteRunnerWorker.java:52)
	at org.testng.SuiteRunnerWorker.run(SuiteRunnerWorker.java:95)
	at org.testng.TestNG.runSuitesSequentially(TestNG.java:1274)
	at org.testng.TestNG.runSuitesLocally(TestNG.java:1208)
	at org.testng.TestNG.runSuites(TestNG.java:1112)
	at org.testng.TestNG.run(TestNG.java:1079)
	at org.apache.maven.surefire.testng.TestNGExecutor.run(TestNGExecutor.java:155)
	at org.apache.maven.surefire.testng.TestNGDirectoryTestSuite.executeMulti(TestNGDirectoryTestSuite.java:169)
	at org.apache.maven.surefire.testng.TestNGDirectoryTestSuite.execute(TestNGDirectoryTestSuite.java:88)
	at org.apache.maven.surefire.testng.TestNGProvider.invoke(TestNGProvider.java:137)
	at org.apache.maven.surefire.booter.ForkedBooter.runSuitesInProcess(ForkedBooter.java:385)
	at org.apache.maven.surefire.booter.ForkedBooter.execute(ForkedBooter.java:162)
	at org.apache.maven.surefire.booter.ForkedBooter.run(ForkedBooter.java:507)
	at org.apache.maven.surefire.booter.ForkedBooter.main(ForkedBooter.java:495)
]]></failure>
    <system-err><![CDATA[Jul 30, 2024 1:36:25 PM org.openqa.selenium.devtools.CdpVersionFinder findNearestMatch
WARNING: Unable to find an exact match for CDP version 127, returning the closest version; found: 126; Please update to a Selenium version that supports CDP version 127
]]></system-err>
  </testcase>
  <testcase name="companyPage" classname="tests.CompanyInfoTest" time="0.0">
    <skipped/>
  </testcase>
  <testcase name="companyPage" classname="tests.CompanyInfoTest" time="0.0">
    <skipped/>
  </testcase>
  <testcase name="companyPage" classname="tests.CompanyInfoTest" time="0.0">
    <skipped/>
  </testcase>
  <testcase name="companyPage" classname="tests.CompanyInfoTest" time="0.0">
    <skipped/>
  </testcase>
  <testcase name="companyPage" classname="tests.CompanyInfoTest" time="0.0">
    <skipped/>
  </testcase>
  <testcase name="companyPage" classname="tests.CompanyInfoTest" time="0.0">
    <skipped/>
  </testcase>
  <testcase name="companyPage" classname="tests.CompanyInfoTest" time="0.0">
    <skipped/>
  </testcase>
  <testcase name="companyPage" classname="tests.CompanyInfoTest" time="0.0">
    <skipped/>
  </testcase>
  <testcase name="companyPage" classname="tests.CompanyInfoTest" time="0.0">
    <skipped/>
  </testcase>
  <testcase name="companyPage" classname="tests.CompanyInfoTest" time="0.0">
    <skipped/>
  </testcase>
  <testcase name="companyPage" classname="tests.CompanyInfoTest" time="0.0">
    <skipped/>
  </testcase>
  <testcase name="companyPage" classname="tests.CompanyInfoTest" time="0.0">
    <skipped/>
  </testcase>
  <testcase name="companyPage" classname="tests.CompanyInfoTest" time="0.0">
    <skipped/>
  </testcase>
  <testcase name="companyPage" classname="tests.CompanyInfoTest" time="0.0">
    <skipped/>
  </testcase>
  <testcase name="companyPage" classname="tests.CompanyInfoTest" time="0.0">
    <skipped/>
  </testcase>
  <testcase name="companyPage" classname="tests.CompanyInfoTest" time="0.0">
    <skipped/>
  </testcase>
  <testcase name="companyPage" classname="tests.CompanyInfoTest" time="0.0">
    <skipped/>
  </testcase>
  <testcase name="companyPage" classname="tests.CompanyInfoTest" time="0.0">
    <skipped/>
  </testcase>
  <testcase name="companyPage" classname="tests.CompanyInfoTest" time="0.0">
    <skipped/>
  </testcase>
  <testcase name="companyPage" classname="tests.CompanyInfoTest" time="0.0">
    <skipped/>
  </testcase>
  <testcase name="companyPage" classname="tests.CompanyInfoTest" time="0.0">
    <skipped/>
  </testcase>
  <testcase name="companyPage" classname="tests.CompanyInfoTest" time="0.0">
    <skipped/>
  </testcase>
  <testcase name="companyPage" classname="tests.CompanyInfoTest" time="0.0">
    <skipped/>
  </testcase>
  <testcase name="companyPage" classname="tests.CompanyInfoTest" time="0.0">
    <skipped/>
  </testcase>
  <testcase name="companyPage" classname="tests.CompanyInfoTest" time="0.0">
    <skipped/>
  </testcase>
  <testcase name="companyPage" classname="tests.CompanyInfoTest" time="0.0">
    <skipped/>
  </testcase>
  <testcase name="companyPage" classname="tests.CompanyInfoTest" time="0.0">
    <skipped/>
  </testcase>
  <testcase name="companyPage" classname="tests.CompanyInfoTest" time="0.0">
    <skipped/>
  </testcase>
  <testcase name="companyPage" classname="tests.CompanyInfoTest" time="0.0">
    <skipped/>
  </testcase>
  <testcase name="companyPage" classname="tests.CompanyInfoTest" time="0.0">
    <skipped/>
  </testcase>
  <testcase name="companyPage" classname="tests.CompanyInfoTest" time="0.0">
    <skipped/>
  </testcase>
  <testcase name="companyPage" classname="tests.CompanyInfoTest" time="0.0">
    <skipped/>
  </testcase>
  <testcase name="companyPage" classname="tests.CompanyInfoTest" time="0.0">
    <skipped/>
  </testcase>
  <testcase name="companyPage" classname="tests.CompanyInfoTest" time="0.0">
    <skipped/>
  </testcase>
  <testcase name="companyPage" classname="tests.CompanyInfoTest" time="0.0">
    <skipped/>
  </testcase>
  <testcase name="companyPage" classname="tests.CompanyInfoTest" time="0.0">
    <skipped/>
  </testcase>
  <testcase name="companyPage" classname="tests.CompanyInfoTest" time="0.0">
    <skipped/>
  </testcase>
  <testcase name="companyPage" classname="tests.CompanyInfoTest" time="0.0">
    <skipped/>
  </testcase>
  <testcase name="companyPage" classname="tests.CompanyInfoTest" time="0.0">
    <skipped/>
  </testcase>
  <testcase name="companyPage" classname="tests.CompanyInfoTest" time="0.0">
    <skipped/>
  </testcase>
  <testcase name="companyPage" classname="tests.CompanyInfoTest" time="0.0">
    <skipped/>
  </testcase>
  <testcase name="companyPage" classname="tests.CompanyInfoTest" time="0.0">
    <skipped/>
  </testcase>
  <testcase name="companyPage" classname="tests.CompanyInfoTest" time="0.0">
    <skipped/>
  </testcase>
  <testcase name="companyPage" classname="tests.CompanyInfoTest" time="0.0">
    <skipped/>
  </testcase>
  <testcase name="companyPage" classname="tests.CompanyInfoTest" time="0.0">
    <skipped/>
  </testcase>
  <testcase name="companyPage" classname="tests.CompanyInfoTest" time="0.0">
    <skipped/>
  </testcase>
  <testcase name="companyPage" classname="tests.CompanyInfoTest" time="0.0">
    <skipped/>
  </testcase>
  <testcase name="companyPage" classname="tests.CompanyInfoTest" time="0.0">
    <skipped/>
  </testcase>
  <testcase name="companyPage" classname="tests.CompanyInfoTest" time="0.0">
    <skipped/>
  </testcase>
  <testcase name="companyPage" classname="tests.CompanyInfoTest" time="0.0">
    <skipped/>
  </testcase>
  <testcase name="companyPage" classname="tests.CompanyInfoTest" time="0.0">
    <skipped/>
  </testcase>
  <testcase name="companyPage" classname="tests.CompanyInfoTest" time="0.0">
    <skipped/>
  </testcase>
  <testcase name="companyPage" classname="tests.CompanyInfoTest" time="0.0">
    <skipped/>
  </testcase>
  <testcase name="companyPage" classname="tests.CompanyInfoTest" time="0.0">
    <skipped/>
  </testcase>
  <testcase name="companyPage" classname="tests.CompanyInfoTest" time="0.0">
    <skipped/>
  </testcase>
  <testcase name="companyPage" classname="tests.CompanyInfoTest" time="0.0">
    <skipped/>
  </testcase>
  <testcase name="companyPage" classname="tests.CompanyInfoTest" time="0.0">
    <skipped/>
  </testcase>
  <testcase name="companyPage" classname="tests.CompanyInfoTest" time="0.0">
    <skipped/>
  </testcase>
  <testcase name="companyPage" classname="tests.CompanyInfoTest" time="0.0">
    <skipped/>
  </testcase>
  <testcase name="companyPage" classname="tests.CompanyInfoTest" time="0.0">
    <skipped/>
  </testcase>
  <testcase name="companyPage" classname="tests.CompanyInfoTest" time="0.0">
    <skipped/>
  </testcase>
  <testcase name="companyPage" classname="tests.CompanyInfoTest" time="0.0">
    <skipped/>
  </testcase>
  <testcase name="companyPage" classname="tests.CompanyInfoTest" time="0.0">
    <skipped/>
  </testcase>
  <testcase name="companyPage" classname="tests.CompanyInfoTest" time="0.0">
    <skipped/>
  </testcase>
  <testcase name="companyPage" classname="tests.CompanyInfoTest" time="0.0">
    <skipped/>
  </testcase>
  <testcase name="companyPage" classname="tests.CompanyInfoTest" time="0.0">
    <skipped/>
  </testcase>
  <testcase name="companyPage" classname="tests.CompanyInfoTest" time="0.0">
    <skipped/>
  </testcase>
  <testcase name="companyPage" classname="tests.CompanyInfoTest" time="0.0">
    <skipped/>
  </testcase>
  <testcase name="companyPage" classname="tests.CompanyInfoTest" time="0.0">
    <skipped/>
  </testcase>
  <testcase name="companyPage" classname="tests.CompanyInfoTest" time="0.0">
    <skipped/>
  </testcase>
  <testcase name="testClickNextButton" classname="tests.CompanyInfoTest" time="0.0">
    <skipped message="element not interactable&#10;  (Session info: chrome=127.0.6533.72)&#10;Build info: version: &apos;4.22.0&apos;, revision: &apos;c5f3146703*&apos;&#10;System info: os.name: &apos;Windows 11&apos;, os.arch: &apos;amd64&apos;, os.version: &apos;10.0&apos;, java.version: &apos;21.0.3&apos;&#10;Driver info: org.openqa.selenium.chrome.ChromeDriver&#10;Command: [bc45cc33ecd8d7f3594b01e09f1ef21b, clickElement {id=f.9845BA9A7ADAA1099D9FD97C3461980B.d.EFE04C64557573E1A47B83E2EEE17EED.e.30}]&#10;Capabilities {acceptInsecureCerts: false, browserName: chrome, browserVersion: 127.0.6533.72, chrome: {chromedriverVersion: 127.0.6533.72 (9755e24ca85a..., userDataDir: C:\Windows\SystemTemp\scope...}, fedcm:accounts: true, goog:chromeOptions: {debuggerAddress: localhost:62560}, networkConnectionEnabled: false, pageLoadStrategy: normal, platformName: windows, proxy: Proxy(), se:cdp: ws://localhost:62560/devtoo..., se:cdpVersion: 127.0.6533.72, setWindowRect: true, strictFileInteractability: false, timeouts: {implicit: 0, pageLoad: 300000, script: 30000}, unhandledPromptBehavior: dismiss and notify, webauthn:extension:credBlob: true, webauthn:extension:largeBlob: true, webauthn:extension:minPinLength: true, webauthn:extension:prf: true, webauthn:virtualAuthenticators: true}&#10;Element: [[ChromeDriver: chrome on windows (bc45cc33ecd8d7f3594b01e09f1ef21b)] -&gt; id: otp-match-now]&#10;Session ID: bc45cc33ecd8d7f3594b01e09f1ef21b"/>
  </testcase>
  <testcase name="tearDown" classname="tests.CompanyInfoTest" time="0.0">
    <skipped/>
  </testcase>
  <testcase name="tearDown" classname="tests.CompanyInfoTest" time="0.0">
    <skipped/>
  </testcase>
  <testcase name="tearDown" classname="tests.CompanyInfoTest" time="0.0">
    <skipped/>
  </testcase>
  <testcase name="tearDown" classname="tests.CompanyInfoTest" time="0.0">
    <skipped/>
  </testcase>
  <testcase name="tearDown" classname="tests.CompanyInfoTest" time="0.0">
    <skipped/>
  </testcase>
  <testcase name="tearDown" classname="tests.CompanyInfoTest" time="0.0">
    <skipped/>
  </testcase>
  <testcase name="tearDown" classname="tests.CompanyInfoTest" time="0.0">
    <skipped/>
  </testcase>
  <testcase name="tearDown" classname="tests.CompanyInfoTest" time="0.0">
    <skipped/>
  </testcase>
  <testcase name="tearDown" classname="tests.CompanyInfoTest" time="0.0">
    <skipped/>
  </testcase>
  <testcase name="tearDown" classname="tests.CompanyInfoTest" time="0.0">
    <skipped/>
  </testcase>
  <testcase name="tearDown" classname="tests.CompanyInfoTest" time="0.0">
    <skipped/>
  </testcase>
  <testcase name="tearDown" classname="tests.CompanyInfoTest" time="0.0">
    <skipped/>
  </testcase>
  <testcase name="tearDown" classname="tests.CompanyInfoTest" time="0.0">
    <skipped/>
  </testcase>
  <testcase name="tearDown" classname="tests.CompanyInfoTest" time="0.0">
    <skipped/>
  </testcase>
  <testcase name="tearDown" classname="tests.CompanyInfoTest" time="0.0">
    <skipped/>
  </testcase>
  <testcase name="tearDown" classname="tests.CompanyInfoTest" time="0.0">
    <skipped/>
  </testcase>
  <testcase name="tearDown" classname="tests.CompanyInfoTest" time="0.0">
    <skipped/>
  </testcase>
  <testcase name="tearDown" classname="tests.CompanyInfoTest" time="0.0">
    <skipped/>
  </testcase>
  <testcase name="tearDown" classname="tests.CompanyInfoTest" time="0.0">
    <skipped/>
  </testcase>
  <testcase name="tearDown" classname="tests.CompanyInfoTest" time="0.0">
    <skipped/>
  </testcase>
  <testcase name="tearDown" classname="tests.CompanyInfoTest" time="0.0">
    <skipped/>
  </testcase>
  <testcase name="tearDown" classname="tests.CompanyInfoTest" time="0.0">
    <skipped/>
  </testcase>
  <testcase name="tearDown" classname="tests.CompanyInfoTest" time="0.0">
    <skipped/>
  </testcase>
  <testcase name="tearDown" classname="tests.CompanyInfoTest" time="0.0">
    <skipped/>
  </testcase>
  <testcase name="tearDown" classname="tests.CompanyInfoTest" time="0.0">
    <skipped/>
  </testcase>
  <testcase name="tearDown" classname="tests.CompanyInfoTest" time="0.0">
    <skipped/>
  </testcase>
  <testcase name="tearDown" classname="tests.CompanyInfoTest" time="0.0">
    <skipped/>
  </testcase>
  <testcase name="tearDown" classname="tests.CompanyInfoTest" time="0.0">
    <skipped/>
  </testcase>
  <testcase name="tearDown" classname="tests.CompanyInfoTest" time="0.0">
    <skipped/>
  </testcase>
  <testcase name="tearDown" classname="tests.CompanyInfoTest" time="0.0">
    <skipped/>
  </testcase>
  <testcase name="tearDown" classname="tests.CompanyInfoTest" time="0.0">
    <skipped/>
  </testcase>
  <testcase name="tearDown" classname="tests.CompanyInfoTest" time="0.0">
    <skipped/>
  </testcase>
  <testcase name="tearDown" classname="tests.CompanyInfoTest" time="0.0">
    <skipped/>
  </testcase>
  <testcase name="tearDown" classname="tests.CompanyInfoTest" time="0.0">
    <skipped/>
  </testcase>
  <testcase name="tearDown" classname="tests.CompanyInfoTest" time="0.0">
    <skipped/>
  </testcase>
  <testcase name="tearDown" classname="tests.CompanyInfoTest" time="0.0">
    <skipped/>
  </testcase>
  <testcase name="tearDown" classname="tests.CompanyInfoTest" time="0.0">
    <skipped/>
  </testcase>
  <testcase name="tearDown" classname="tests.CompanyInfoTest" time="0.0">
    <skipped/>
  </testcase>
  <testcase name="tearDown" classname="tests.CompanyInfoTest" time="0.0">
    <skipped/>
  </testcase>
  <testcase name="tearDown" classname="tests.CompanyInfoTest" time="0.0">
    <skipped/>
  </testcase>
  <testcase name="tearDown" classname="tests.CompanyInfoTest" time="0.0">
    <skipped/>
  </testcase>
  <testcase name="tearDown" classname="tests.CompanyInfoTest" time="0.0">
    <skipped/>
  </testcase>
  <testcase name="tearDown" classname="tests.CompanyInfoTest" time="0.0">
    <skipped/>
  </testcase>
  <testcase name="tearDown" classname="tests.CompanyInfoTest" time="0.0">
    <skipped/>
  </testcase>
  <testcase name="tearDown" classname="tests.CompanyInfoTest" time="0.0">
    <skipped/>
  </testcase>
  <testcase name="tearDown" classname="tests.CompanyInfoTest" time="0.0">
    <skipped/>
  </testcase>
  <testcase name="tearDown" classname="tests.CompanyInfoTest" time="0.0">
    <skipped/>
  </testcase>
  <testcase name="tearDown" classname="tests.CompanyInfoTest" time="0.0">
    <skipped/>
  </testcase>
  <testcase name="tearDown" classname="tests.CompanyInfoTest" time="0.0">
    <skipped/>
  </testcase>
  <testcase name="tearDown" classname="tests.CompanyInfoTest" time="0.0">
    <skipped/>
  </testcase>
  <testcase name="tearDown" classname="tests.CompanyInfoTest" time="0.0">
    <skipped/>
  </testcase>
  <testcase name="tearDown" classname="tests.CompanyInfoTest" time="0.0">
    <skipped/>
  </testcase>
  <testcase name="tearDown" classname="tests.CompanyInfoTest" time="0.0">
    <skipped/>
  </testcase>
  <testcase name="tearDown" classname="tests.CompanyInfoTest" time="0.0">
    <skipped/>
  </testcase>
  <testcase name="tearDown" classname="tests.CompanyInfoTest" time="0.0">
    <skipped/>
  </testcase>
  <testcase name="tearDown" classname="tests.CompanyInfoTest" time="0.0">
    <skipped/>
  </testcase>
  <testcase name="tearDown" classname="tests.CompanyInfoTest" time="0.0">
    <skipped/>
  </testcase>
  <testcase name="tearDown" classname="tests.CompanyInfoTest" time="0.0">
    <skipped/>
  </testcase>
  <testcase name="tearDown" classname="tests.CompanyInfoTest" time="0.0">
    <skipped/>
  </testcase>
  <testcase name="tearDown" classname="tests.CompanyInfoTest" time="0.0">
    <skipped/>
  </testcase>
  <testcase name="tearDown" classname="tests.CompanyInfoTest" time="0.0">
    <skipped/>
  </testcase>
  <testcase name="tearDown" classname="tests.CompanyInfoTest" time="0.0">
    <skipped/>
  </testcase>
  <testcase name="tearDown" classname="tests.CompanyInfoTest" time="0.0">
    <skipped/>
  </testcase>
  <testcase name="tearDown" classname="tests.CompanyInfoTest" time="0.0">
    <skipped/>
  </testcase>
  <testcase name="tearDown" classname="tests.CompanyInfoTest" time="0.0">
    <skipped/>
  </testcase>
  <testcase name="tearDown" classname="tests.CompanyInfoTest" time="0.0">
    <skipped/>
  </testcase>
  <testcase name="tearDown" classname="tests.CompanyInfoTest" time="0.0">
    <skipped/>
  </testcase>
  <testcase name="tearDown" classname="tests.CompanyInfoTest" time="0.0">
    <skipped/>
  </testcase>
  <testcase name="tearDown" classname="tests.CompanyInfoTest" time="0.0">
    <skipped/>
  </testcase>
  <testcase name="tearDown" classname="tests.CompanyInfoTest" time="0.0">
    <skipped/>
  </testcase>
  <testcase name="tearDown" classname="tests.CompanyInfoTest" time="0.0">
    <skipped/>
  </testcase>
  <testcase name="setup" classname="tests.CompanyInfoTest" time="0.0">
    <skipped/>
  </testcase>
  <testcase name="setup" classname="tests.CompanyInfoTest" time="0.0">
    <skipped/>
  </testcase>
  <testcase name="setup" classname="tests.CompanyInfoTest" time="0.0">
    <skipped/>
  </testcase>
  <testcase name="setup" classname="tests.CompanyInfoTest" time="0.0">
    <skipped/>
  </testcase>
  <testcase name="setup" classname="tests.CompanyInfoTest" time="0.0">
    <skipped/>
  </testcase>
  <testcase name="setup" classname="tests.CompanyInfoTest" time="0.0">
    <skipped/>
  </testcase>
  <testcase name="setup" classname="tests.CompanyInfoTest" time="0.0">
    <skipped/>
  </testcase>
  <testcase name="setup" classname="tests.CompanyInfoTest" time="0.0">
    <skipped/>
  </testcase>
  <testcase name="setup" classname="tests.CompanyInfoTest" time="0.0">
    <skipped/>
  </testcase>
  <testcase name="setup" classname="tests.CompanyInfoTest" time="0.0">
    <skipped/>
  </testcase>
  <testcase name="setup" classname="tests.CompanyInfoTest" time="0.0">
    <skipped/>
  </testcase>
  <testcase name="setup" classname="tests.CompanyInfoTest" time="0.0">
    <skipped/>
  </testcase>
  <testcase name="setup" classname="tests.CompanyInfoTest" time="0.0">
    <skipped/>
  </testcase>
  <testcase name="setup" classname="tests.CompanyInfoTest" time="0.0">
    <skipped/>
  </testcase>
  <testcase name="setup" classname="tests.CompanyInfoTest" time="0.0">
    <skipped/>
  </testcase>
  <testcase name="setup" classname="tests.CompanyInfoTest" time="0.0">
    <skipped/>
  </testcase>
  <testcase name="setup" classname="tests.CompanyInfoTest" time="0.0">
    <skipped/>
  </testcase>
  <testcase name="setup" classname="tests.CompanyInfoTest" time="0.0">
    <skipped/>
  </testcase>
  <testcase name="setup" classname="tests.CompanyInfoTest" time="0.0">
    <skipped/>
  </testcase>
  <testcase name="setup" classname="tests.CompanyInfoTest" time="0.0">
    <skipped/>
  </testcase>
  <testcase name="setup" classname="tests.CompanyInfoTest" time="0.0">
    <skipped/>
  </testcase>
  <testcase name="setup" classname="tests.CompanyInfoTest" time="0.0">
    <skipped/>
  </testcase>
  <testcase name="setup" classname="tests.CompanyInfoTest" time="0.0">
    <skipped/>
  </testcase>
  <testcase name="setup" classname="tests.CompanyInfoTest" time="0.0">
    <skipped/>
  </testcase>
  <testcase name="setup" classname="tests.CompanyInfoTest" time="0.0">
    <skipped/>
  </testcase>
  <testcase name="setup" classname="tests.CompanyInfoTest" time="0.0">
    <skipped/>
  </testcase>
  <testcase name="setup" classname="tests.CompanyInfoTest" time="0.0">
    <skipped/>
  </testcase>
  <testcase name="setup" classname="tests.CompanyInfoTest" time="0.0">
    <skipped/>
  </testcase>
  <testcase name="setup" classname="tests.CompanyInfoTest" time="0.0">
    <skipped/>
  </testcase>
  <testcase name="setup" classname="tests.CompanyInfoTest" time="0.0">
    <skipped/>
  </testcase>
  <testcase name="setup" classname="tests.CompanyInfoTest" time="0.0">
    <skipped/>
  </testcase>
  <testcase name="setup" classname="tests.CompanyInfoTest" time="0.0">
    <skipped/>
  </testcase>
  <testcase name="setup" classname="tests.CompanyInfoTest" time="0.0">
    <skipped/>
  </testcase>
  <testcase name="setup" classname="tests.CompanyInfoTest" time="0.0">
    <skipped/>
  </testcase>
  <testcase name="setup" classname="tests.CompanyInfoTest" time="0.0">
    <skipped/>
  </testcase>
  <testcase name="setup" classname="tests.CompanyInfoTest" time="0.0">
    <skipped/>
  </testcase>
  <testcase name="setup" classname="tests.CompanyInfoTest" time="0.0">
    <skipped/>
  </testcase>
  <testcase name="setup" classname="tests.CompanyInfoTest" time="0.0">
    <skipped/>
  </testcase>
  <testcase name="setup" classname="tests.CompanyInfoTest" time="0.0">
    <skipped/>
  </testcase>
  <testcase name="setup" classname="tests.CompanyInfoTest" time="0.0">
    <skipped/>
  </testcase>
  <testcase name="setup" classname="tests.CompanyInfoTest" time="0.0">
    <skipped/>
  </testcase>
  <testcase name="setup" classname="tests.CompanyInfoTest" time="0.0">
    <skipped/>
  </testcase>
  <testcase name="setup" classname="tests.CompanyInfoTest" time="0.0">
    <skipped/>
  </testcase>
  <testcase name="setup" classname="tests.CompanyInfoTest" time="0.0">
    <skipped/>
  </testcase>
  <testcase name="setup" classname="tests.CompanyInfoTest" time="0.0">
    <skipped/>
  </testcase>
  <testcase name="setup" classname="tests.CompanyInfoTest" time="0.0">
    <skipped/>
  </testcase>
  <testcase name="setup" classname="tests.CompanyInfoTest" time="0.0">
    <skipped/>
  </testcase>
  <testcase name="setup" classname="tests.CompanyInfoTest" time="0.0">
    <skipped/>
  </testcase>
  <testcase name="setup" classname="tests.CompanyInfoTest" time="0.0">
    <skipped/>
  </testcase>
  <testcase name="setup" classname="tests.CompanyInfoTest" time="0.0">
    <skipped/>
  </testcase>
  <testcase name="setup" classname="tests.CompanyInfoTest" time="0.0">
    <skipped/>
  </testcase>
  <testcase name="setup" classname="tests.CompanyInfoTest" time="0.0">
    <skipped/>
  </testcase>
  <testcase name="setup" classname="tests.CompanyInfoTest" time="0.0">
    <skipped/>
  </testcase>
  <testcase name="setup" classname="tests.CompanyInfoTest" time="0.0">
    <skipped/>
  </testcase>
  <testcase name="setup" classname="tests.CompanyInfoTest" time="0.0">
    <skipped/>
  </testcase>
  <testcase name="setup" classname="tests.CompanyInfoTest" time="0.0">
    <skipped/>
  </testcase>
  <testcase name="setup" classname="tests.CompanyInfoTest" time="0.0">
    <skipped/>
  </testcase>
  <testcase name="setup" classname="tests.CompanyInfoTest" time="0.0">
    <skipped/>
  </testcase>
  <testcase name="setup" classname="tests.CompanyInfoTest" time="0.0">
    <skipped/>
  </testcase>
  <testcase name="setup" classname="tests.CompanyInfoTest" time="0.0">
    <skipped/>
  </testcase>
  <testcase name="setup" classname="tests.CompanyInfoTest" time="0.0">
    <skipped/>
  </testcase>
  <testcase name="setup" classname="tests.CompanyInfoTest" time="0.0">
    <skipped/>
  </testcase>
  <testcase name="setup" classname="tests.CompanyInfoTest" time="0.0">
    <skipped/>
  </testcase>
  <testcase name="setup" classname="tests.CompanyInfoTest" time="0.0">
    <skipped/>
  </testcase>
  <testcase name="setup" classname="tests.CompanyInfoTest" time="0.0">
    <skipped/>
  </testcase>
  <testcase name="setup" classname="tests.CompanyInfoTest" time="0.0">
    <skipped/>
  </testcase>
  <testcase name="setup" classname="tests.CompanyInfoTest" time="0.0">
    <skipped/>
  </testcase>
  <testcase name="setup" classname="tests.CompanyInfoTest" time="0.0">
    <skipped/>
  </testcase>
  <testcase name="setup" classname="tests.CompanyInfoTest" time="0.0">
    <skipped/>
  </testcase>
  <testcase name="setup" classname="tests.CompanyInfoTest" time="0.0">
    <skipped/>
  </testcase>
  <testcase name="testClickOnPayInSettingsTab" classname="tests.CompanyInfoTest" time="0.0">
    <skipped message="element not interactable&#10;  (Session info: chrome=127.0.6533.72)&#10;Build info: version: &apos;4.22.0&apos;, revision: &apos;c5f3146703*&apos;&#10;System info: os.name: &apos;Windows 11&apos;, os.arch: &apos;amd64&apos;, os.version: &apos;10.0&apos;, java.version: &apos;21.0.3&apos;&#10;Driver info: org.openqa.selenium.chrome.ChromeDriver&#10;Command: [bc45cc33ecd8d7f3594b01e09f1ef21b, clickElement {id=f.9845BA9A7ADAA1099D9FD97C3461980B.d.EFE04C64557573E1A47B83E2EEE17EED.e.30}]&#10;Capabilities {acceptInsecureCerts: false, browserName: chrome, browserVersion: 127.0.6533.72, chrome: {chromedriverVersion: 127.0.6533.72 (9755e24ca85a..., userDataDir: C:\Windows\SystemTemp\scope...}, fedcm:accounts: true, goog:chromeOptions: {debuggerAddress: localhost:62560}, networkConnectionEnabled: false, pageLoadStrategy: normal, platformName: windows, proxy: Proxy(), se:cdp: ws://localhost:62560/devtoo..., se:cdpVersion: 127.0.6533.72, setWindowRect: true, strictFileInteractability: false, timeouts: {implicit: 0, pageLoad: 300000, script: 30000}, unhandledPromptBehavior: dismiss and notify, webauthn:extension:credBlob: true, webauthn:extension:largeBlob: true, webauthn:extension:minPinLength: true, webauthn:extension:prf: true, webauthn:virtualAuthenticators: true}&#10;Element: [[ChromeDriver: chrome on windows (bc45cc33ecd8d7f3594b01e09f1ef21b)] -&gt; id: otp-match-now]&#10;Session ID: bc45cc33ecd8d7f3594b01e09f1ef21b"/>
  </testcase>
  <testcase name="testClickPersonalDetailTab" classname="tests.CompanyInfoTest" time="0.0">
    <skipped message="element not interactable&#10;  (Session info: chrome=127.0.6533.72)&#10;Build info: version: &apos;4.22.0&apos;, revision: &apos;c5f3146703*&apos;&#10;System info: os.name: &apos;Windows 11&apos;, os.arch: &apos;amd64&apos;, os.version: &apos;10.0&apos;, java.version: &apos;21.0.3&apos;&#10;Driver info: org.openqa.selenium.chrome.ChromeDriver&#10;Command: [bc45cc33ecd8d7f3594b01e09f1ef21b, clickElement {id=f.9845BA9A7ADAA1099D9FD97C3461980B.d.EFE04C64557573E1A47B83E2EEE17EED.e.30}]&#10;Capabilities {acceptInsecureCerts: false, browserName: chrome, browserVersion: 127.0.6533.72, chrome: {chromedriverVersion: 127.0.6533.72 (9755e24ca85a..., userDataDir: C:\Windows\SystemTemp\scope...}, fedcm:accounts: true, goog:chromeOptions: {debuggerAddress: localhost:62560}, networkConnectionEnabled: false, pageLoadStrategy: normal, platformName: windows, proxy: Proxy(), se:cdp: ws://localhost:62560/devtoo..., se:cdpVersion: 127.0.6533.72, setWindowRect: true, strictFileInteractability: false, timeouts: {implicit: 0, pageLoad: 300000, script: 30000}, unhandledPromptBehavior: dismiss and notify, webauthn:extension:credBlob: true, webauthn:extension:largeBlob: true, webauthn:extension:minPinLength: true, webauthn:extension:prf: true, webauthn:virtualAuthenticators: true}&#10;Element: [[ChromeDriver: chrome on windows (bc45cc33ecd8d7f3594b01e09f1ef21b)] -&gt; id: otp-match-now]&#10;Session ID: bc45cc33ecd8d7f3594b01e09f1ef21b"/>
  </testcase>
  <testcase name="testClickPersonalDetailsTab" classname="tests.CompanyInfoTest" time="0.0">
    <skipped message="element not interactable&#10;  (Session info: chrome=127.0.6533.72)&#10;Build info: version: &apos;4.22.0&apos;, revision: &apos;c5f3146703*&apos;&#10;System info: os.name: &apos;Windows 11&apos;, os.arch: &apos;amd64&apos;, os.version: &apos;10.0&apos;, java.version: &apos;21.0.3&apos;&#10;Driver info: org.openqa.selenium.chrome.ChromeDriver&#10;Command: [bc45cc33ecd8d7f3594b01e09f1ef21b, clickElement {id=f.9845BA9A7ADAA1099D9FD97C3461980B.d.EFE04C64557573E1A47B83E2EEE17EED.e.30}]&#10;Capabilities {acceptInsecureCerts: false, browserName: chrome, browserVersion: 127.0.6533.72, chrome: {chromedriverVersion: 127.0.6533.72 (9755e24ca85a..., userDataDir: C:\Windows\SystemTemp\scope...}, fedcm:accounts: true, goog:chromeOptions: {debuggerAddress: localhost:62560}, networkConnectionEnabled: false, pageLoadStrategy: normal, platformName: windows, proxy: Proxy(), se:cdp: ws://localhost:62560/devtoo..., se:cdpVersion: 127.0.6533.72, setWindowRect: true, strictFileInteractability: false, timeouts: {implicit: 0, pageLoad: 300000, script: 30000}, unhandledPromptBehavior: dismiss and notify, webauthn:extension:credBlob: true, webauthn:extension:largeBlob: true, webauthn:extension:minPinLength: true, webauthn:extension:prf: true, webauthn:virtualAuthenticators: true}&#10;Element: [[ChromeDriver: chrome on windows (bc45cc33ecd8d7f3594b01e09f1ef21b)] -&gt; id: otp-match-now]&#10;Session ID: bc45cc33ecd8d7f3594b01e09f1ef21b"/>
  </testcase>
  <testcase name="testClickPreviousButtonOnLastPage" classname="tests.CompanyInfoTest" time="0.0">
    <skipped message="element not interactable&#10;  (Session info: chrome=127.0.6533.72)&#10;Build info: version: &apos;4.22.0&apos;, revision: &apos;c5f3146703*&apos;&#10;System info: os.name: &apos;Windows 11&apos;, os.arch: &apos;amd64&apos;, os.version: &apos;10.0&apos;, java.version: &apos;21.0.3&apos;&#10;Driver info: org.openqa.selenium.chrome.ChromeDriver&#10;Command: [bc45cc33ecd8d7f3594b01e09f1ef21b, clickElement {id=f.9845BA9A7ADAA1099D9FD97C3461980B.d.EFE04C64557573E1A47B83E2EEE17EED.e.30}]&#10;Capabilities {acceptInsecureCerts: false, browserName: chrome, browserVersion: 127.0.6533.72, chrome: {chromedriverVersion: 127.0.6533.72 (9755e24ca85a..., userDataDir: C:\Windows\SystemTemp\scope...}, fedcm:accounts: true, goog:chromeOptions: {debuggerAddress: localhost:62560}, networkConnectionEnabled: false, pageLoadStrategy: normal, platformName: windows, proxy: Proxy(), se:cdp: ws://localhost:62560/devtoo..., se:cdpVersion: 127.0.6533.72, setWindowRect: true, strictFileInteractability: false, timeouts: {implicit: 0, pageLoad: 300000, script: 30000}, unhandledPromptBehavior: dismiss and notify, webauthn:extension:credBlob: true, webauthn:extension:largeBlob: true, webauthn:extension:minPinLength: true, webauthn:extension:prf: true, webauthn:virtualAuthenticators: true}&#10;Element: [[ChromeDriver: chrome on windows (bc45cc33ecd8d7f3594b01e09f1ef21b)] -&gt; id: otp-match-now]&#10;Session ID: bc45cc33ecd8d7f3594b01e09f1ef21b"/>
  </testcase>
  <testcase name="testClickbussinessInfoTab" classname="tests.CompanyInfoTest" time="0.0">
    <skipped message="element not interactable&#10;  (Session info: chrome=127.0.6533.72)&#10;Build info: version: &apos;4.22.0&apos;, revision: &apos;c5f3146703*&apos;&#10;System info: os.name: &apos;Windows 11&apos;, os.arch: &apos;amd64&apos;, os.version: &apos;10.0&apos;, java.version: &apos;21.0.3&apos;&#10;Driver info: org.openqa.selenium.chrome.ChromeDriver&#10;Command: [bc45cc33ecd8d7f3594b01e09f1ef21b, clickElement {id=f.9845BA9A7ADAA1099D9FD97C3461980B.d.EFE04C64557573E1A47B83E2EEE17EED.e.30}]&#10;Capabilities {acceptInsecureCerts: false, browserName: chrome, browserVersion: 127.0.6533.72, chrome: {chromedriverVersion: 127.0.6533.72 (9755e24ca85a..., userDataDir: C:\Windows\SystemTemp\scope...}, fedcm:accounts: true, goog:chromeOptions: {debuggerAddress: localhost:62560}, networkConnectionEnabled: false, pageLoadStrategy: normal, platformName: windows, proxy: Proxy(), se:cdp: ws://localhost:62560/devtoo..., se:cdpVersion: 127.0.6533.72, setWindowRect: true, strictFileInteractability: false, timeouts: {implicit: 0, pageLoad: 300000, script: 30000}, unhandledPromptBehavior: dismiss and notify, webauthn:extension:credBlob: true, webauthn:extension:largeBlob: true, webauthn:extension:minPinLength: true, webauthn:extension:prf: true, webauthn:virtualAuthenticators: true}&#10;Element: [[ChromeDriver: chrome on windows (bc45cc33ecd8d7f3594b01e09f1ef21b)] -&gt; id: otp-match-now]&#10;Session ID: bc45cc33ecd8d7f3594b01e09f1ef21b"/>
  </testcase>
  <testcase name="testClickingButtonOpensModal" classname="tests.CompanyInfoTest" time="0.0">
    <skipped message="element not interactable&#10;  (Session info: chrome=127.0.6533.72)&#10;Build info: version: &apos;4.22.0&apos;, revision: &apos;c5f3146703*&apos;&#10;System info: os.name: &apos;Windows 11&apos;, os.arch: &apos;amd64&apos;, os.version: &apos;10.0&apos;, java.version: &apos;21.0.3&apos;&#10;Driver info: org.openqa.selenium.chrome.ChromeDriver&#10;Command: [bc45cc33ecd8d7f3594b01e09f1ef21b, clickElement {id=f.9845BA9A7ADAA1099D9FD97C3461980B.d.EFE04C64557573E1A47B83E2EEE17EED.e.30}]&#10;Capabilities {acceptInsecureCerts: false, browserName: chrome, browserVersion: 127.0.6533.72, chrome: {chromedriverVersion: 127.0.6533.72 (9755e24ca85a..., userDataDir: C:\Windows\SystemTemp\scope...}, fedcm:accounts: true, goog:chromeOptions: {debuggerAddress: localhost:62560}, networkConnectionEnabled: false, pageLoadStrategy: normal, platformName: windows, proxy: Proxy(), se:cdp: ws://localhost:62560/devtoo..., se:cdpVersion: 127.0.6533.72, setWindowRect: true, strictFileInteractability: false, timeouts: {implicit: 0, pageLoad: 300000, script: 30000}, unhandledPromptBehavior: dismiss and notify, webauthn:extension:credBlob: true, webauthn:extension:largeBlob: true, webauthn:extension:minPinLength: true, webauthn:extension:prf: true, webauthn:virtualAuthenticators: true}&#10;Element: [[ChromeDriver: chrome on windows (bc45cc33ecd8d7f3594b01e09f1ef21b)] -&gt; id: otp-match-now]&#10;Session ID: bc45cc33ecd8d7f3594b01e09f1ef21b"/>
  </testcase>
  <testcase name="testCompleteButtonSubmitsForm" classname="tests.CompanyInfoTest" time="0.0">
    <skipped message="element not interactable&#10;  (Session info: chrome=127.0.6533.72)&#10;Build info: version: &apos;4.22.0&apos;, revision: &apos;c5f3146703*&apos;&#10;System info: os.name: &apos;Windows 11&apos;, os.arch: &apos;amd64&apos;, os.version: &apos;10.0&apos;, java.version: &apos;21.0.3&apos;&#10;Driver info: org.openqa.selenium.chrome.ChromeDriver&#10;Command: [bc45cc33ecd8d7f3594b01e09f1ef21b, clickElement {id=f.9845BA9A7ADAA1099D9FD97C3461980B.d.EFE04C64557573E1A47B83E2EEE17EED.e.30}]&#10;Capabilities {acceptInsecureCerts: false, browserName: chrome, browserVersion: 127.0.6533.72, chrome: {chromedriverVersion: 127.0.6533.72 (9755e24ca85a..., userDataDir: C:\Windows\SystemTemp\scope...}, fedcm:accounts: true, goog:chromeOptions: {debuggerAddress: localhost:62560}, networkConnectionEnabled: false, pageLoadStrategy: normal, platformName: windows, proxy: Proxy(), se:cdp: ws://localhost:62560/devtoo..., se:cdpVersion: 127.0.6533.72, setWindowRect: true, strictFileInteractability: false, timeouts: {implicit: 0, pageLoad: 300000, script: 30000}, unhandledPromptBehavior: dismiss and notify, webauthn:extension:credBlob: true, webauthn:extension:largeBlob: true, webauthn:extension:minPinLength: true, webauthn:extension:prf: true, webauthn:virtualAuthenticators: true}&#10;Element: [[ChromeDriver: chrome on windows (bc45cc33ecd8d7f3594b01e09f1ef21b)] -&gt; id: otp-match-now]&#10;Session ID: bc45cc33ecd8d7f3594b01e09f1ef21b"/>
  </testcase>
  <testcase name="testCompleteItButtonClick" classname="tests.CompanyInfoTest" time="0.0">
    <skipped message="element not interactable&#10;  (Session info: chrome=127.0.6533.72)&#10;Build info: version: &apos;4.22.0&apos;, revision: &apos;c5f3146703*&apos;&#10;System info: os.name: &apos;Windows 11&apos;, os.arch: &apos;amd64&apos;, os.version: &apos;10.0&apos;, java.version: &apos;21.0.3&apos;&#10;Driver info: org.openqa.selenium.chrome.ChromeDriver&#10;Command: [bc45cc33ecd8d7f3594b01e09f1ef21b, clickElement {id=f.9845BA9A7ADAA1099D9FD97C3461980B.d.EFE04C64557573E1A47B83E2EEE17EED.e.30}]&#10;Capabilities {acceptInsecureCerts: false, browserName: chrome, browserVersion: 127.0.6533.72, chrome: {chromedriverVersion: 127.0.6533.72 (9755e24ca85a..., userDataDir: C:\Windows\SystemTemp\scope...}, fedcm:accounts: true, goog:chromeOptions: {debuggerAddress: localhost:62560}, networkConnectionEnabled: false, pageLoadStrategy: normal, platformName: windows, proxy: Proxy(), se:cdp: ws://localhost:62560/devtoo..., se:cdpVersion: 127.0.6533.72, setWindowRect: true, strictFileInteractability: false, timeouts: {implicit: 0, pageLoad: 300000, script: 30000}, unhandledPromptBehavior: dismiss and notify, webauthn:extension:credBlob: true, webauthn:extension:largeBlob: true, webauthn:extension:minPinLength: true, webauthn:extension:prf: true, webauthn:virtualAuthenticators: true}&#10;Element: [[ChromeDriver: chrome on windows (bc45cc33ecd8d7f3594b01e09f1ef21b)] -&gt; id: otp-match-now]&#10;Session ID: bc45cc33ecd8d7f3594b01e09f1ef21b"/>
  </testcase>
  <testcase name="testCopyPasteSearchField" classname="tests.CompanyInfoTest" time="0.0">
    <skipped message="element not interactable&#10;  (Session info: chrome=127.0.6533.72)&#10;Build info: version: &apos;4.22.0&apos;, revision: &apos;c5f3146703*&apos;&#10;System info: os.name: &apos;Windows 11&apos;, os.arch: &apos;amd64&apos;, os.version: &apos;10.0&apos;, java.version: &apos;21.0.3&apos;&#10;Driver info: org.openqa.selenium.chrome.ChromeDriver&#10;Command: [bc45cc33ecd8d7f3594b01e09f1ef21b, clickElement {id=f.9845BA9A7ADAA1099D9FD97C3461980B.d.EFE04C64557573E1A47B83E2EEE17EED.e.30}]&#10;Capabilities {acceptInsecureCerts: false, browserName: chrome, browserVersion: 127.0.6533.72, chrome: {chromedriverVersion: 127.0.6533.72 (9755e24ca85a..., userDataDir: C:\Windows\SystemTemp\scope...}, fedcm:accounts: true, goog:chromeOptions: {debuggerAddress: localhost:62560}, networkConnectionEnabled: false, pageLoadStrategy: normal, platformName: windows, proxy: Proxy(), se:cdp: ws://localhost:62560/devtoo..., se:cdpVersion: 127.0.6533.72, setWindowRect: true, strictFileInteractability: false, timeouts: {implicit: 0, pageLoad: 300000, script: 30000}, unhandledPromptBehavior: dismiss and notify, webauthn:extension:credBlob: true, webauthn:extension:largeBlob: true, webauthn:extension:minPinLength: true, webauthn:extension:prf: true, webauthn:virtualAuthenticators: true}&#10;Element: [[ChromeDriver: chrome on windows (bc45cc33ecd8d7f3594b01e09f1ef21b)] -&gt; id: otp-match-now]&#10;Session ID: bc45cc33ecd8d7f3594b01e09f1ef21b"/>
  </testcase>
  <testcase name="testEditCompanyInfoAndClickNext" classname="tests.CompanyInfoTest" time="0.0">
    <skipped message="element not interactable&#10;  (Session info: chrome=127.0.6533.72)&#10;Build info: version: &apos;4.22.0&apos;, revision: &apos;c5f3146703*&apos;&#10;System info: os.name: &apos;Windows 11&apos;, os.arch: &apos;amd64&apos;, os.version: &apos;10.0&apos;, java.version: &apos;21.0.3&apos;&#10;Driver info: org.openqa.selenium.chrome.ChromeDriver&#10;Command: [bc45cc33ecd8d7f3594b01e09f1ef21b, clickElement {id=f.9845BA9A7ADAA1099D9FD97C3461980B.d.EFE04C64557573E1A47B83E2EEE17EED.e.30}]&#10;Capabilities {acceptInsecureCerts: false, browserName: chrome, browserVersion: 127.0.6533.72, chrome: {chromedriverVersion: 127.0.6533.72 (9755e24ca85a..., userDataDir: C:\Windows\SystemTemp\scope...}, fedcm:accounts: true, goog:chromeOptions: {debuggerAddress: localhost:62560}, networkConnectionEnabled: false, pageLoadStrategy: normal, platformName: windows, proxy: Proxy(), se:cdp: ws://localhost:62560/devtoo..., se:cdpVersion: 127.0.6533.72, setWindowRect: true, strictFileInteractability: false, timeouts: {implicit: 0, pageLoad: 300000, script: 30000}, unhandledPromptBehavior: dismiss and notify, webauthn:extension:credBlob: true, webauthn:extension:largeBlob: true, webauthn:extension:minPinLength: true, webauthn:extension:prf: true, webauthn:virtualAuthenticators: true}&#10;Element: [[ChromeDriver: chrome on windows (bc45cc33ecd8d7f3594b01e09f1ef21b)] -&gt; id: otp-match-now]&#10;Session ID: bc45cc33ecd8d7f3594b01e09f1ef21b"/>
  </testcase>
  <testcase name="testEmptySearchInput" classname="tests.CompanyInfoTest" time="0.0">
    <skipped message="element not interactable&#10;  (Session info: chrome=127.0.6533.72)&#10;Build info: version: &apos;4.22.0&apos;, revision: &apos;c5f3146703*&apos;&#10;System info: os.name: &apos;Windows 11&apos;, os.arch: &apos;amd64&apos;, os.version: &apos;10.0&apos;, java.version: &apos;21.0.3&apos;&#10;Driver info: org.openqa.selenium.chrome.ChromeDriver&#10;Command: [bc45cc33ecd8d7f3594b01e09f1ef21b, clickElement {id=f.9845BA9A7ADAA1099D9FD97C3461980B.d.EFE04C64557573E1A47B83E2EEE17EED.e.30}]&#10;Capabilities {acceptInsecureCerts: false, browserName: chrome, browserVersion: 127.0.6533.72, chrome: {chromedriverVersion: 127.0.6533.72 (9755e24ca85a..., userDataDir: C:\Windows\SystemTemp\scope...}, fedcm:accounts: true, goog:chromeOptions: {debuggerAddress: localhost:62560}, networkConnectionEnabled: false, pageLoadStrategy: normal, platformName: windows, proxy: Proxy(), se:cdp: ws://localhost:62560/devtoo..., se:cdpVersion: 127.0.6533.72, setWindowRect: true, strictFileInteractability: false, timeouts: {implicit: 0, pageLoad: 300000, script: 30000}, unhandledPromptBehavior: dismiss and notify, webauthn:extension:credBlob: true, webauthn:extension:largeBlob: true, webauthn:extension:minPinLength: true, webauthn:extension:prf: true, webauthn:virtualAuthenticators: true}&#10;Element: [[ChromeDriver: chrome on windows (bc45cc33ecd8d7f3594b01e09f1ef21b)] -&gt; id: otp-match-now]&#10;Session ID: bc45cc33ecd8d7f3594b01e09f1ef21b"/>
  </testcase>
  <testcase name="testEnterAlphabetsAndSpecialCharacters" classname="tests.CompanyInfoTest" time="0.0">
    <skipped message="element not interactable&#10;  (Session info: chrome=127.0.6533.72)&#10;Build info: version: &apos;4.22.0&apos;, revision: &apos;c5f3146703*&apos;&#10;System info: os.name: &apos;Windows 11&apos;, os.arch: &apos;amd64&apos;, os.version: &apos;10.0&apos;, java.version: &apos;21.0.3&apos;&#10;Driver info: org.openqa.selenium.chrome.ChromeDriver&#10;Command: [bc45cc33ecd8d7f3594b01e09f1ef21b, clickElement {id=f.9845BA9A7ADAA1099D9FD97C3461980B.d.EFE04C64557573E1A47B83E2EEE17EED.e.30}]&#10;Capabilities {acceptInsecureCerts: false, browserName: chrome, browserVersion: 127.0.6533.72, chrome: {chromedriverVersion: 127.0.6533.72 (9755e24ca85a..., userDataDir: C:\Windows\SystemTemp\scope...}, fedcm:accounts: true, goog:chromeOptions: {debuggerAddress: localhost:62560}, networkConnectionEnabled: false, pageLoadStrategy: normal, platformName: windows, proxy: Proxy(), se:cdp: ws://localhost:62560/devtoo..., se:cdpVersion: 127.0.6533.72, setWindowRect: true, strictFileInteractability: false, timeouts: {implicit: 0, pageLoad: 300000, script: 30000}, unhandledPromptBehavior: dismiss and notify, webauthn:extension:credBlob: true, webauthn:extension:largeBlob: true, webauthn:extension:minPinLength: true, webauthn:extension:prf: true, webauthn:virtualAuthenticators: true}&#10;Element: [[ChromeDriver: chrome on windows (bc45cc33ecd8d7f3594b01e09f1ef21b)] -&gt; id: otp-match-now]&#10;Session ID: bc45cc33ecd8d7f3594b01e09f1ef21b"/>
  </testcase>
  <testcase name="testEnterAlphabetsInPincode" classname="tests.CompanyInfoTest" time="0.0">
    <skipped message="element not interactable&#10;  (Session info: chrome=127.0.6533.72)&#10;Build info: version: &apos;4.22.0&apos;, revision: &apos;c5f3146703*&apos;&#10;System info: os.name: &apos;Windows 11&apos;, os.arch: &apos;amd64&apos;, os.version: &apos;10.0&apos;, java.version: &apos;21.0.3&apos;&#10;Driver info: org.openqa.selenium.chrome.ChromeDriver&#10;Command: [bc45cc33ecd8d7f3594b01e09f1ef21b, clickElement {id=f.9845BA9A7ADAA1099D9FD97C3461980B.d.EFE04C64557573E1A47B83E2EEE17EED.e.30}]&#10;Capabilities {acceptInsecureCerts: false, browserName: chrome, browserVersion: 127.0.6533.72, chrome: {chromedriverVersion: 127.0.6533.72 (9755e24ca85a..., userDataDir: C:\Windows\SystemTemp\scope...}, fedcm:accounts: true, goog:chromeOptions: {debuggerAddress: localhost:62560}, networkConnectionEnabled: false, pageLoadStrategy: normal, platformName: windows, proxy: Proxy(), se:cdp: ws://localhost:62560/devtoo..., se:cdpVersion: 127.0.6533.72, setWindowRect: true, strictFileInteractability: false, timeouts: {implicit: 0, pageLoad: 300000, script: 30000}, unhandledPromptBehavior: dismiss and notify, webauthn:extension:credBlob: true, webauthn:extension:largeBlob: true, webauthn:extension:minPinLength: true, webauthn:extension:prf: true, webauthn:virtualAuthenticators: true}&#10;Element: [[ChromeDriver: chrome on windows (bc45cc33ecd8d7f3594b01e09f1ef21b)] -&gt; id: otp-match-now]&#10;Session ID: bc45cc33ecd8d7f3594b01e09f1ef21b"/>
  </testcase>
  <testcase name="testEnterAlphanumericIFSCCode" classname="tests.CompanyInfoTest" time="0.0">
    <skipped message="element not interactable&#10;  (Session info: chrome=127.0.6533.72)&#10;Build info: version: &apos;4.22.0&apos;, revision: &apos;c5f3146703*&apos;&#10;System info: os.name: &apos;Windows 11&apos;, os.arch: &apos;amd64&apos;, os.version: &apos;10.0&apos;, java.version: &apos;21.0.3&apos;&#10;Driver info: org.openqa.selenium.chrome.ChromeDriver&#10;Command: [bc45cc33ecd8d7f3594b01e09f1ef21b, clickElement {id=f.9845BA9A7ADAA1099D9FD97C3461980B.d.EFE04C64557573E1A47B83E2EEE17EED.e.30}]&#10;Capabilities {acceptInsecureCerts: false, browserName: chrome, browserVersion: 127.0.6533.72, chrome: {chromedriverVersion: 127.0.6533.72 (9755e24ca85a..., userDataDir: C:\Windows\SystemTemp\scope...}, fedcm:accounts: true, goog:chromeOptions: {debuggerAddress: localhost:62560}, networkConnectionEnabled: false, pageLoadStrategy: normal, platformName: windows, proxy: Proxy(), se:cdp: ws://localhost:62560/devtoo..., se:cdpVersion: 127.0.6533.72, setWindowRect: true, strictFileInteractability: false, timeouts: {implicit: 0, pageLoad: 300000, script: 30000}, unhandledPromptBehavior: dismiss and notify, webauthn:extension:credBlob: true, webauthn:extension:largeBlob: true, webauthn:extension:minPinLength: true, webauthn:extension:prf: true, webauthn:virtualAuthenticators: true}&#10;Element: [[ChromeDriver: chrome on windows (bc45cc33ecd8d7f3594b01e09f1ef21b)] -&gt; id: otp-match-now]&#10;Session ID: bc45cc33ecd8d7f3594b01e09f1ef21b"/>
  </testcase>
  <testcase name="testEnterAppName" classname="tests.CompanyInfoTest" time="0.0">
    <skipped message="element not interactable&#10;  (Session info: chrome=127.0.6533.72)&#10;Build info: version: &apos;4.22.0&apos;, revision: &apos;c5f3146703*&apos;&#10;System info: os.name: &apos;Windows 11&apos;, os.arch: &apos;amd64&apos;, os.version: &apos;10.0&apos;, java.version: &apos;21.0.3&apos;&#10;Driver info: org.openqa.selenium.chrome.ChromeDriver&#10;Command: [bc45cc33ecd8d7f3594b01e09f1ef21b, clickElement {id=f.9845BA9A7ADAA1099D9FD97C3461980B.d.EFE04C64557573E1A47B83E2EEE17EED.e.30}]&#10;Capabilities {acceptInsecureCerts: false, browserName: chrome, browserVersion: 127.0.6533.72, chrome: {chromedriverVersion: 127.0.6533.72 (9755e24ca85a..., userDataDir: C:\Windows\SystemTemp\scope...}, fedcm:accounts: true, goog:chromeOptions: {debuggerAddress: localhost:62560}, networkConnectionEnabled: false, pageLoadStrategy: normal, platformName: windows, proxy: Proxy(), se:cdp: ws://localhost:62560/devtoo..., se:cdpVersion: 127.0.6533.72, setWindowRect: true, strictFileInteractability: false, timeouts: {implicit: 0, pageLoad: 300000, script: 30000}, unhandledPromptBehavior: dismiss and notify, webauthn:extension:credBlob: true, webauthn:extension:largeBlob: true, webauthn:extension:minPinLength: true, webauthn:extension:prf: true, webauthn:virtualAuthenticators: true}&#10;Element: [[ChromeDriver: chrome on windows (bc45cc33ecd8d7f3594b01e09f1ef21b)] -&gt; id: otp-match-now]&#10;Session ID: bc45cc33ecd8d7f3594b01e09f1ef21b"/>
  </testcase>
  <testcase name="testEnterNumberMoreThan100Percent" classname="tests.CompanyInfoTest" time="0.0">
    <skipped message="element not interactable&#10;  (Session info: chrome=127.0.6533.72)&#10;Build info: version: &apos;4.22.0&apos;, revision: &apos;c5f3146703*&apos;&#10;System info: os.name: &apos;Windows 11&apos;, os.arch: &apos;amd64&apos;, os.version: &apos;10.0&apos;, java.version: &apos;21.0.3&apos;&#10;Driver info: org.openqa.selenium.chrome.ChromeDriver&#10;Command: [bc45cc33ecd8d7f3594b01e09f1ef21b, clickElement {id=f.9845BA9A7ADAA1099D9FD97C3461980B.d.EFE04C64557573E1A47B83E2EEE17EED.e.30}]&#10;Capabilities {acceptInsecureCerts: false, browserName: chrome, browserVersion: 127.0.6533.72, chrome: {chromedriverVersion: 127.0.6533.72 (9755e24ca85a..., userDataDir: C:\Windows\SystemTemp\scope...}, fedcm:accounts: true, goog:chromeOptions: {debuggerAddress: localhost:62560}, networkConnectionEnabled: false, pageLoadStrategy: normal, platformName: windows, proxy: Proxy(), se:cdp: ws://localhost:62560/devtoo..., se:cdpVersion: 127.0.6533.72, setWindowRect: true, strictFileInteractability: false, timeouts: {implicit: 0, pageLoad: 300000, script: 30000}, unhandledPromptBehavior: dismiss and notify, webauthn:extension:credBlob: true, webauthn:extension:largeBlob: true, webauthn:extension:minPinLength: true, webauthn:extension:prf: true, webauthn:virtualAuthenticators: true}&#10;Element: [[ChromeDriver: chrome on windows (bc45cc33ecd8d7f3594b01e09f1ef21b)] -&gt; id: otp-match-now]&#10;Session ID: bc45cc33ecd8d7f3594b01e09f1ef21b"/>
  </testcase>
  <testcase name="testEnterValidAccountHolderName" classname="tests.CompanyInfoTest" time="0.0">
    <skipped message="element not interactable&#10;  (Session info: chrome=127.0.6533.72)&#10;Build info: version: &apos;4.22.0&apos;, revision: &apos;c5f3146703*&apos;&#10;System info: os.name: &apos;Windows 11&apos;, os.arch: &apos;amd64&apos;, os.version: &apos;10.0&apos;, java.version: &apos;21.0.3&apos;&#10;Driver info: org.openqa.selenium.chrome.ChromeDriver&#10;Command: [bc45cc33ecd8d7f3594b01e09f1ef21b, clickElement {id=f.9845BA9A7ADAA1099D9FD97C3461980B.d.EFE04C64557573E1A47B83E2EEE17EED.e.30}]&#10;Capabilities {acceptInsecureCerts: false, browserName: chrome, browserVersion: 127.0.6533.72, chrome: {chromedriverVersion: 127.0.6533.72 (9755e24ca85a..., userDataDir: C:\Windows\SystemTemp\scope...}, fedcm:accounts: true, goog:chromeOptions: {debuggerAddress: localhost:62560}, networkConnectionEnabled: false, pageLoadStrategy: normal, platformName: windows, proxy: Proxy(), se:cdp: ws://localhost:62560/devtoo..., se:cdpVersion: 127.0.6533.72, setWindowRect: true, strictFileInteractability: false, timeouts: {implicit: 0, pageLoad: 300000, script: 30000}, unhandledPromptBehavior: dismiss and notify, webauthn:extension:credBlob: true, webauthn:extension:largeBlob: true, webauthn:extension:minPinLength: true, webauthn:extension:prf: true, webauthn:virtualAuthenticators: true}&#10;Element: [[ChromeDriver: chrome on windows (bc45cc33ecd8d7f3594b01e09f1ef21b)] -&gt; id: otp-match-now]&#10;Session ID: bc45cc33ecd8d7f3594b01e09f1ef21b"/>
  </testcase>
  <testcase name="testEnterValidDetailsAndClickDraft" classname="tests.CompanyInfoTest" time="0.0">
    <skipped message="element not interactable&#10;  (Session info: chrome=127.0.6533.72)&#10;Build info: version: &apos;4.22.0&apos;, revision: &apos;c5f3146703*&apos;&#10;System info: os.name: &apos;Windows 11&apos;, os.arch: &apos;amd64&apos;, os.version: &apos;10.0&apos;, java.version: &apos;21.0.3&apos;&#10;Driver info: org.openqa.selenium.chrome.ChromeDriver&#10;Command: [bc45cc33ecd8d7f3594b01e09f1ef21b, clickElement {id=f.9845BA9A7ADAA1099D9FD97C3461980B.d.EFE04C64557573E1A47B83E2EEE17EED.e.30}]&#10;Capabilities {acceptInsecureCerts: false, browserName: chrome, browserVersion: 127.0.6533.72, chrome: {chromedriverVersion: 127.0.6533.72 (9755e24ca85a..., userDataDir: C:\Windows\SystemTemp\scope...}, fedcm:accounts: true, goog:chromeOptions: {debuggerAddress: localhost:62560}, networkConnectionEnabled: false, pageLoadStrategy: normal, platformName: windows, proxy: Proxy(), se:cdp: ws://localhost:62560/devtoo..., se:cdpVersion: 127.0.6533.72, setWindowRect: true, strictFileInteractability: false, timeouts: {implicit: 0, pageLoad: 300000, script: 30000}, unhandledPromptBehavior: dismiss and notify, webauthn:extension:credBlob: true, webauthn:extension:largeBlob: true, webauthn:extension:minPinLength: true, webauthn:extension:prf: true, webauthn:virtualAuthenticators: true}&#10;Element: [[ChromeDriver: chrome on windows (bc45cc33ecd8d7f3594b01e09f1ef21b)] -&gt; id: otp-match-now]&#10;Session ID: bc45cc33ecd8d7f3594b01e09f1ef21b"/>
  </testcase>
  <testcase name="testEnterValidIFSCCode" classname="tests.CompanyInfoTest" time="0.0">
    <skipped message="element not interactable&#10;  (Session info: chrome=127.0.6533.72)&#10;Build info: version: &apos;4.22.0&apos;, revision: &apos;c5f3146703*&apos;&#10;System info: os.name: &apos;Windows 11&apos;, os.arch: &apos;amd64&apos;, os.version: &apos;10.0&apos;, java.version: &apos;21.0.3&apos;&#10;Driver info: org.openqa.selenium.chrome.ChromeDriver&#10;Command: [bc45cc33ecd8d7f3594b01e09f1ef21b, clickElement {id=f.9845BA9A7ADAA1099D9FD97C3461980B.d.EFE04C64557573E1A47B83E2EEE17EED.e.30}]&#10;Capabilities {acceptInsecureCerts: false, browserName: chrome, browserVersion: 127.0.6533.72, chrome: {chromedriverVersion: 127.0.6533.72 (9755e24ca85a..., userDataDir: C:\Windows\SystemTemp\scope...}, fedcm:accounts: true, goog:chromeOptions: {debuggerAddress: localhost:62560}, networkConnectionEnabled: false, pageLoadStrategy: normal, platformName: windows, proxy: Proxy(), se:cdp: ws://localhost:62560/devtoo..., se:cdpVersion: 127.0.6533.72, setWindowRect: true, strictFileInteractability: false, timeouts: {implicit: 0, pageLoad: 300000, script: 30000}, unhandledPromptBehavior: dismiss and notify, webauthn:extension:credBlob: true, webauthn:extension:largeBlob: true, webauthn:extension:minPinLength: true, webauthn:extension:prf: true, webauthn:virtualAuthenticators: true}&#10;Element: [[ChromeDriver: chrome on windows (bc45cc33ecd8d7f3594b01e09f1ef21b)] -&gt; id: otp-match-now]&#10;Session ID: bc45cc33ecd8d7f3594b01e09f1ef21b"/>
  </testcase>
  <testcase name="testEnterValidPincode" classname="tests.CompanyInfoTest" time="0.0">
    <skipped message="element not interactable&#10;  (Session info: chrome=127.0.6533.72)&#10;Build info: version: &apos;4.22.0&apos;, revision: &apos;c5f3146703*&apos;&#10;System info: os.name: &apos;Windows 11&apos;, os.arch: &apos;amd64&apos;, os.version: &apos;10.0&apos;, java.version: &apos;21.0.3&apos;&#10;Driver info: org.openqa.selenium.chrome.ChromeDriver&#10;Command: [bc45cc33ecd8d7f3594b01e09f1ef21b, clickElement {id=f.9845BA9A7ADAA1099D9FD97C3461980B.d.EFE04C64557573E1A47B83E2EEE17EED.e.30}]&#10;Capabilities {acceptInsecureCerts: false, browserName: chrome, browserVersion: 127.0.6533.72, chrome: {chromedriverVersion: 127.0.6533.72 (9755e24ca85a..., userDataDir: C:\Windows\SystemTemp\scope...}, fedcm:accounts: true, goog:chromeOptions: {debuggerAddress: localhost:62560}, networkConnectionEnabled: false, pageLoadStrategy: normal, platformName: windows, proxy: Proxy(), se:cdp: ws://localhost:62560/devtoo..., se:cdpVersion: 127.0.6533.72, setWindowRect: true, strictFileInteractability: false, timeouts: {implicit: 0, pageLoad: 300000, script: 30000}, unhandledPromptBehavior: dismiss and notify, webauthn:extension:credBlob: true, webauthn:extension:largeBlob: true, webauthn:extension:minPinLength: true, webauthn:extension:prf: true, webauthn:virtualAuthenticators: true}&#10;Element: [[ChromeDriver: chrome on windows (bc45cc33ecd8d7f3594b01e09f1ef21b)] -&gt; id: otp-match-now]&#10;Session ID: bc45cc33ecd8d7f3594b01e09f1ef21b"/>
  </testcase>
  <testcase name="testEnterValidUrlInAppUrlField" classname="tests.CompanyInfoTest" time="0.0">
    <skipped message="element not interactable&#10;  (Session info: chrome=127.0.6533.72)&#10;Build info: version: &apos;4.22.0&apos;, revision: &apos;c5f3146703*&apos;&#10;System info: os.name: &apos;Windows 11&apos;, os.arch: &apos;amd64&apos;, os.version: &apos;10.0&apos;, java.version: &apos;21.0.3&apos;&#10;Driver info: org.openqa.selenium.chrome.ChromeDriver&#10;Command: [bc45cc33ecd8d7f3594b01e09f1ef21b, clickElement {id=f.9845BA9A7ADAA1099D9FD97C3461980B.d.EFE04C64557573E1A47B83E2EEE17EED.e.30}]&#10;Capabilities {acceptInsecureCerts: false, browserName: chrome, browserVersion: 127.0.6533.72, chrome: {chromedriverVersion: 127.0.6533.72 (9755e24ca85a..., userDataDir: C:\Windows\SystemTemp\scope...}, fedcm:accounts: true, goog:chromeOptions: {debuggerAddress: localhost:62560}, networkConnectionEnabled: false, pageLoadStrategy: normal, platformName: windows, proxy: Proxy(), se:cdp: ws://localhost:62560/devtoo..., se:cdpVersion: 127.0.6533.72, setWindowRect: true, strictFileInteractability: false, timeouts: {implicit: 0, pageLoad: 300000, script: 30000}, unhandledPromptBehavior: dismiss and notify, webauthn:extension:credBlob: true, webauthn:extension:largeBlob: true, webauthn:extension:minPinLength: true, webauthn:extension:prf: true, webauthn:virtualAuthenticators: true}&#10;Element: [[ChromeDriver: chrome on windows (bc45cc33ecd8d7f3594b01e09f1ef21b)] -&gt; id: otp-match-now]&#10;Session ID: bc45cc33ecd8d7f3594b01e09f1ef21b"/>
  </testcase>
  <testcase name="testEnterValidWebhookUrl" classname="tests.CompanyInfoTest" time="0.0">
    <skipped message="element not interactable&#10;  (Session info: chrome=127.0.6533.72)&#10;Build info: version: &apos;4.22.0&apos;, revision: &apos;c5f3146703*&apos;&#10;System info: os.name: &apos;Windows 11&apos;, os.arch: &apos;amd64&apos;, os.version: &apos;10.0&apos;, java.version: &apos;21.0.3&apos;&#10;Driver info: org.openqa.selenium.chrome.ChromeDriver&#10;Command: [bc45cc33ecd8d7f3594b01e09f1ef21b, clickElement {id=f.9845BA9A7ADAA1099D9FD97C3461980B.d.EFE04C64557573E1A47B83E2EEE17EED.e.30}]&#10;Capabilities {acceptInsecureCerts: false, browserName: chrome, browserVersion: 127.0.6533.72, chrome: {chromedriverVersion: 127.0.6533.72 (9755e24ca85a..., userDataDir: C:\Windows\SystemTemp\scope...}, fedcm:accounts: true, goog:chromeOptions: {debuggerAddress: localhost:62560}, networkConnectionEnabled: false, pageLoadStrategy: normal, platformName: windows, proxy: Proxy(), se:cdp: ws://localhost:62560/devtoo..., se:cdpVersion: 127.0.6533.72, setWindowRect: true, strictFileInteractability: false, timeouts: {implicit: 0, pageLoad: 300000, script: 30000}, unhandledPromptBehavior: dismiss and notify, webauthn:extension:credBlob: true, webauthn:extension:largeBlob: true, webauthn:extension:minPinLength: true, webauthn:extension:prf: true, webauthn:virtualAuthenticators: true}&#10;Element: [[ChromeDriver: chrome on windows (bc45cc33ecd8d7f3594b01e09f1ef21b)] -&gt; id: otp-match-now]&#10;Session ID: bc45cc33ecd8d7f3594b01e09f1ef21b"/>
  </testcase>
  <testcase name="testEnterValuesAndAddWebApp" classname="tests.CompanyInfoTest" time="0.0">
    <skipped message="element not interactable&#10;  (Session info: chrome=127.0.6533.72)&#10;Build info: version: &apos;4.22.0&apos;, revision: &apos;c5f3146703*&apos;&#10;System info: os.name: &apos;Windows 11&apos;, os.arch: &apos;amd64&apos;, os.version: &apos;10.0&apos;, java.version: &apos;21.0.3&apos;&#10;Driver info: org.openqa.selenium.chrome.ChromeDriver&#10;Command: [bc45cc33ecd8d7f3594b01e09f1ef21b, clickElement {id=f.9845BA9A7ADAA1099D9FD97C3461980B.d.EFE04C64557573E1A47B83E2EEE17EED.e.30}]&#10;Capabilities {acceptInsecureCerts: false, browserName: chrome, browserVersion: 127.0.6533.72, chrome: {chromedriverVersion: 127.0.6533.72 (9755e24ca85a..., userDataDir: C:\Windows\SystemTemp\scope...}, fedcm:accounts: true, goog:chromeOptions: {debuggerAddress: localhost:62560}, networkConnectionEnabled: false, pageLoadStrategy: normal, platformName: windows, proxy: Proxy(), se:cdp: ws://localhost:62560/devtoo..., se:cdpVersion: 127.0.6533.72, setWindowRect: true, strictFileInteractability: false, timeouts: {implicit: 0, pageLoad: 300000, script: 30000}, unhandledPromptBehavior: dismiss and notify, webauthn:extension:credBlob: true, webauthn:extension:largeBlob: true, webauthn:extension:minPinLength: true, webauthn:extension:prf: true, webauthn:virtualAuthenticators: true}&#10;Element: [[ChromeDriver: chrome on windows (bc45cc33ecd8d7f3594b01e09f1ef21b)] -&gt; id: otp-match-now]&#10;Session ID: bc45cc33ecd8d7f3594b01e09f1ef21b"/>
  </testcase>
[...]
  </testcase>
  <testcase name="testPasswordVisibilityToggle" classname="tests.VendorRegistrationTest" time="0.0">
    <skipped message="element not interactable&#10;  (Session info: chrome=127.0.6533.72)&#10;Build info: version: &apos;4.22.0&apos;, revision: &apos;c5f3146703*&apos;&#10;System info: os.name: &apos;Windows 11&apos;, os.arch: &apos;amd64&apos;, os.version: &apos;10.0&apos;, java.version: &apos;21.0.3&apos;&#10;Driver info: org.openqa.selenium.chrome.ChromeDriver&#10;Command: [26558a8142ac7a99ef03b71f6472398f, clickElement {id=f.EFAC5BC80FA90D92A4B0C5E8D0E11C5F.d.3515C7F732D3150C0A9F78C59F500596.e.30}]&#10;Capabilities {acceptInsecureCerts: false, browserName: chrome, browserVersion: 127.0.6533.72, chrome: {chromedriverVersion: 127.0.6533.72 (9755e24ca85a..., userDataDir: C:\Windows\SystemTemp\scope...}, fedcm:accounts: true, goog:chromeOptions: {debuggerAddress: localhost:64664}, networkConnectionEnabled: false, pageLoadStrategy: normal, platformName: windows, proxy: Proxy(), se:cdp: ws://localhost:64664/devtoo..., se:cdpVersion: 127.0.6533.72, setWindowRect: true, strictFileInteractability: false, timeouts: {implicit: 0, pageLoad: 300000, script: 30000}, unhandledPromptBehavior: dismiss and notify, webauthn:extension:credBlob: true, webauthn:extension:largeBlob: true, webauthn:extension:minPinLength: true, webauthn:extension:prf: true, webauthn:virtualAuthenticators: true}&#10;Element: [[ChromeDriver: chrome on windows (26558a8142ac7a99ef03b71f6472398f)] -&gt; id: otp-match-now]&#10;Session ID: 26558a8142ac7a99ef03b71f6472398f"/>
  </testcase>
  <testcase name="testSelectState" classname="tests.VendorRegistrationTest" time="0.0">
    <skipped message="element not interactable&#10;  (Session info: chrome=127.0.6533.72)&#10;Build info: version: &apos;4.22.0&apos;, revision: &apos;c5f3146703*&apos;&#10;System info: os.name: &apos;Windows 11&apos;, os.arch: &apos;amd64&apos;, os.version: &apos;10.0&apos;, java.version: &apos;21.0.3&apos;&#10;Driver info: org.openqa.selenium.chrome.ChromeDriver&#10;Command: [26558a8142ac7a99ef03b71f6472398f, clickElement {id=f.EFAC5BC80FA90D92A4B0C5E8D0E11C5F.d.3515C7F732D3150C0A9F78C59F500596.e.30}]&#10;Capabilities {acceptInsecureCerts: false, browserName: chrome, browserVersion: 127.0.6533.72, chrome: {chromedriverVersion: 127.0.6533.72 (9755e24ca85a..., userDataDir: C:\Windows\SystemTemp\scope...}, fedcm:accounts: true, goog:chromeOptions: {debuggerAddress: localhost:64664}, networkConnectionEnabled: false, pageLoadStrategy: normal, platformName: windows, proxy: Proxy(), se:cdp: ws://localhost:64664/devtoo..., se:cdpVersion: 127.0.6533.72, setWindowRect: true, strictFileInteractability: false, timeouts: {implicit: 0, pageLoad: 300000, script: 30000}, unhandledPromptBehavior: dismiss and notify, webauthn:extension:credBlob: true, webauthn:extension:largeBlob: true, webauthn:extension:minPinLength: true, webauthn:extension:prf: true, webauthn:virtualAuthenticators: true}&#10;Element: [[ChromeDriver: chrome on windows (26558a8142ac7a99ef03b71f6472398f)] -&gt; id: otp-match-now]&#10;Session ID: 26558a8142ac7a99ef03b71f6472398f"/>
  </testcase>
  <testcase name="testSelectValidBusinessType" classname="tests.VendorRegistrationTest" time="0.0">
    <skipped message="element not interactable&#10;  (Session info: chrome=127.0.6533.72)&#10;Build info: version: &apos;4.22.0&apos;, revision: &apos;c5f3146703*&apos;&#10;System info: os.name: &apos;Windows 11&apos;, os.arch: &apos;amd64&apos;, os.version: &apos;10.0&apos;, java.version: &apos;21.0.3&apos;&#10;Driver info: org.openqa.selenium.chrome.ChromeDriver&#10;Command: [26558a8142ac7a99ef03b71f6472398f, clickElement {id=f.EFAC5BC80FA90D92A4B0C5E8D0E11C5F.d.3515C7F732D3150C0A9F78C59F500596.e.30}]&#10;Capabilities {acceptInsecureCerts: false, browserName: chrome, browserVersion: 127.0.6533.72, chrome: {chromedriverVersion: 127.0.6533.72 (9755e24ca85a..., userDataDir: C:\Windows\SystemTemp\scope...}, fedcm:accounts: true, goog:chromeOptions: {debuggerAddress: localhost:64664}, networkConnectionEnabled: false, pageLoadStrategy: normal, platformName: windows, proxy: Proxy(), se:cdp: ws://localhost:64664/devtoo..., se:cdpVersion: 127.0.6533.72, setWindowRect: true, strictFileInteractability: false, timeouts: {implicit: 0, pageLoad: 300000, script: 30000}, unhandledPromptBehavior: dismiss and notify, webauthn:extension:credBlob: true, webauthn:extension:largeBlob: true, webauthn:extension:minPinLength: true, webauthn:extension:prf: true, webauthn:virtualAuthenticators: true}&#10;Element: [[ChromeDriver: chrome on windows (26558a8142ac7a99ef03b71f6472398f)] -&gt; id: otp-match-now]&#10;Session ID: 26558a8142ac7a99ef03b71f6472398f"/>
  </testcase>
  <testcase name="testSpecialAndNumericValuesInCompanyName" classname="tests.VendorRegistrationTest" time="0.0">
    <skipped message="element not interactable&#10;  (Session info: chrome=127.0.6533.72)&#10;Build info: version: &apos;4.22.0&apos;, revision: &apos;c5f3146703*&apos;&#10;System info: os.name: &apos;Windows 11&apos;, os.arch: &apos;amd64&apos;, os.version: &apos;10.0&apos;, java.version: &apos;21.0.3&apos;&#10;Driver info: org.openqa.selenium.chrome.ChromeDriver&#10;Command: [26558a8142ac7a99ef03b71f6472398f, clickElement {id=f.EFAC5BC80FA90D92A4B0C5E8D0E11C5F.d.3515C7F732D3150C0A9F78C59F500596.e.30}]&#10;Capabilities {acceptInsecureCerts: false, browserName: chrome, browserVersion: 127.0.6533.72, chrome: {chromedriverVersion: 127.0.6533.72 (9755e24ca85a..., userDataDir: C:\Windows\SystemTemp\scope...}, fedcm:accounts: true, goog:chromeOptions: {debuggerAddress: localhost:64664}, networkConnectionEnabled: false, pageLoadStrategy: normal, platformName: windows, proxy: Proxy(), se:cdp: ws://localhost:64664/devtoo..., se:cdpVersion: 127.0.6533.72, setWindowRect: true, strictFileInteractability: false, timeouts: {implicit: 0, pageLoad: 300000, script: 30000}, unhandledPromptBehavior: dismiss and notify, webauthn:extension:credBlob: true, webauthn:extension:largeBlob: true, webauthn:extension:minPinLength: true, webauthn:extension:prf: true, webauthn:virtualAuthenticators: true}&#10;Element: [[ChromeDriver: chrome on windows (26558a8142ac7a99ef03b71f6472398f)] -&gt; id: otp-match-now]&#10;Session ID: 26558a8142ac7a99ef03b71f6472398f"/>
  </testcase>
  <testcase name="testValidCityName" classname="tests.VendorRegistrationTest" time="0.0">
    <skipped message="element not interactable&#10;  (Session info: chrome=127.0.6533.72)&#10;Build info: version: &apos;4.22.0&apos;, revision: &apos;c5f3146703*&apos;&#10;System info: os.name: &apos;Windows 11&apos;, os.arch: &apos;amd64&apos;, os.version: &apos;10.0&apos;, java.version: &apos;21.0.3&apos;&#10;Driver info: org.openqa.selenium.chrome.ChromeDriver&#10;Command: [26558a8142ac7a99ef03b71f6472398f, clickElement {id=f.EFAC5BC80FA90D92A4B0C5E8D0E11C5F.d.3515C7F732D3150C0A9F78C59F500596.e.30}]&#10;Capabilities {acceptInsecureCerts: false, browserName: chrome, browserVersion: 127.0.6533.72, chrome: {chromedriverVersion: 127.0.6533.72 (9755e24ca85a..., userDataDir: C:\Windows\SystemTemp\scope...}, fedcm:accounts: true, goog:chromeOptions: {debuggerAddress: localhost:64664}, networkConnectionEnabled: false, pageLoadStrategy: normal, platformName: windows, proxy: Proxy(), se:cdp: ws://localhost:64664/devtoo..., se:cdpVersion: 127.0.6533.72, setWindowRect: true, strictFileInteractability: false, timeouts: {implicit: 0, pageLoad: 300000, script: 30000}, unhandledPromptBehavior: dismiss and notify, webauthn:extension:credBlob: true, webauthn:extension:largeBlob: true, webauthn:extension:minPinLength: true, webauthn:extension:prf: true, webauthn:virtualAuthenticators: true}&#10;Element: [[ChromeDriver: chrome on windows (26558a8142ac7a99ef03b71f6472398f)] -&gt; id: otp-match-now]&#10;Session ID: 26558a8142ac7a99ef03b71f6472398f"/>
  </testcase>
  <testcase name="testValidCompanyAddressSubmission" classname="tests.VendorRegistrationTest" time="0.0">
    <skipped message="element not interactable&#10;  (Session info: chrome=127.0.6533.72)&#10;Build info: version: &apos;4.22.0&apos;, revision: &apos;c5f3146703*&apos;&#10;System info: os.name: &apos;Windows 11&apos;, os.arch: &apos;amd64&apos;, os.version: &apos;10.0&apos;, java.version: &apos;21.0.3&apos;&#10;Driver info: org.openqa.selenium.chrome.ChromeDriver&#10;Command: [26558a8142ac7a99ef03b71f6472398f, clickElement {id=f.EFAC5BC80FA90D92A4B0C5E8D0E11C5F.d.3515C7F732D3150C0A9F78C59F500596.e.30}]&#10;Capabilities {acceptInsecureCerts: false, browserName: chrome, browserVersion: 127.0.6533.72, chrome: {chromedriverVersion: 127.0.6533.72 (9755e24ca85a..., userDataDir: C:\Windows\SystemTemp\scope...}, fedcm:accounts: true, goog:chromeOptions: {debuggerAddress: localhost:64664}, networkConnectionEnabled: false, pageLoadStrategy: normal, platformName: windows, proxy: Proxy(), se:cdp: ws://localhost:64664/devtoo..., se:cdpVersion: 127.0.6533.72, setWindowRect: true, strictFileInteractability: false, timeouts: {implicit: 0, pageLoad: 300000, script: 30000}, unhandledPromptBehavior: dismiss and notify, webauthn:extension:credBlob: true, webauthn:extension:largeBlob: true, webauthn:extension:minPinLength: true, webauthn:extension:prf: true, webauthn:virtualAuthenticators: true}&#10;Element: [[ChromeDriver: chrome on windows (26558a8142ac7a99ef03b71f6472398f)] -&gt; id: otp-match-now]&#10;Session ID: 26558a8142ac7a99ef03b71f6472398f"/>
  </testcase>
  <testcase name="testValidCompanyNameInput" classname="tests.VendorRegistrationTest" time="0.0">
    <skipped message="element not interactable&#10;  (Session info: chrome=127.0.6533.72)&#10;Build info: version: &apos;4.22.0&apos;, revision: &apos;c5f3146703*&apos;&#10;System info: os.name: &apos;Windows 11&apos;, os.arch: &apos;amd64&apos;, os.version: &apos;10.0&apos;, java.version: &apos;21.0.3&apos;&#10;Driver info: org.openqa.selenium.chrome.ChromeDriver&#10;Command: [26558a8142ac7a99ef03b71f6472398f, clickElement {id=f.EFAC5BC80FA90D92A4B0C5E8D0E11C5F.d.3515C7F732D3150C0A9F78C59F500596.e.30}]&#10;Capabilities {acceptInsecureCerts: false, browserName: chrome, browserVersion: 127.0.6533.72, chrome: {chromedriverVersion: 127.0.6533.72 (9755e24ca85a..., userDataDir: C:\Windows\SystemTemp\scope...}, fedcm:accounts: true, goog:chromeOptions: {debuggerAddress: localhost:64664}, networkConnectionEnabled: false, pageLoadStrategy: normal, platformName: windows, proxy: Proxy(), se:cdp: ws://localhost:64664/devtoo..., se:cdpVersion: 127.0.6533.72, setWindowRect: true, strictFileInteractability: false, timeouts: {implicit: 0, pageLoad: 300000, script: 30000}, unhandledPromptBehavior: dismiss and notify, webauthn:extension:credBlob: true, webauthn:extension:largeBlob: true, webauthn:extension:minPinLength: true, webauthn:extension:prf: true, webauthn:virtualAuthenticators: true}&#10;Element: [[ChromeDriver: chrome on windows (26558a8142ac7a99ef03b71f6472398f)] -&gt; id: otp-match-now]&#10;Session ID: 26558a8142ac7a99ef03b71f6472398f"/>
  </testcase>
  <testcase name="testVendorMenuVisibilityAndClickability" classname="tests.VendorRegistrationTest" time="0.0">
    <skipped message="element not interactable&#10;  (Session info: chrome=127.0.6533.72)&#10;Build info: version: &apos;4.22.0&apos;, revision: &apos;c5f3146703*&apos;&#10;System info: os.name: &apos;Windows 11&apos;, os.arch: &apos;amd64&apos;, os.version: &apos;10.0&apos;, java.version: &apos;21.0.3&apos;&#10;Driver info: org.openqa.selenium.chrome.ChromeDriver&#10;Command: [26558a8142ac7a99ef03b71f6472398f, clickElement {id=f.EFAC5BC80FA90D92A4B0C5E8D0E11C5F.d.3515C7F732D3150C0A9F78C59F500596.e.30}]&#10;Capabilities {acceptInsecureCerts: false, browserName: chrome, browserVersion: 127.0.6533.72, chrome: {chromedriverVersion: 127.0.6533.72 (9755e24ca85a..., userDataDir: C:\Windows\SystemTemp\scope...}, fedcm:accounts: true, goog:chromeOptions: {debuggerAddress: localhost:64664}, networkConnectionEnabled: false, pageLoadStrategy: normal, platformName: windows, proxy: Proxy(), se:cdp: ws://localhost:64664/devtoo..., se:cdpVersion: 127.0.6533.72, setWindowRect: true, strictFileInteractability: false, timeouts: {implicit: 0, pageLoad: 300000, script: 30000}, unhandledPromptBehavior: dismiss and notify, webauthn:extension:credBlob: true, webauthn:extension:largeBlob: true, webauthn:extension:minPinLength: true, webauthn:extension:prf: true, webauthn:virtualAuthenticators: true}&#10;Element: [[ChromeDriver: chrome on windows (26558a8142ac7a99ef03b71f6472398f)] -&gt; id: otp-match-now]&#10;Session ID: 26558a8142ac7a99ef03b71f6472398f"/>
  </testcase>
  <testcase name="testVendorOnboardingMenuVisibilityAndClickability" classname="tests.VendorRegistrationTest" time="0.0">
    <skipped message="element not interactable&#10;  (Session info: chrome=127.0.6533.72)&#10;Build info: version: &apos;4.22.0&apos;, revision: &apos;c5f3146703*&apos;&#10;System info: os.name: &apos;Windows 11&apos;, os.arch: &apos;amd64&apos;, os.version: &apos;10.0&apos;, java.version: &apos;21.0.3&apos;&#10;Driver info: org.openqa.selenium.chrome.ChromeDriver&#10;Command: [26558a8142ac7a99ef03b71f6472398f, clickElement {id=f.EFAC5BC80FA90D92A4B0C5E8D0E11C5F.d.3515C7F732D3150C0A9F78C59F500596.e.30}]&#10;Capabilities {acceptInsecureCerts: false, browserName: chrome, browserVersion: 127.0.6533.72, chrome: {chromedriverVersion: 127.0.6533.72 (9755e24ca85a..., userDataDir: C:\Windows\SystemTemp\scope...}, fedcm:accounts: true, goog:chromeOptions: {debuggerAddress: localhost:64664}, networkConnectionEnabled: false, pageLoadStrategy: normal, platformName: windows, proxy: Proxy(), se:cdp: ws://localhost:64664/devtoo..., se:cdpVersion: 127.0.6533.72, setWindowRect: true, strictFileInteractability: false, timeouts: {implicit: 0, pageLoad: 300000, script: 30000}, unhandledPromptBehavior: dismiss and notify, webauthn:extension:credBlob: true, webauthn:extension:largeBlob: true, webauthn:extension:minPinLength: true, webauthn:extension:prf: true, webauthn:virtualAuthenticators: true}&#10;Element: [[ChromeDriver: chrome on windows (26558a8142ac7a99ef03b71f6472398f)] -&gt; id: otp-match-now]&#10;Session ID: 26558a8142ac7a99ef03b71f6472398f"/>
  </testcase>
  <testcase name="testWeakPassword" classname="tests.VendorRegistrationTest" time="0.0">
    <skipped message="element not interactable&#10;  (Session info: chrome=127.0.6533.72)&#10;Build info: version: &apos;4.22.0&apos;, revision: &apos;c5f3146703*&apos;&#10;System info: os.name: &apos;Windows 11&apos;, os.arch: &apos;amd64&apos;, os.version: &apos;10.0&apos;, java.version: &apos;21.0.3&apos;&#10;Driver info: org.openqa.selenium.chrome.ChromeDriver&#10;Command: [26558a8142ac7a99ef03b71f6472398f, clickElement {id=f.EFAC5BC80FA90D92A4B0C5E8D0E11C5F.d.3515C7F732D3150C0A9F78C59F500596.e.30}]&#10;Capabilities {acceptInsecureCerts: false, browserName: chrome, browserVersion: 127.0.6533.72, chrome: {chromedriverVersion: 127.0.6533.72 (9755e24ca85a..., userDataDir: C:\Windows\SystemTemp\scope...}, fedcm:accounts: true, goog:chromeOptions: {debuggerAddress: localhost:64664}, networkConnectionEnabled: false, pageLoadStrategy: normal, platformName: windows, proxy: Proxy(), se:cdp: ws://localhost:64664/devtoo..., se:cdpVersion: 127.0.6533.72, setWindowRect: true, strictFileInteractability: false, timeouts: {implicit: 0, pageLoad: 300000, script: 30000}, unhandledPromptBehavior: dismiss and notify, webauthn:extension:credBlob: true, webauthn:extension:largeBlob: true, webauthn:extension:minPinLength: true, webauthn:extension:prf: true, webauthn:virtualAuthenticators: true}&#10;Element: [[ChromeDriver: chrome on windows (26558a8142ac7a99ef03b71f6472398f)] -&gt; id: otp-match-now]&#10;Session ID: 26558a8142ac7a99ef03b71f6472398f"/>
  </testcase>
  <testcase name="uploadFileVendorAgreement" classname="tests.VendorRegistrationTest" time="0.0">
    <skipped message="element not interactable&#10;  (Session info: chrome=127.0.6533.72)&#10;Build info: version: &apos;4.22.0&apos;, revision: &apos;c5f3146703*&apos;&#10;System info: os.name: &apos;Windows 11&apos;, os.arch: &apos;amd64&apos;, os.version: &apos;10.0&apos;, java.version: &apos;21.0.3&apos;&#10;Driver info: org.openqa.selenium.chrome.ChromeDriver&#10;Command: [26558a8142ac7a99ef03b71f6472398f, clickElement {id=f.EFAC5BC80FA90D92A4B0C5E8D0E11C5F.d.3515C7F732D3150C0A9F78C59F500596.e.30}]&#10;Capabilities {acceptInsecureCerts: false, browserName: chrome, browserVersion: 127.0.6533.72, chrome: {chromedriverVersion: 127.0.6533.72 (9755e24ca85a..., userDataDir: C:\Windows\SystemTemp\scope...}, fedcm:accounts: true, goog:chromeOptions: {debuggerAddress: localhost:64664}, networkConnectionEnabled: false, pageLoadStrategy: normal, platformName: windows, proxy: Proxy(), se:cdp: ws://localhost:64664/devtoo..., se:cdpVersion: 127.0.6533.72, setWindowRect: true, strictFileInteractability: false, timeouts: {implicit: 0, pageLoad: 300000, script: 30000}, unhandledPromptBehavior: dismiss and notify, webauthn:extension:credBlob: true, webauthn:extension:largeBlob: true, webauthn:extension:minPinLength: true, webauthn:extension:prf: true, webauthn:virtualAuthenticators: true}&#10;Element: [[ChromeDriver: chrome on windows (26558a8142ac7a99ef03b71f6472398f)] -&gt; id: otp-match-now]&#10;Session ID: 26558a8142ac7a99ef03b71f6472398f"/>
  </testcase>
  <testcase name="uploadInvalidFileFormatVendorAgreement" classname="tests.VendorRegistrationTest" time="0.0">
    <skipped message="element not interactable&#10;  (Session info: chrome=127.0.6533.72)&#10;Build info: version: &apos;4.22.0&apos;, revision: &apos;c5f3146703*&apos;&#10;System info: os.name: &apos;Windows 11&apos;, os.arch: &apos;amd64&apos;, os.version: &apos;10.0&apos;, java.version: &apos;21.0.3&apos;&#10;Driver info: org.openqa.selenium.chrome.ChromeDriver&#10;Command: [26558a8142ac7a99ef03b71f6472398f, clickElement {id=f.EFAC5BC80FA90D92A4B0C5E8D0E11C5F.d.3515C7F732D3150C0A9F78C59F500596.e.30}]&#10;Capabilities {acceptInsecureCerts: false, browserName: chrome, browserVersion: 127.0.6533.72, chrome: {chromedriverVersion: 127.0.6533.72 (9755e24ca85a..., userDataDir: C:\Windows\SystemTemp\scope...}, fedcm:accounts: true, goog:chromeOptions: {debuggerAddress: localhost:64664}, networkConnectionEnabled: false, pageLoadStrategy: normal, platformName: windows, proxy: Proxy(), se:cdp: ws://localhost:64664/devtoo..., se:cdpVersion: 127.0.6533.72, setWindowRect: true, strictFileInteractability: false, timeouts: {implicit: 0, pageLoad: 300000, script: 30000}, unhandledPromptBehavior: dismiss and notify, webauthn:extension:credBlob: true, webauthn:extension:largeBlob: true, webauthn:extension:minPinLength: true, webauthn:extension:prf: true, webauthn:virtualAuthenticators: true}&#10;Element: [[ChromeDriver: chrome on windows (26558a8142ac7a99ef03b71f6472398f)] -&gt; id: otp-match-now]&#10;Session ID: 26558a8142ac7a99ef03b71f6472398f"/>
  </testcase>
</testsuite>