<?xml version="1.0" encoding="UTF-8"?>
<testng-results ignored="0" total="12" passed="12" failed="0" skipped="0">
  <reporter-output>
  </reporter-output>
  <suite started-at="2024-07-29T14:36:17 IST" name="Suite" finished-at="2024-07-29T14:39:57 IST" duration-ms="220227">
    <groups>
    </groups>
    <test started-at="2024-07-29T14:36:17 IST" name="Test" finished-at="2024-07-29T14:39:57 IST" duration-ms="220227">
      <class name="tests.VendorListTest">
        <test-method is-config="true" signature="setup()[pri:0, instance:tests.VendorListTest@6e9175d8]" started-at="2024-07-29T14:36:17 IST" name="setup" finished-at="2024-07-29T14:36:22 IST" duration-ms="4679" status="PASS">
          <reporter-output>
          </reporter-output>
        </test-method> <!-- setup -->
        <test-method is-config="true" signature="vendorList()[pri:0, instance:tests.VendorListTest@6e9175d8]" started-at="2024-07-29T14:36:22 IST" name="vendorList" finished-at="2024-07-29T14:36:29 IST" duration-ms="6669" status="PASS">
          <reporter-output>
          </reporter-output>
        </test-method> <!-- vendorList -->
        <test-method signature="testAddVendorNavigation()[pri:0, instance:tests.VendorListTest@6e9175d8]" started-at="2024-07-29T14:36:29 IST" name="testAddVendorNavigation" description="TC_AXP_ADM_VENOB_47" finished-at="2024-07-29T14:36:35 IST" duration-ms="6653" status="PASS">
          <reporter-output>
          </reporter-output>
        </test-method> <!-- testAddVendorNavigation -->
        <test-method is-config="true" signature="tearDown()[pri:0, instance:tests.VendorListTest@6e9175d8]" started-at="2024-07-29T14:36:35 IST" name="tearDown" finished-at="2024-07-29T14:36:39 IST" duration-ms="3301" status="PASS">
          <reporter-output>
          </reporter-output>
        </test-method> <!-- tearDown -->
        <test-method is-config="true" signature="setup()[pri:0, instance:tests.VendorListTest@6e9175d8]" started-at="2024-07-29T14:36:39 IST" name="setup" finished-at="2024-07-29T14:36:41 IST" duration-ms="2322" status="PASS">
          <reporter-output>
          </reporter-output>
        </test-method> <!-- setup -->
        <test-method is-config="true" signature="vendorList()[pri:0, instance:tests.VendorListTest@6e9175d8]" started-at="2024-07-29T14:36:41 IST" name="vendorList" finished-at="2024-07-29T14:36:48 IST" duration-ms="6594" status="PASS">
          <reporter-output>
          </reporter-output>
        </test-method> <!-- vendorList -->
        <test-method signature="testClickingCompletedButtonDisplaysCompletedItems()[pri:0, instance:tests.VendorListTest@6e9175d8]" started-at="2024-07-29T14:36:48 IST" name="testClickingCompletedButtonDisplaysCompletedItems" description="TC_AXP_ADM_VENOB_64" finished-at="2024-07-29T14:36:51 IST" duration-ms="3384" status="PASS">
          <reporter-output>
          </reporter-output>
        </test-method> <!-- testClickingCompletedButtonDisplaysCompletedItems -->
        <test-method is-config="true" signature="tearDown()[pri:0, instance:tests.VendorListTest@6e9175d8]" started-at="2024-07-29T14:36:51 IST" name="tearDown" finished-at="2024-07-29T14:36:54 IST" duration-ms="3275" status="PASS">
          <reporter-output>
          </reporter-output>
        </test-method> <!-- tearDown -->
        <test-method is-config="true" signature="setup()[pri:0, instance:tests.VendorListTest@6e9175d8]" started-at="2024-07-29T14:36:54 IST" name="setup" finished-at="2024-07-29T14:36:57 IST" duration-ms="2236" status="PASS">
          <reporter-output>
          </reporter-output>
        </test-method> <!-- setup -->
        <test-method is-config="true" signature="vendorList()[pri:0, instance:tests.VendorListTest@6e9175d8]" started-at="2024-07-29T14:36:57 IST" name="vendorList" finished-at="2024-07-29T14:37:03 IST" duration-ms="6527" status="PASS">
          <reporter-output>
          </reporter-output>
        </test-method> <!-- vendorList -->
        <test-method signature="testClickingImageOpensModalWithCorrectBankDetails()[pri:0, instance:tests.VendorListTest@6e9175d8]" started-at="2024-07-29T14:37:03 IST" name="testClickingImageOpensModalWithCorrectBankDetails" description="TC_AXP_ADM_VENOB_51 // TC_AXP_ADM_VENOB_52" finished-at="2024-07-29T14:37:07 IST" duration-ms="3716" status="PASS">
          <reporter-output>
          </reporter-output>
        </test-method> <!-- testClickingImageOpensModalWithCorrectBankDetails -->
        <test-method is-config="true" signature="tearDown()[pri:0, instance:tests.VendorListTest@6e9175d8]" started-at="2024-07-29T14:37:07 IST" name="tearDown" finished-at="2024-07-29T14:37:10 IST" duration-ms="3343" status="PASS">
          <reporter-output>
          </reporter-output>
        </test-method> <!-- tearDown -->
        <test-method is-config="true" signature="setup()[pri:0, instance:tests.VendorListTest@6e9175d8]" started-at="2024-07-29T14:37:10 IST" name="setup" finished-at="2024-07-29T14:37:12 IST" duration-ms="2329" status="PASS">
          <reporter-output>
          </reporter-output>
        </test-method> <!-- setup -->
        <test-method is-config="true" signature="vendorList()[pri:0, instance:tests.VendorListTest@6e9175d8]" started-at="2024-07-29T14:37:12 IST" name="vendorList" finished-at="2024-07-29T14:37:19 IST" duration-ms="6580" status="PASS">
          <reporter-output>
          </reporter-output>
        </test-method> <!-- vendorList -->
        <test-method signature="testCopyPasteSearchField()[pri:0, instance:tests.VendorListTest@6e9175d8]" started-at="2024-07-29T14:37:19 IST" name="testCopyPasteSearchField" description="TC_AXP_ADM_VENOB_53" finished-at="2024-07-29T14:37:26 IST" duration-ms="6803" status="PASS">
          <reporter-output>
          </reporter-output>
        </test-method> <!-- testCopyPasteSearchField -->
        <test-method is-config="true" signature="tearDown()[pri:0, instance:tests.VendorListTest@6e9175d8]" started-at="2024-07-29T14:37:26 IST" name="tearDown" finished-at="2024-07-29T14:37:29 IST" duration-ms="3291" status="PASS">
          <reporter-output>
          </reporter-output>
        </test-method> <!-- tearDown -->
        <test-method is-config="true" signature="setup()[pri:0, instance:tests.VendorListTest@6e9175d8]" started-at="2024-07-29T14:37:29 IST" name="setup" finished-at="2024-07-29T14:37:32 IST" duration-ms="2412" status="PASS">
          <reporter-output>
          </reporter-output>
        </test-method> <!-- setup -->
        <test-method is-config="true" signature="vendorList()[pri:0, instance:tests.VendorListTest@6e9175d8]" started-at="2024-07-29T14:37:32 IST" name="vendorList" finished-at="2024-07-29T14:37:38 IST" duration-ms="6524" status="PASS">
          <reporter-output>
          </reporter-output>
        </test-method> <!-- vendorList -->
        <test-method signature="testEditBusinessInfo()[pri:0, instance:tests.VendorListTest@6e9175d8]" started-at="2024-07-29T14:37:38 IST" name="testEditBusinessInfo" description="TC_AXP_ADM_VENOB_46" finished-at="2024-07-29T14:37:41 IST" duration-ms="3219" status="PASS">
          <reporter-output>
          </reporter-output>
        </test-method> <!-- testEditBusinessInfo -->
        <test-method is-config="true" signature="tearDown()[pri:0, instance:tests.VendorListTest@6e9175d8]" started-at="2024-07-29T14:37:41 IST" name="tearDown" finished-at="2024-07-29T14:37:46 IST" duration-ms="4842" status="PASS">
          <reporter-output>
          </reporter-output>
        </test-method> <!-- tearDown -->
        <test-method is-config="true" signature="setup()[pri:0, instance:tests.VendorListTest@6e9175d8]" started-at="2024-07-29T14:37:46 IST" name="setup" finished-at="2024-07-29T14:37:49 IST" duration-ms="2343" status="PASS">
          <reporter-output>
          </reporter-output>
        </test-method> <!-- setup -->
        <test-method is-config="true" signature="vendorList()[pri:0, instance:tests.VendorListTest@6e9175d8]" started-at="2024-07-29T14:37:49 IST" name="vendorList" finished-at="2024-07-29T14:37:55 IST" duration-ms="6575" status="PASS">
          <reporter-output>
          </reporter-output>
        </test-method> <!-- vendorList -->
        <test-method signature="testEditButtonOpensEditingInterface()[pri:0, instance:tests.VendorListTest@6e9175d8]" started-at="2024-07-29T14:37:55 IST" name="testEditButtonOpensEditingInterface" description="TC_AXP_ADM_VENOB_55" finished-at="2024-07-29T14:37:59 IST" duration-ms="3474" status="PASS">
          <reporter-output>
          </reporter-output>
        </test-method> <!-- testEditButtonOpensEditingInterface -->
        <test-method is-config="true" signature="tearDown()[pri:0, instance:tests.VendorListTest@6e9175d8]" started-at="2024-07-29T14:37:59 IST" name="tearDown" finished-at="2024-07-29T14:38:02 IST" duration-ms="3257" status="PASS">
          <reporter-output>
          </reporter-output>
        </test-method> <!-- tearDown -->
        <test-method is-config="true" signature="setup()[pri:0, instance:tests.VendorListTest@6e9175d8]" started-at="2024-07-29T14:38:02 IST" name="setup" finished-at="2024-07-29T14:38:04 IST" duration-ms="2329" status="PASS">
          <reporter-output>
          </reporter-output>
        </test-method> <!-- setup -->
        <test-method is-config="true" signature="vendorList()[pri:0, instance:tests.VendorListTest@6e9175d8]" started-at="2024-07-29T14:38:04 IST" name="vendorList" finished-at="2024-07-29T14:38:11 IST" duration-ms="6565" status="PASS">
          <reporter-output>
          </reporter-output>
        </test-method> <!-- vendorList -->
        <test-method signature="testInValidSearchQuery()[pri:0, instance:tests.VendorListTest@6e9175d8]" started-at="2024-07-29T14:38:11 IST" name="testInValidSearchQuery" description="TC_AXP_ADM_VENOB_49 // TC_AXP_ADM_VENOB_50" finished-at="2024-07-29T14:38:17 IST" duration-ms="6345" status="PASS">
          <reporter-output>
          </reporter-output>
        </test-method> <!-- testInValidSearchQuery -->
        <test-method is-config="true" signature="tearDown()[pri:0, instance:tests.VendorListTest@6e9175d8]" started-at="2024-07-29T14:38:17 IST" name="tearDown" finished-at="2024-07-29T14:38:20 IST" duration-ms="3245" status="PASS">
          <reporter-output>
          </reporter-output>
        </test-method> <!-- tearDown -->
        <test-method is-config="true" signature="setup()[pri:0, instance:tests.VendorListTest@6e9175d8]" started-at="2024-07-29T14:38:20 IST" name="setup" finished-at="2024-07-29T14:38:22 IST" duration-ms="2125" status="PASS">
          <reporter-output>
          </reporter-output>
        </test-method> <!-- setup -->
        <test-method is-config="true" signature="vendorList()[pri:0, instance:tests.VendorListTest@6e9175d8]" started-at="2024-07-29T14:38:22 IST" name="vendorList" finished-at="2024-07-29T14:38:29 IST" duration-ms="6541" status="PASS">
          <reporter-output>
          </reporter-output>
        </test-method> <!-- vendorList -->
        <test-method signature="testMerchantsButtonNavigation()[pri:0, instance:tests.VendorListTest@6e9175d8]" started-at="2024-07-29T14:38:29 IST" name="testMerchantsButtonNavigation" description="TC_AXP_ADM_VENOB_63" finished-at="2024-07-29T14:38:32 IST" duration-ms="3499" status="PASS">
          <reporter-output>
          </reporter-output>
        </test-method> <!-- testMerchantsButtonNavigation -->
        <test-method is-config="true" signature="tearDown()[pri:0, instance:tests.VendorListTest@6e9175d8]" started-at="2024-07-29T14:38:32 IST" name="tearDown" finished-at="2024-07-29T14:38:36 IST" duration-ms="3295" status="PASS">
          <reporter-output>
          </reporter-output>
        </test-method> <!-- tearDown -->
        <test-method is-config="true" signature="setup()[pri:0, instance:tests.VendorListTest@6e9175d8]" started-at="2024-07-29T14:38:36 IST" name="setup" finished-at="2024-07-29T14:38:38 IST" duration-ms="2445" status="PASS">
          <reporter-output>
          </reporter-output>
        </test-method> <!-- setup -->
        <test-method is-config="true" signature="vendorList()[pri:0, instance:tests.VendorListTest@6e9175d8]" started-at="2024-07-29T14:38:38 IST" name="vendorList" finished-at="2024-07-29T14:38:45 IST" duration-ms="6552" status="PASS">
          <reporter-output>
          </reporter-output>
        </test-method> <!-- vendorList -->
        <test-method signature="testNavigateToNextPage()[pri:0, instance:tests.VendorListTest@6e9175d8]" started-at="2024-07-29T14:38:45 IST" name="testNavigateToNextPage" description="TC_AXP_ADM_VENOB_59" finished-at="2024-07-29T14:38:51 IST" duration-ms="6338" status="PASS">
          <reporter-output>
          </reporter-output>
        </test-method> <!-- testNavigateToNextPage -->
        <test-method is-config="true" signature="tearDown()[pri:0, instance:tests.VendorListTest@6e9175d8]" started-at="2024-07-29T14:38:51 IST" name="tearDown" finished-at="2024-07-29T14:38:54 IST" duration-ms="3268" status="PASS">
          <reporter-output>
          </reporter-output>
        </test-method> <!-- tearDown -->
        <test-method is-config="true" signature="setup()[pri:0, instance:tests.VendorListTest@6e9175d8]" started-at="2024-07-29T14:38:54 IST" name="setup" finished-at="2024-07-29T14:38:57 IST" duration-ms="2358" status="PASS">
          <reporter-output>
          </reporter-output>
        </test-method> <!-- setup -->
        <test-method is-config="true" signature="vendorList()[pri:0, instance:tests.VendorListTest@6e9175d8]" started-at="2024-07-29T14:38:57 IST" name="vendorList" finished-at="2024-07-29T14:39:03 IST" duration-ms="6594" status="PASS">
          <reporter-output>
          </reporter-output>
        </test-method> <!-- vendorList -->
        <test-method signature="testPrevButtonNavigation()[pri:0, instance:tests.VendorListTest@6e9175d8]" started-at="2024-07-29T14:39:03 IST" name="testPrevButtonNavigation" description="TC_AXP_ADM_VENOB_60" finished-at="2024-07-29T14:39:13 IST" duration-ms="9563" status="PASS">
          <reporter-output>
          </reporter-output>
        </test-method> <!-- testPrevButtonNavigation -->
        <test-method is-config="true" signature="tearDown()[pri:0, instance:tests.VendorListTest@6e9175d8]" started-at="2024-07-29T14:39:13 IST" name="tearDown" finished-at="2024-07-29T14:39:16 IST" duration-ms="3216" status="PASS">
          <reporter-output>
          </reporter-output>
        </test-method> <!-- tearDown -->
        <test-method is-config="true" signature="setup()[pri:0, instance:tests.VendorListTest@6e9175d8]" started-at="2024-07-29T14:39:16 IST" name="setup" finished-at="2024-07-29T14:39:18 IST" duration-ms="2339" status="PASS">
          <reporter-output>
          </reporter-output>
        </test-method> <!-- setup -->
        <test-method is-config="true" signature="vendorList()[pri:0, instance:tests.VendorListTest@6e9175d8]" started-at="2024-07-29T14:39:18 IST" name="vendorList" finished-at="2024-07-29T14:39:25 IST" duration-ms="6608" status="PASS">
          <reporter-output>
          </reporter-output>
        </test-method> <!-- vendorList -->
        <test-method signature="testValidSearchQuery()[pri:0, instance:tests.VendorListTest@6e9175d8]" started-at="2024-07-29T14:39:25 IST" name="testValidSearchQuery" description="TC_AXP_ADM_VENOB_48" finished-at="2024-07-29T14:39:31 IST" duration-ms="6388" status="PASS">
          <reporter-output>
          </reporter-output>
        </test-method> <!-- testValidSearchQuery -->
        <test-method is-config="true" signature="tearDown()[pri:0, instance:tests.VendorListTest@6e9175d8]" started-at="2024-07-29T14:39:31 IST" name="tearDown" finished-at="2024-07-29T14:39:35 IST" duration-ms="3233" status="PASS">
          <reporter-output>
          </reporter-output>
        </test-method> <!-- tearDown -->
        <test-method is-config="true" signature="setup()[pri:0, instance:tests.VendorListTest@6e9175d8]" started-at="2024-07-29T14:39:35 IST" name="setup" finished-at="2024-07-29T14:39:37 IST" duration-ms="2313" status="PASS">
          <reporter-output>
          </reporter-output>
        </test-method> <!-- setup -->
        <test-method is-config="true" signature="vendorList()[pri:0, instance:tests.VendorListTest@6e9175d8]" started-at="2024-07-29T14:39:37 IST" name="vendorList" finished-at="2024-07-29T14:39:44 IST" duration-ms="6578" status="PASS">
          <reporter-output>
          </reporter-output>
        </test-method> <!-- vendorList -->
        <test-method signature="testVerifyMerchantButtonClick()[pri:0, instance:tests.VendorListTest@6e9175d8]" started-at="2024-07-29T14:39:44 IST" name="testVerifyMerchantButtonClick" finished-at="2024-07-29T14:39:54 IST" duration-ms="10423" status="PASS">
          <reporter-output>
          </reporter-output>
        </test-method> <!-- testVerifyMerchantButtonClick -->
        <test-method is-config="true" signature="tearDown()[pri:0, instance:tests.VendorListTest@6e9175d8]" started-at="2024-07-29T14:39:54 IST" name="tearDown" finished-at="2024-07-29T14:39:57 IST" duration-ms="3265" status="PASS">
          <reporter-output>
          </reporter-output>
        </test-method> <!-- tearDown -->
      </class> <!-- tests.VendorListTest -->
    </test> <!-- Test -->
  </suite> <!-- Suite -->
</testng-results>
